<?xml version="1.0" encoding="UTF-8"?>
<testsuite xmlns:xsi="http://www.w3.org/2001/XMLSchema-instance" xsi:noNamespaceSchemaLocation="https://maven.apache.org/surefire/maven-surefire-plugin/xsd/surefire-test-report-3.0.xsd" version="3.0" name="org.acme.getting.started.GreetingResourceTest" time="7.974" tests="2" errors="0" skipped="0" failures="0">
  <properties>
    <property name="awt.toolkit" value="sun.awt.X11.XToolkit"/>
    <property name="java.specification.version" value="11"/>
    <property name="sun.cpu.isalist" value=""/>
    <property name="test.url" value="http://localhost:8081"/>
    <property name="sun.jnu.encoding" value="ANSI_X3.4-1968"/>
    <property name="java.class.path" value="/projects/quarkus-quickstarts/getting-started/target/test-classes:/projects/quarkus-quickstarts/getting-started/target/classes:/home/jboss/.m2/repository/io/quarkus/quarkus-resteasy/1.13.7.Final/quarkus-resteasy-1.13.7.Final.jar:/home/jboss/.m2/repository/io/quarkus/quarkus-vertx-http/1.13.7.Final/quarkus-vertx-http-1.13.7.Final.jar:/home/jboss/.m2/repository/io/quarkus/quarkus-security-runtime-spi/1.13.7.Final/quarkus-security-runtime-spi-1.13.7.Final.jar:/home/jboss/.m2/repository/io/quarkus/quarkus-vertx-http-dev-console-runtime-spi/1.13.7.Final/quarkus-vertx-http-dev-console-runtime-spi-1.13.7.Final.jar:/home/jboss/.m2/repository/io/quarkus/arc/arc/1.13.7.Final/arc-1.13.7.Final.jar:/home/jboss/.m2/repository/jakarta/transaction/jakarta.transaction-api/1.3.3/jakarta.transaction-api-1.3.3.jar:/home/jboss/.m2/repository/io/quarkus/security/quarkus-security/1.1.4.Final/quarkus-security-1.1.4.Final.jar:/home/jboss/.m2/repository/io/smallrye/reactive/mutiny/0.14.0/mutiny-0.14.0.jar:/home/jboss/.m2/repository/org/reactivestreams/reactive-streams/1.0.3/reactive-streams-1.0.3.jar:/home/jboss/.m2/repository/io/quarkus/quarkus-vertx-core/1.13.7.Final/quarkus-vertx-core-1.13.7.Final.jar:/home/jboss/.m2/repository/io/quarkus/quarkus-netty/1.13.7.Final/quarkus-netty-1.13.7.Final.jar:/home/jboss/.m2/repository/io/netty/netty-codec/4.1.49.Final/netty-codec-4.1.49.Final.jar:/home/jboss/.m2/repository/io/netty/netty-handler/4.1.49.Final/netty-handler-4.1.49.Final.jar:/home/jboss/.m2/repository/io/vertx/vertx-core/3.9.6/vertx-core-3.9.6.jar:/home/jboss/.m2/repository/io/netty/netty-common/4.1.49.Final/netty-common-4.1.49.Final.jar:/home/jboss/.m2/repository/io/netty/netty-buffer/4.1.49.Final/netty-buffer-4.1.49.Final.jar:/home/jboss/.m2/repository/io/netty/netty-transport/4.1.49.Final/netty-transport-4.1.49.Final.jar:/home/jboss/.m2/repository/io/netty/netty-handler-proxy/4.1.49.Final/netty-handler-proxy-4.1.49.Final.jar:/home/jboss/.m2/repository/io/netty/netty-codec-socks/4.1.49.Final/netty-codec-socks-4.1.49.Final.jar:/home/jboss/.m2/repository/io/netty/netty-codec-http/4.1.49.Final/netty-codec-http-4.1.49.Final.jar:/home/jboss/.m2/repository/io/netty/netty-codec-http2/4.1.49.Final/netty-codec-http2-4.1.49.Final.jar:/home/jboss/.m2/repository/io/netty/netty-resolver/4.1.49.Final/netty-resolver-4.1.49.Final.jar:/home/jboss/.m2/repository/io/netty/netty-resolver-dns/4.1.49.Final/netty-resolver-dns-4.1.49.Final.jar:/home/jboss/.m2/repository/io/netty/netty-codec-dns/4.1.49.Final/netty-codec-dns-4.1.49.Final.jar:/home/jboss/.m2/repository/com/fasterxml/jackson/core/jackson-core/2.12.3/jackson-core-2.12.3.jar:/home/jboss/.m2/repository/io/vertx/vertx-web/3.9.6/vertx-web-3.9.6.jar:/home/jboss/.m2/repository/io/vertx/vertx-web-common/3.9.6/vertx-web-common-3.9.6.jar:/home/jboss/.m2/repository/io/vertx/vertx-auth-common/3.9.6/vertx-auth-common-3.9.6.jar:/home/jboss/.m2/repository/io/vertx/vertx-bridge-common/3.9.6/vertx-bridge-common-3.9.6.jar:/home/jboss/.m2/repository/io/quarkus/quarkus-resteasy-server-common/1.13.7.Final/quarkus-resteasy-server-common-1.13.7.Final.jar:/home/jboss/.m2/repository/io/quarkus/quarkus-arc/1.13.7.Final/quarkus-arc-1.13.7.Final.jar:/home/jboss/.m2/repository/org/eclipse/microprofile/context-propagation/microprofile-context-propagation-api/1.0.1/microprofile-context-propagation-api-1.0.1.jar:/home/jboss/.m2/repository/io/quarkus/quarkus-resteasy-common/1.13.7.Final/quarkus-resteasy-common-1.13.7.Final.jar:/home/jboss/.m2/repository/org/jboss/resteasy/resteasy-core/4.5.12.Final/resteasy-core-4.5.12.Final.jar:/home/jboss/.m2/repository/org/jboss/spec/javax/ws/rs/jboss-jaxrs-api_2.1_spec/2.0.1.Final/jboss-jaxrs-api_2.1_spec-2.0.1.Final.jar:/home/jboss/.m2/repository/org/jboss/spec/javax/xml/bind/jboss-jaxb-api_2.3_spec/2.0.0.Final/jboss-jaxb-api_2.3_spec-2.0.0.Final.jar:/home/jboss/.m2/repository/org/jboss/resteasy/resteasy-core-spi/4.5.12.Final/resteasy-core-spi-4.5.12.Final.jar:/home/jboss/.m2/repository/com/ibm/async/asyncutil/0.1.0/asyncutil-0.1.0.jar:/home/jboss/.m2/repository/com/sun/activation/jakarta.activation/1.2.1/jakarta.activation-1.2.1.jar:/home/jboss/.m2/repository/jakarta/validation/jakarta.validation-api/2.0.2/jakarta.validation-api-2.0.2.jar:/home/jboss/.m2/repository/io/quarkus/quarkus-junit5/1.13.7.Final/quarkus-junit5-1.13.7.Final.jar:/home/jboss/.m2/repository/io/quarkus/quarkus-bootstrap-core/1.13.7.Final/quarkus-bootstrap-core-1.13.7.Final.jar:/home/jboss/.m2/repository/io/quarkus/quarkus-bootstrap-app-model/1.13.7.Final/quarkus-bootstrap-app-model-1.13.7.Final.jar:/home/jboss/.m2/repository/io/quarkus/quarkus-bootstrap-maven-resolver/1.13.7.Final/quarkus-bootstrap-maven-resolver-1.13.7.Final.jar:/home/jboss/.m2/repository/org/apache/maven/maven-embedder/3.8.1/maven-embedder-3.8.1.jar:/home/jboss/.m2/repository/org/apache/maven/maven-settings/3.8.1/maven-settings-3.8.1.jar:/home/jboss/.m2/repository/org/apache/maven/maven-core/3.8.1/maven-core-3.8.1.jar:/home/jboss/.m2/repository/org/apache/maven/maven-artifact/3.8.1/maven-artifact-3.8.1.jar:/home/jboss/.m2/repository/org/codehaus/plexus/plexus-component-annotations/2.1.0/plexus-component-annotations-2.1.0.jar:/home/jboss/.m2/repository/org/apache/maven/maven-plugin-api/3.8.1/maven-plugin-api-3.8.1.jar:/home/jboss/.m2/repository/org/apache/maven/maven-model/3.8.1/maven-model-3.8.1.jar:/home/jboss/.m2/repository/org/apache/maven/maven-model-builder/3.8.1/maven-model-builder-3.8.1.jar:/home/jboss/.m2/repository/org/apache/maven/maven-builder-support/3.8.1/maven-builder-support-3.8.1.jar:/home/jboss/.m2/repository/org/apache/maven/resolver/maven-resolver-api/1.6.2/maven-resolver-api-1.6.2.jar:/home/jboss/.m2/repository/org/apache/maven/resolver/maven-resolver-util/1.6.2/maven-resolver-util-1.6.2.jar:/home/jboss/.m2/repository/org/apache/maven/shared/maven-shared-utils/3.2.1/maven-shared-utils-3.2.1.jar:/home/jboss/.m2/repository/commons-io/commons-io/2.8.0/commons-io-2.8.0.jar:/home/jboss/.m2/repository/com/google/inject/guice/4.2.1/guice-4.2.1-no_aop.jar:/home/jboss/.m2/repository/com/google/guava/guava/30.1-jre/guava-30.1-jre.jar:/home/jboss/.m2/repository/com/google/guava/failureaccess/1.0.1/failureaccess-1.0.1.jar:/home/jboss/.m2/repository/com/google/guava/listenablefuture/9999.0-empty-to-avoid-conflict-with-guava/listenablefuture-9999.0-empty-to-avoid-conflict-with-guava.jar:/home/jboss/.m2/repository/org/codehaus/plexus/plexus-utils/3.2.1/plexus-utils-3.2.1.jar:/home/jboss/.m2/repository/org/codehaus/plexus/plexus-classworlds/2.6.0/plexus-classworlds-2.6.0.jar:/home/jboss/.m2/repository/commons-cli/commons-cli/1.4/commons-cli-1.4.jar:/home/jboss/.m2/repository/org/eclipse/sisu/org.eclipse.sisu.plexus/0.3.4/org.eclipse.sisu.plexus-0.3.4.jar:/home/jboss/.m2/repository/org/apache/maven/maven-settings-builder/3.8.1/maven-settings-builder-3.8.1.jar:/home/jboss/.m2/repository/org/codehaus/plexus/plexus-interpolation/1.25/plexus-interpolation-1.25.jar:/home/jboss/.m2/repository/org/sonatype/plexus/plexus-sec-dispatcher/1.4/plexus-sec-dispatcher-1.4.jar:/home/jboss/.m2/repository/org/sonatype/plexus/plexus-cipher/1.4/plexus-cipher-1.4.jar:/home/jboss/.m2/repository/org/apache/maven/maven-resolver-provider/3.8.1/maven-resolver-provider-3.8.1.jar:/home/jboss/.m2/repository/org/apache/maven/maven-repository-metadata/3.8.1/maven-repository-metadata-3.8.1.jar:/home/jboss/.m2/repository/org/apache/maven/resolver/maven-resolver-spi/1.6.2/maven-resolver-spi-1.6.2.jar:/home/jboss/.m2/repository/org/apache/maven/resolver/maven-resolver-impl/1.6.2/maven-resolver-impl-1.6.2.jar:/home/jboss/.m2/repository/org/apache/maven/resolver/maven-resolver-connector-basic/1.6.2/maven-resolver-connector-basic-1.6.2.jar:/home/jboss/.m2/repository/org/apache/maven/resolver/maven-resolver-transport-wagon/1.6.2/maven-resolver-transport-wagon-1.6.2.jar:/home/jboss/.m2/repository/org/apache/maven/wagon/wagon-http/3.4.3/wagon-http-3.4.3.jar:/home/jboss/.m2/repository/org/apache/maven/wagon/wagon-http-shared/3.4.3/wagon-http-shared-3.4.3.jar:/home/jboss/.m2/repository/org/jsoup/jsoup/1.12.1/jsoup-1.12.1.jar:/home/jboss/.m2/repository/org/apache/maven/wagon/wagon-provider-api/3.4.3/wagon-provider-api-3.4.3.jar:/home/jboss/.m2/repository/org/apache/maven/wagon/wagon-file/3.4.3/wagon-file-3.4.3.jar:/home/jboss/.m2/repository/io/quarkus/quarkus-bootstrap-gradle-resolver/1.13.7.Final/quarkus-bootstrap-gradle-resolver-1.13.7.Final.jar:/home/jboss/.m2/repository/io/smallrye/common/smallrye-common-io/1.5.0/smallrye-common-io-1.5.0.jar:/home/jboss/.m2/repository/org/eclipse/sisu/org.eclipse.sisu.inject/0.3.4/org.eclipse.sisu.inject-0.3.4.jar:/home/jboss/.m2/repository/io/quarkus/quarkus-test-common/1.13.7.Final/quarkus-test-common-1.13.7.Final.jar:/home/jboss/.m2/repository/io/quarkus/quarkus-core-deployment/1.13.7.Final/quarkus-core-deployment-1.13.7.Final.jar:/home/jboss/.m2/repository/io/quarkus/gizmo/gizmo/1.0.7.Final/gizmo-1.0.7.Final.jar:/home/jboss/.m2/repository/org/ow2/asm/asm-util/9.1/asm-util-9.1.jar:/home/jboss/.m2/repository/org/ow2/asm/asm-tree/9.1/asm-tree-9.1.jar:/home/jboss/.m2/repository/org/ow2/asm/asm-analysis/9.1/asm-analysis-9.1.jar:/home/jboss/.m2/repository/org/ow2/asm/asm/9.1/asm-9.1.jar:/home/jboss/.m2/repository/io/quarkus/quarkus-class-change-agent/1.13.7.Final/quarkus-class-change-agent-1.13.7.Final.jar:/home/jboss/.m2/repository/io/quarkus/quarkus-devtools-utilities/1.13.7.Final/quarkus-devtools-utilities-1.13.7.Final.jar:/home/jboss/.m2/repository/io/quarkus/quarkus-builder/1.13.7.Final/quarkus-builder-1.13.7.Final.jar:/home/jboss/.m2/repository/io/quarkus/quarkus-jsonp-deployment/1.13.7.Final/quarkus-jsonp-deployment-1.13.7.Final.jar:/home/jboss/.m2/repository/io/quarkus/quarkus-jsonp/1.13.7.Final/quarkus-jsonp-1.13.7.Final.jar:/home/jboss/.m2/repository/org/glassfish/jakarta.json/1.1.6/jakarta.json-1.1.6.jar:/home/jboss/.m2/repository/org/jboss/jandex/2.2.3.Final/jandex-2.2.3.Final.jar:/home/jboss/.m2/repository/org/jboss/logging/commons-logging-jboss-logging/1.0.0.Final/commons-logging-jboss-logging-1.0.0.Final.jar:/home/jboss/.m2/repository/org/junit/jupiter/junit-jupiter/5.7.1/junit-jupiter-5.7.1.jar:/home/jboss/.m2/repository/org/junit/jupiter/junit-jupiter-api/5.7.1/junit-jupiter-api-5.7.1.jar:/home/jboss/.m2/repository/org/apiguardian/apiguardian-api/1.1.0/apiguardian-api-1.1.0.jar:/home/jboss/.m2/repository/org/opentest4j/opentest4j/1.2.0/opentest4j-1.2.0.jar:/home/jboss/.m2/repository/org/junit/platform/junit-platform-commons/1.7.1/junit-platform-commons-1.7.1.jar:/home/jboss/.m2/repository/org/junit/jupiter/junit-jupiter-params/5.7.1/junit-jupiter-params-5.7.1.jar:/home/jboss/.m2/repository/org/junit/jupiter/junit-jupiter-engine/5.7.1/junit-jupiter-engine-5.7.1.jar:/home/jboss/.m2/repository/org/junit/platform/junit-platform-engine/1.7.1/junit-platform-engine-1.7.1.jar:/home/jboss/.m2/repository/io/quarkus/quarkus-core/1.13.7.Final/quarkus-core-1.13.7.Final.jar:/home/jboss/.m2/repository/jakarta/annotation/jakarta.annotation-api/1.3.5/jakarta.annotation-api-1.3.5.jar:/home/jboss/.m2/repository/jakarta/enterprise/jakarta.enterprise.cdi-api/2.0.2/jakarta.enterprise.cdi-api-2.0.2.jar:/home/jboss/.m2/repository/jakarta/el/jakarta.el-api/3.0.3/jakarta.el-api-3.0.3.jar:/home/jboss/.m2/repository/jakarta/interceptor/jakarta.interceptor-api/1.2.5/jakarta.interceptor-api-1.2.5.jar:/home/jboss/.m2/repository/jakarta/inject/jakarta.inject-api/1.0/jakarta.inject-api-1.0.jar:/home/jboss/.m2/repository/io/quarkus/quarkus-ide-launcher/1.13.7.Final/quarkus-ide-launcher-1.13.7.Final.jar:/home/jboss/.m2/repository/io/quarkus/quarkus-development-mode-spi/1.13.7.Final/quarkus-development-mode-spi-1.13.7.Final.jar:/home/jboss/.m2/repository/io/smallrye/config/smallrye-config/1.13.1/smallrye-config-1.13.1.jar:/home/jboss/.m2/repository/org/eclipse/microprofile/config/microprofile-config-api/1.4/microprofile-config-api-1.4.jar:/home/jboss/.m2/repository/io/smallrye/common/smallrye-common-annotation/1.5.0/smallrye-common-annotation-1.5.0.jar:/home/jboss/.m2/repository/io/smallrye/common/smallrye-common-expression/1.5.0/smallrye-common-expression-1.5.0.jar:/home/jboss/.m2/repository/io/smallrye/common/smallrye-common-function/1.5.0/smallrye-common-function-1.5.0.jar:/home/jboss/.m2/repository/io/smallrye/common/smallrye-common-constraint/1.5.0/smallrye-common-constraint-1.5.0.jar:/home/jboss/.m2/repository/io/smallrye/common/smallrye-common-classloader/1.5.0/smallrye-common-classloader-1.5.0.jar:/home/jboss/.m2/repository/io/smallrye/config/smallrye-config-common/1.13.1/smallrye-config-common-1.13.1.jar:/home/jboss/.m2/repository/org/jboss/logging/jboss-logging/3.4.1.Final/jboss-logging-3.4.1.Final.jar:/home/jboss/.m2/repository/org/jboss/logmanager/jboss-logmanager-embedded/1.0.9/jboss-logmanager-embedded-1.0.9.jar:/home/jboss/.m2/repository/org/jboss/logging/jboss-logging-annotations/2.2.0.Final/jboss-logging-annotations-2.2.0.Final.jar:/home/jboss/.m2/repository/org/jboss/threads/jboss-threads/3.2.0.Final/jboss-threads-3.2.0.Final.jar:/home/jboss/.m2/repository/org/slf4j/slf4j-api/1.7.30/slf4j-api-1.7.30.jar:/home/jboss/.m2/repository/org/jboss/slf4j/slf4j-jboss-logmanager/1.1.0.Final/slf4j-jboss-logmanager-1.1.0.Final.jar:/home/jboss/.m2/repository/org/graalvm/sdk/graal-sdk/21.0.0/graal-sdk-21.0.0.jar:/home/jboss/.m2/repository/org/wildfly/common/wildfly-common/1.5.4.Final-format-001/wildfly-common-1.5.4.Final-format-001.jar:/home/jboss/.m2/repository/io/quarkus/quarkus-bootstrap-runner/1.13.7.Final/quarkus-bootstrap-runner-1.13.7.Final.jar:/home/jboss/.m2/repository/io/quarkus/quarkus-datasource-deployment-spi/1.13.7.Final/quarkus-datasource-deployment-spi-1.13.7.Final.jar:/home/jboss/.m2/repository/io/quarkus/quarkus-arc-deployment/1.13.7.Final/quarkus-arc-deployment-1.13.7.Final.jar:/home/jboss/.m2/repository/io/quarkus/quarkus-vertx-http-dev-console-spi/1.13.7.Final/quarkus-vertx-http-dev-console-spi-1.13.7.Final.jar:/home/jboss/.m2/repository/io/quarkus/arc/arc-processor/1.13.7.Final/arc-processor-1.13.7.Final.jar:/home/jboss/.m2/repository/io/quarkus/quarkus-datasource-common/1.13.7.Final/quarkus-datasource-common-1.13.7.Final.jar:/home/jboss/.m2/repository/com/thoughtworks/xstream/xstream/1.4.17/xstream-1.4.17.jar:/home/jboss/.m2/repository/io/github/x-stream/mxparser/1.2.1/mxparser-1.2.1.jar:/home/jboss/.m2/repository/xmlpull/xmlpull/1.1.3.1/xmlpull-1.1.3.1.jar:/home/jboss/.m2/repository/io/rest-assured/rest-assured/4.3.3/rest-assured-4.3.3.jar:/home/jboss/.m2/repository/org/codehaus/groovy/groovy/3.0.7/groovy-3.0.7.jar:/home/jboss/.m2/repository/org/codehaus/groovy/groovy-xml/3.0.7/groovy-xml-3.0.7.jar:/home/jboss/.m2/repository/org/apache/httpcomponents/httpclient/4.5.13/httpclient-4.5.13.jar:/home/jboss/.m2/repository/org/apache/httpcomponents/httpcore/4.4.14/httpcore-4.4.14.jar:/home/jboss/.m2/repository/commons-codec/commons-codec/1.14/commons-codec-1.14.jar:/home/jboss/.m2/repository/org/apache/httpcomponents/httpmime/4.5.13/httpmime-4.5.13.jar:/home/jboss/.m2/repository/org/hamcrest/hamcrest/2.1/hamcrest-2.1.jar:/home/jboss/.m2/repository/org/ccil/cowan/tagsoup/tagsoup/1.2.1/tagsoup-1.2.1.jar:/home/jboss/.m2/repository/io/rest-assured/json-path/4.3.3/json-path-4.3.3.jar:/home/jboss/.m2/repository/org/codehaus/groovy/groovy-json/3.0.7/groovy-json-3.0.7.jar:/home/jboss/.m2/repository/io/rest-assured/rest-assured-common/4.3.3/rest-assured-common-4.3.3.jar:/home/jboss/.m2/repository/io/rest-assured/xml-path/4.3.3/xml-path-4.3.3.jar:/home/jboss/.m2/repository/org/apache/commons/commons-lang3/3.12.0/commons-lang3-3.12.0.jar:/home/jboss/.m2/repository/jakarta/xml/bind/jakarta.xml.bind-api/2.3.3/jakarta.xml.bind-api-2.3.3.jar:/home/jboss/.m2/repository/jakarta/activation/jakarta.activation-api/1.2.1/jakarta.activation-api-1.2.1.jar:/home/jboss/.m2/repository/com/sun/xml/bind/jaxb-impl/2.3.3/jaxb-impl-2.3.3.jar:"/>
    <property name="java.vm.vendor" value="Red Hat, Inc."/>
    <property name="sun.arch.data.model" value="64"/>
    <property name="java.vendor.url" value="https://www.redhat.com/"/>
    <property name="user.timezone" value="GMT"/>
    <property name="java.vm.specification.version" value="11"/>
    <property name="os.name" value="Linux"/>
    <property name="user.country" value="US"/>
    <property name="sun.java.launcher" value="SUN_STANDARD"/>
    <property name="sun.boot.library.path" value="/usr/lib/jvm/java-11-openjdk-11.0.14.0.9-2.el8_5.x86_64/lib"/>
    <property name="sun.java.command" value="/projects/quarkus-quickstarts/getting-started/target/surefire/surefirebooter12580121501811560959.jar /projects/quarkus-quickstarts/getting-started/target/surefire 2022-03-23T15-39-19_733-jvmRun1 surefire17085793426474877963tmp surefire_011139636075152111617tmp"/>
    <property name="jdk.debug" value="release"/>
    <property name="maven.home" value="/opt/apache-maven"/>
    <property name="surefire.test.class.path" value="/projects/quarkus-quickstarts/getting-started/target/test-classes:/projects/quarkus-quickstarts/getting-started/target/classes:/home/jboss/.m2/repository/io/quarkus/quarkus-resteasy/1.13.7.Final/quarkus-resteasy-1.13.7.Final.jar:/home/jboss/.m2/repository/io/quarkus/quarkus-vertx-http/1.13.7.Final/quarkus-vertx-http-1.13.7.Final.jar:/home/jboss/.m2/repository/io/quarkus/quarkus-security-runtime-spi/1.13.7.Final/quarkus-security-runtime-spi-1.13.7.Final.jar:/home/jboss/.m2/repository/io/quarkus/quarkus-vertx-http-dev-console-runtime-spi/1.13.7.Final/quarkus-vertx-http-dev-console-runtime-spi-1.13.7.Final.jar:/home/jboss/.m2/repository/io/quarkus/arc/arc/1.13.7.Final/arc-1.13.7.Final.jar:/home/jboss/.m2/repository/jakarta/transaction/jakarta.transaction-api/1.3.3/jakarta.transaction-api-1.3.3.jar:/home/jboss/.m2/repository/io/quarkus/security/quarkus-security/1.1.4.Final/quarkus-security-1.1.4.Final.jar:/home/jboss/.m2/repository/io/smallrye/reactive/mutiny/0.14.0/mutiny-0.14.0.jar:/home/jboss/.m2/repository/org/reactivestreams/reactive-streams/1.0.3/reactive-streams-1.0.3.jar:/home/jboss/.m2/repository/io/quarkus/quarkus-vertx-core/1.13.7.Final/quarkus-vertx-core-1.13.7.Final.jar:/home/jboss/.m2/repository/io/quarkus/quarkus-netty/1.13.7.Final/quarkus-netty-1.13.7.Final.jar:/home/jboss/.m2/repository/io/netty/netty-codec/4.1.49.Final/netty-codec-4.1.49.Final.jar:/home/jboss/.m2/repository/io/netty/netty-handler/4.1.49.Final/netty-handler-4.1.49.Final.jar:/home/jboss/.m2/repository/io/vertx/vertx-core/3.9.6/vertx-core-3.9.6.jar:/home/jboss/.m2/repository/io/netty/netty-common/4.1.49.Final/netty-common-4.1.49.Final.jar:/home/jboss/.m2/repository/io/netty/netty-buffer/4.1.49.Final/netty-buffer-4.1.49.Final.jar:/home/jboss/.m2/repository/io/netty/netty-transport/4.1.49.Final/netty-transport-4.1.49.Final.jar:/home/jboss/.m2/repository/io/netty/netty-handler-proxy/4.1.49.Final/netty-handler-proxy-4.1.49.Final.jar:/home/jboss/.m2/repository/io/netty/netty-codec-socks/4.1.49.Final/netty-codec-socks-4.1.49.Final.jar:/home/jboss/.m2/repository/io/netty/netty-codec-http/4.1.49.Final/netty-codec-http-4.1.49.Final.jar:/home/jboss/.m2/repository/io/netty/netty-codec-http2/4.1.49.Final/netty-codec-http2-4.1.49.Final.jar:/home/jboss/.m2/repository/io/netty/netty-resolver/4.1.49.Final/netty-resolver-4.1.49.Final.jar:/home/jboss/.m2/repository/io/netty/netty-resolver-dns/4.1.49.Final/netty-resolver-dns-4.1.49.Final.jar:/home/jboss/.m2/repository/io/netty/netty-codec-dns/4.1.49.Final/netty-codec-dns-4.1.49.Final.jar:/home/jboss/.m2/repository/com/fasterxml/jackson/core/jackson-core/2.12.3/jackson-core-2.12.3.jar:/home/jboss/.m2/repository/io/vertx/vertx-web/3.9.6/vertx-web-3.9.6.jar:/home/jboss/.m2/repository/io/vertx/vertx-web-common/3.9.6/vertx-web-common-3.9.6.jar:/home/jboss/.m2/repository/io/vertx/vertx-auth-common/3.9.6/vertx-auth-common-3.9.6.jar:/home/jboss/.m2/repository/io/vertx/vertx-bridge-common/3.9.6/vertx-bridge-common-3.9.6.jar:/home/jboss/.m2/repository/io/quarkus/quarkus-resteasy-server-common/1.13.7.Final/quarkus-resteasy-server-common-1.13.7.Final.jar:/home/jboss/.m2/repository/io/quarkus/quarkus-arc/1.13.7.Final/quarkus-arc-1.13.7.Final.jar:/home/jboss/.m2/repository/org/eclipse/microprofile/context-propagation/microprofile-context-propagation-api/1.0.1/microprofile-context-propagation-api-1.0.1.jar:/home/jboss/.m2/repository/io/quarkus/quarkus-resteasy-common/1.13.7.Final/quarkus-resteasy-common-1.13.7.Final.jar:/home/jboss/.m2/repository/org/jboss/resteasy/resteasy-core/4.5.12.Final/resteasy-core-4.5.12.Final.jar:/home/jboss/.m2/repository/org/jboss/spec/javax/ws/rs/jboss-jaxrs-api_2.1_spec/2.0.1.Final/jboss-jaxrs-api_2.1_spec-2.0.1.Final.jar:/home/jboss/.m2/repository/org/jboss/spec/javax/xml/bind/jboss-jaxb-api_2.3_spec/2.0.0.Final/jboss-jaxb-api_2.3_spec-2.0.0.Final.jar:/home/jboss/.m2/repository/org/jboss/resteasy/resteasy-core-spi/4.5.12.Final/resteasy-core-spi-4.5.12.Final.jar:/home/jboss/.m2/repository/com/ibm/async/asyncutil/0.1.0/asyncutil-0.1.0.jar:/home/jboss/.m2/repository/com/sun/activation/jakarta.activation/1.2.1/jakarta.activation-1.2.1.jar:/home/jboss/.m2/repository/jakarta/validation/jakarta.validation-api/2.0.2/jakarta.validation-api-2.0.2.jar:/home/jboss/.m2/repository/io/quarkus/quarkus-junit5/1.13.7.Final/quarkus-junit5-1.13.7.Final.jar:/home/jboss/.m2/repository/io/quarkus/quarkus-bootstrap-core/1.13.7.Final/quarkus-bootstrap-core-1.13.7.Final.jar:/home/jboss/.m2/repository/io/quarkus/quarkus-bootstrap-app-model/1.13.7.Final/quarkus-bootstrap-app-model-1.13.7.Final.jar:/home/jboss/.m2/repository/io/quarkus/quarkus-bootstrap-maven-resolver/1.13.7.Final/quarkus-bootstrap-maven-resolver-1.13.7.Final.jar:/home/jboss/.m2/repository/org/apache/maven/maven-embedder/3.8.1/maven-embedder-3.8.1.jar:/home/jboss/.m2/repository/org/apache/maven/maven-settings/3.8.1/maven-settings-3.8.1.jar:/home/jboss/.m2/repository/org/apache/maven/maven-core/3.8.1/maven-core-3.8.1.jar:/home/jboss/.m2/repository/org/apache/maven/maven-artifact/3.8.1/maven-artifact-3.8.1.jar:/home/jboss/.m2/repository/org/codehaus/plexus/plexus-component-annotations/2.1.0/plexus-component-annotations-2.1.0.jar:/home/jboss/.m2/repository/org/apache/maven/maven-plugin-api/3.8.1/maven-plugin-api-3.8.1.jar:/home/jboss/.m2/repository/org/apache/maven/maven-model/3.8.1/maven-model-3.8.1.jar:/home/jboss/.m2/repository/org/apache/maven/maven-model-builder/3.8.1/maven-model-builder-3.8.1.jar:/home/jboss/.m2/repository/org/apache/maven/maven-builder-support/3.8.1/maven-builder-support-3.8.1.jar:/home/jboss/.m2/repository/org/apache/maven/resolver/maven-resolver-api/1.6.2/maven-resolver-api-1.6.2.jar:/home/jboss/.m2/repository/org/apache/maven/resolver/maven-resolver-util/1.6.2/maven-resolver-util-1.6.2.jar:/home/jboss/.m2/repository/org/apache/maven/shared/maven-shared-utils/3.2.1/maven-shared-utils-3.2.1.jar:/home/jboss/.m2/repository/commons-io/commons-io/2.8.0/commons-io-2.8.0.jar:/home/jboss/.m2/repository/com/google/inject/guice/4.2.1/guice-4.2.1-no_aop.jar:/home/jboss/.m2/repository/com/google/guava/guava/30.1-jre/guava-30.1-jre.jar:/home/jboss/.m2/repository/com/google/guava/failureaccess/1.0.1/failureaccess-1.0.1.jar:/home/jboss/.m2/repository/com/google/guava/listenablefuture/9999.0-empty-to-avoid-conflict-with-guava/listenablefuture-9999.0-empty-to-avoid-conflict-with-guava.jar:/home/jboss/.m2/repository/org/codehaus/plexus/plexus-utils/3.2.1/plexus-utils-3.2.1.jar:/home/jboss/.m2/repository/org/codehaus/plexus/plexus-classworlds/2.6.0/plexus-classworlds-2.6.0.jar:/home/jboss/.m2/repository/commons-cli/commons-cli/1.4/commons-cli-1.4.jar:/home/jboss/.m2/repository/org/eclipse/sisu/org.eclipse.sisu.plexus/0.3.4/org.eclipse.sisu.plexus-0.3.4.jar:/home/jboss/.m2/repository/org/apache/maven/maven-settings-builder/3.8.1/maven-settings-builder-3.8.1.jar:/home/jboss/.m2/repository/org/codehaus/plexus/plexus-interpolation/1.25/plexus-interpolation-1.25.jar:/home/jboss/.m2/repository/org/sonatype/plexus/plexus-sec-dispatcher/1.4/plexus-sec-dispatcher-1.4.jar:/home/jboss/.m2/repository/org/sonatype/plexus/plexus-cipher/1.4/plexus-cipher-1.4.jar:/home/jboss/.m2/repository/org/apache/maven/maven-resolver-provider/3.8.1/maven-resolver-provider-3.8.1.jar:/home/jboss/.m2/repository/org/apache/maven/maven-repository-metadata/3.8.1/maven-repository-metadata-3.8.1.jar:/home/jboss/.m2/repository/org/apache/maven/resolver/maven-resolver-spi/1.6.2/maven-resolver-spi-1.6.2.jar:/home/jboss/.m2/repository/org/apache/maven/resolver/maven-resolver-impl/1.6.2/maven-resolver-impl-1.6.2.jar:/home/jboss/.m2/repository/org/apache/maven/resolver/maven-resolver-connector-basic/1.6.2/maven-resolver-connector-basic-1.6.2.jar:/home/jboss/.m2/repository/org/apache/maven/resolver/maven-resolver-transport-wagon/1.6.2/maven-resolver-transport-wagon-1.6.2.jar:/home/jboss/.m2/repository/org/apache/maven/wagon/wagon-http/3.4.3/wagon-http-3.4.3.jar:/home/jboss/.m2/repository/org/apache/maven/wagon/wagon-http-shared/3.4.3/wagon-http-shared-3.4.3.jar:/home/jboss/.m2/repository/org/jsoup/jsoup/1.12.1/jsoup-1.12.1.jar:/home/jboss/.m2/repository/org/apache/maven/wagon/wagon-provider-api/3.4.3/wagon-provider-api-3.4.3.jar:/home/jboss/.m2/repository/org/apache/maven/wagon/wagon-file/3.4.3/wagon-file-3.4.3.jar:/home/jboss/.m2/repository/io/quarkus/quarkus-bootstrap-gradle-resolver/1.13.7.Final/quarkus-bootstrap-gradle-resolver-1.13.7.Final.jar:/home/jboss/.m2/repository/io/smallrye/common/smallrye-common-io/1.5.0/smallrye-common-io-1.5.0.jar:/home/jboss/.m2/repository/org/eclipse/sisu/org.eclipse.sisu.inject/0.3.4/org.eclipse.sisu.inject-0.3.4.jar:/home/jboss/.m2/repository/io/quarkus/quarkus-test-common/1.13.7.Final/quarkus-test-common-1.13.7.Final.jar:/home/jboss/.m2/repository/io/quarkus/quarkus-core-deployment/1.13.7.Final/quarkus-core-deployment-1.13.7.Final.jar:/home/jboss/.m2/repository/io/quarkus/gizmo/gizmo/1.0.7.Final/gizmo-1.0.7.Final.jar:/home/jboss/.m2/repository/org/ow2/asm/asm-util/9.1/asm-util-9.1.jar:/home/jboss/.m2/repository/org/ow2/asm/asm-tree/9.1/asm-tree-9.1.jar:/home/jboss/.m2/repository/org/ow2/asm/asm-analysis/9.1/asm-analysis-9.1.jar:/home/jboss/.m2/repository/org/ow2/asm/asm/9.1/asm-9.1.jar:/home/jboss/.m2/repository/io/quarkus/quarkus-class-change-agent/1.13.7.Final/quarkus-class-change-agent-1.13.7.Final.jar:/home/jboss/.m2/repository/io/quarkus/quarkus-devtools-utilities/1.13.7.Final/quarkus-devtools-utilities-1.13.7.Final.jar:/home/jboss/.m2/repository/io/quarkus/quarkus-builder/1.13.7.Final/quarkus-builder-1.13.7.Final.jar:/home/jboss/.m2/repository/io/quarkus/quarkus-jsonp-deployment/1.13.7.Final/quarkus-jsonp-deployment-1.13.7.Final.jar:/home/jboss/.m2/repository/io/quarkus/quarkus-jsonp/1.13.7.Final/quarkus-jsonp-1.13.7.Final.jar:/home/jboss/.m2/repository/org/glassfish/jakarta.json/1.1.6/jakarta.json-1.1.6.jar:/home/jboss/.m2/repository/org/jboss/jandex/2.2.3.Final/jandex-2.2.3.Final.jar:/home/jboss/.m2/repository/org/jboss/logging/commons-logging-jboss-logging/1.0.0.Final/commons-logging-jboss-logging-1.0.0.Final.jar:/home/jboss/.m2/repository/org/junit/jupiter/junit-jupiter/5.7.1/junit-jupiter-5.7.1.jar:/home/jboss/.m2/repository/org/junit/jupiter/junit-jupiter-api/5.7.1/junit-jupiter-api-5.7.1.jar:/home/jboss/.m2/repository/org/apiguardian/apiguardian-api/1.1.0/apiguardian-api-1.1.0.jar:/home/jboss/.m2/repository/org/opentest4j/opentest4j/1.2.0/opentest4j-1.2.0.jar:/home/jboss/.m2/repository/org/junit/platform/junit-platform-commons/1.7.1/junit-platform-commons-1.7.1.jar:/home/jboss/.m2/repository/org/junit/jupiter/junit-jupiter-params/5.7.1/junit-jupiter-params-5.7.1.jar:/home/jboss/.m2/repository/org/junit/jupiter/junit-jupiter-engine/5.7.1/junit-jupiter-engine-5.7.1.jar:/home/jboss/.m2/repository/org/junit/platform/junit-platform-engine/1.7.1/junit-platform-engine-1.7.1.jar:/home/jboss/.m2/repository/io/quarkus/quarkus-core/1.13.7.Final/quarkus-core-1.13.7.Final.jar:/home/jboss/.m2/repository/jakarta/annotation/jakarta.annotation-api/1.3.5/jakarta.annotation-api-1.3.5.jar:/home/jboss/.m2/repository/jakarta/enterprise/jakarta.enterprise.cdi-api/2.0.2/jakarta.enterprise.cdi-api-2.0.2.jar:/home/jboss/.m2/repository/jakarta/el/jakarta.el-api/3.0.3/jakarta.el-api-3.0.3.jar:/home/jboss/.m2/repository/jakarta/interceptor/jakarta.interceptor-api/1.2.5/jakarta.interceptor-api-1.2.5.jar:/home/jboss/.m2/repository/jakarta/inject/jakarta.inject-api/1.0/jakarta.inject-api-1.0.jar:/home/jboss/.m2/repository/io/quarkus/quarkus-ide-launcher/1.13.7.Final/quarkus-ide-launcher-1.13.7.Final.jar:/home/jboss/.m2/repository/io/quarkus/quarkus-development-mode-spi/1.13.7.Final/quarkus-development-mode-spi-1.13.7.Final.jar:/home/jboss/.m2/repository/io/smallrye/config/smallrye-config/1.13.1/smallrye-config-1.13.1.jar:/home/jboss/.m2/repository/org/eclipse/microprofile/config/microprofile-config-api/1.4/microprofile-config-api-1.4.jar:/home/jboss/.m2/repository/io/smallrye/common/smallrye-common-annotation/1.5.0/smallrye-common-annotation-1.5.0.jar:/home/jboss/.m2/repository/io/smallrye/common/smallrye-common-expression/1.5.0/smallrye-common-expression-1.5.0.jar:/home/jboss/.m2/repository/io/smallrye/common/smallrye-common-function/1.5.0/smallrye-common-function-1.5.0.jar:/home/jboss/.m2/repository/io/smallrye/common/smallrye-common-constraint/1.5.0/smallrye-common-constraint-1.5.0.jar:/home/jboss/.m2/repository/io/smallrye/common/smallrye-common-classloader/1.5.0/smallrye-common-classloader-1.5.0.jar:/home/jboss/.m2/repository/io/smallrye/config/smallrye-config-common/1.13.1/smallrye-config-common-1.13.1.jar:/home/jboss/.m2/repository/org/jboss/logging/jboss-logging/3.4.1.Final/jboss-logging-3.4.1.Final.jar:/home/jboss/.m2/repository/org/jboss/logmanager/jboss-logmanager-embedded/1.0.9/jboss-logmanager-embedded-1.0.9.jar:/home/jboss/.m2/repository/org/jboss/logging/jboss-logging-annotations/2.2.0.Final/jboss-logging-annotations-2.2.0.Final.jar:/home/jboss/.m2/repository/org/jboss/threads/jboss-threads/3.2.0.Final/jboss-threads-3.2.0.Final.jar:/home/jboss/.m2/repository/org/slf4j/slf4j-api/1.7.30/slf4j-api-1.7.30.jar:/home/jboss/.m2/repository/org/jboss/slf4j/slf4j-jboss-logmanager/1.1.0.Final/slf4j-jboss-logmanager-1.1.0.Final.jar:/home/jboss/.m2/repository/org/graalvm/sdk/graal-sdk/21.0.0/graal-sdk-21.0.0.jar:/home/jboss/.m2/repository/org/wildfly/common/wildfly-common/1.5.4.Final-format-001/wildfly-common-1.5.4.Final-format-001.jar:/home/jboss/.m2/repository/io/quarkus/quarkus-bootstrap-runner/1.13.7.Final/quarkus-bootstrap-runner-1.13.7.Final.jar:/home/jboss/.m2/repository/io/quarkus/quarkus-datasource-deployment-spi/1.13.7.Final/quarkus-datasource-deployment-spi-1.13.7.Final.jar:/home/jboss/.m2/repository/io/quarkus/quarkus-arc-deployment/1.13.7.Final/quarkus-arc-deployment-1.13.7.Final.jar:/home/jboss/.m2/repository/io/quarkus/quarkus-vertx-http-dev-console-spi/1.13.7.Final/quarkus-vertx-http-dev-console-spi-1.13.7.Final.jar:/home/jboss/.m2/repository/io/quarkus/arc/arc-processor/1.13.7.Final/arc-processor-1.13.7.Final.jar:/home/jboss/.m2/repository/io/quarkus/quarkus-datasource-common/1.13.7.Final/quarkus-datasource-common-1.13.7.Final.jar:/home/jboss/.m2/repository/com/thoughtworks/xstream/xstream/1.4.17/xstream-1.4.17.jar:/home/jboss/.m2/repository/io/github/x-stream/mxparser/1.2.1/mxparser-1.2.1.jar:/home/jboss/.m2/repository/xmlpull/xmlpull/1.1.3.1/xmlpull-1.1.3.1.jar:/home/jboss/.m2/repository/io/rest-assured/rest-assured/4.3.3/rest-assured-4.3.3.jar:/home/jboss/.m2/repository/org/codehaus/groovy/groovy/3.0.7/groovy-3.0.7.jar:/home/jboss/.m2/repository/org/codehaus/groovy/groovy-xml/3.0.7/groovy-xml-3.0.7.jar:/home/jboss/.m2/repository/org/apache/httpcomponents/httpclient/4.5.13/httpclient-4.5.13.jar:/home/jboss/.m2/repository/org/apache/httpcomponents/httpcore/4.4.14/httpcore-4.4.14.jar:/home/jboss/.m2/repository/commons-codec/commons-codec/1.14/commons-codec-1.14.jar:/home/jboss/.m2/repository/org/apache/httpcomponents/httpmime/4.5.13/httpmime-4.5.13.jar:/home/jboss/.m2/repository/org/hamcrest/hamcrest/2.1/hamcrest-2.1.jar:/home/jboss/.m2/repository/org/ccil/cowan/tagsoup/tagsoup/1.2.1/tagsoup-1.2.1.jar:/home/jboss/.m2/repository/io/rest-assured/json-path/4.3.3/json-path-4.3.3.jar:/home/jboss/.m2/repository/org/codehaus/groovy/groovy-json/3.0.7/groovy-json-3.0.7.jar:/home/jboss/.m2/repository/io/rest-assured/rest-assured-common/4.3.3/rest-assured-common-4.3.3.jar:/home/jboss/.m2/repository/io/rest-assured/xml-path/4.3.3/xml-path-4.3.3.jar:/home/jboss/.m2/repository/org/apache/commons/commons-lang3/3.12.0/commons-lang3-3.12.0.jar:/home/jboss/.m2/repository/jakarta/xml/bind/jakarta.xml.bind-api/2.3.3/jakarta.xml.bind-api-2.3.3.jar:/home/jboss/.m2/repository/jakarta/activation/jakarta.activation-api/1.2.1/jakarta.activation-api-1.2.1.jar:/home/jboss/.m2/repository/com/sun/xml/bind/jaxb-impl/2.3.3/jaxb-impl-2.3.3.jar:"/>
    <property name="sun.cpu.endian" value="little"/>
    <property name="user.home" value="/home/jboss"/>
    <property name="user.language" value="en"/>
    <property name="java.specification.vendor" value="Oracle Corporation"/>
    <property name="io.netty.allocator.maxOrder" value="1"/>
    <property name="java.version.date" value="2022-01-18"/>
    <property name="java.home" value="/usr/lib/jvm/java-11-openjdk-11.0.14.0.9-2.el8_5.x86_64"/>
    <property name="file.separator" value="/"/>
    <property name="basedir" value="/projects/quarkus-quickstarts/getting-started"/>
    <property name="java.vm.compressedOopsMode" value="32-bit"/>
    <property name="line.separator" value="&#10;"/>
    <property name="java.specification.name" value="Java Platform API Specification"/>
    <property name="java.vm.specification.vendor" value="Oracle Corporation"/>
    <property name="java.awt.graphicsenv" value="sun.awt.X11GraphicsEnvironment"/>
    <property name="surefire.real.class.path" value="/projects/quarkus-quickstarts/getting-started/target/surefire/surefirebooter12580121501811560959.jar"/>
    <property name="sun.management.compiler" value="HotSpot 64-Bit Tiered Compilers"/>
    <property name="java.runtime.version" value="11.0.14+9-LTS"/>
    <property name="user.name" value="jboss"/>
    <property name="path.separator" value=":"/>
    <property name="securerandom.source" value="file:/dev/./urandom"/>
    <property name="os.version" value="4.18.0-305.19.1.el8_4.x86_64"/>
    <property name="java.runtime.name" value="OpenJDK Runtime Environment"/>
    <property name="file.encoding" value="ANSI_X3.4-1968"/>
    <property name="sun.nio.ch.bugLevel" value=""/>
    <property name="java.vm.name" value="OpenJDK 64-Bit Server VM"/>
    <property name="java.vendor.version" value="18.9"/>
    <property name="io.netty.noJdkZlibDecoder" value="false"/>
    <property name="localRepository" value="/home/jboss/.m2/repository"/>
    <property name="java.vendor.url.bug" value="https://bugzilla.redhat.com/enter_bug.cgi?product=Red%20Hat%20Enterprise%20Linux%208&amp;component=java-11-openjdk"/>
    <property name="java.io.tmpdir" value="/tmp"/>
    <property name="quarkus.log.file.path" value="target/quarkus.log"/>
    <property name="java.version" value="11.0.14"/>
    <property name="user.dir" value="/projects/quarkus-quickstarts/getting-started"/>
    <property name="os.arch" value="amd64"/>
    <property name="java.vm.specification.name" value="Java Virtual Machine Specification"/>
    <property name="vertx.disableDnsResolver" value="true"/>
    <property name="java.awt.printerjob" value="sun.print.PSPrinterJob"/>
    <property name="sun.os.patch.level" value="unknown"/>
    <property name="java.util.logging.manager" value="org.jboss.logmanager.LogManager"/>
    <property name="java.library.path" value="/usr/java/packages/lib:/usr/lib64:/lib64:/lib:/usr/lib"/>
    <property name="java.vm.info" value="mixed mode, sharing"/>
    <property name="java.vendor" value="Red Hat, Inc."/>
    <property name="java.vm.version" value="11.0.14+9-LTS"/>
    <property name="sun.io.unicode.encoding" value="UnicodeLittle"/>
    <property name="io.netty.machineId" value="79:2d:d1:c8:27:e9:03:d3"/>
    <property name="java.class.version" value="55.0"/>
  </properties>
  <testcase name="testHelloEndpoint" classname="org.acme.getting.started.GreetingResourceTest" time="1.407">
    <system-out><![CDATA[Downloading from central: https://repo.maven.apache.org/maven2/io/quarkus/quarkus-resteasy-deployment/1.13.7.Final/quarkus-resteasy-deployment-1.13.7.Final.pom
Progress (1): quarkus-resteasy-deployment-1.13.7.Final.pom (2.7/3.8 kB)Progress (1): quarkus-resteasy-deployment-1.13.7.Final.pom (3.8 kB)                                                                       Downloaded from central: https://repo.maven.apache.org/maven2/io/quarkus/quarkus-resteasy-deployment/1.13.7.Final/quarkus-resteasy-deployment-1.13.7.Final.pom (3.8 kB at 11 kB/s)
Downloading from central: https://repo.maven.apache.org/maven2/io/quarkus/quarkus-resteasy-server-common-deployment/1.13.7.Final/quarkus-resteasy-server-common-deployment-1.13.7.Final.pom
Progress (1): quarkus-resteasy-server-common-deployment-1.13.7.Final.pom (2.2 kB)                                                                                 Downloaded from central: https://repo.maven.apache.org/maven2/io/quarkus/quarkus-resteasy-server-common-deployment/1.13.7.Final/quarkus-resteasy-server-common-deployment-1.13.7.Final.pom (2.2 kB at 56 kB/s)
Downloading from central: https://repo.maven.apache.org/maven2/org/jsoup/jsoup/1.11.3/jsoup-1.11.3.pom
Progress (1): jsoup-1.11.3.pom (2.7/8.3 kB)Progress (1): jsoup-1.11.3.pom (5.5/8.3 kB)Progress (1): jsoup-1.11.3.pom (8.2/8.3 kB)Progress (1): jsoup-1.11.3.pom (8.3 kB)                                           Downloaded from central: https://repo.maven.apache.org/maven2/org/jsoup/jsoup/1.11.3/jsoup-1.11.3.pom (8.3 kB at 213 kB/s)
Downloading from central: https://repo.maven.apache.org/maven2/io/quarkus/quarkus-resteasy-common-deployment/1.13.7.Final/quarkus-resteasy-common-deployment-1.13.7.Final.pom
Progress (1): quarkus-resteasy-common-deployment-1.13.7.Final.pom (1.8 kB)                                                                          Downloaded from central: https://repo.maven.apache.org/maven2/io/quarkus/quarkus-resteasy-common-deployment/1.13.7.Final/quarkus-resteasy-common-deployment-1.13.7.Final.pom (1.8 kB at 36 kB/s)
Downloading from central: https://repo.maven.apache.org/maven2/io/quarkus/quarkus-resteasy-common-spi/1.13.7.Final/quarkus-resteasy-common-spi-1.13.7.Final.pom
Progress (1): quarkus-resteasy-common-spi-1.13.7.Final.pom (777 B)                                                                  Downloaded from central: https://repo.maven.apache.org/maven2/io/quarkus/quarkus-resteasy-common-spi/1.13.7.Final/quarkus-resteasy-common-spi-1.13.7.Final.pom (777 B at 15 kB/s)
Downloading from central: https://repo.maven.apache.org/maven2/io/quarkus/quarkus-resteasy-server-common-spi/1.13.7.Final/quarkus-resteasy-server-common-spi-1.13.7.Final.pom
Progress (1): quarkus-resteasy-server-common-spi-1.13.7.Final.pom (890 B)                                                                         Downloaded from central: https://repo.maven.apache.org/maven2/io/quarkus/quarkus-resteasy-server-common-spi/1.13.7.Final/quarkus-resteasy-server-common-spi-1.13.7.Final.pom (890 B at 29 kB/s)
Downloading from central: https://repo.maven.apache.org/maven2/io/quarkus/quarkus-undertow-spi/1.13.7.Final/quarkus-undertow-spi-1.13.7.Final.pom
Progress (1): quarkus-undertow-spi-1.13.7.Final.pom (2.0 kB)                                                            Downloaded from central: https://repo.maven.apache.org/maven2/io/quarkus/quarkus-undertow-spi/1.13.7.Final/quarkus-undertow-spi-1.13.7.Final.pom (2.0 kB at 64 kB/s)
Downloading from central: https://repo.maven.apache.org/maven2/io/quarkus/quarkus-http-parent/1.13.7.Final/quarkus-http-parent-1.13.7.Final.pom
Progress (1): quarkus-http-parent-1.13.7.Final.pom (770 B)                                                          Downloaded from central: https://repo.maven.apache.org/maven2/io/quarkus/quarkus-http-parent/1.13.7.Final/quarkus-http-parent-1.13.7.Final.pom (770 B at 24 kB/s)
Downloading from central: https://repo.maven.apache.org/maven2/io/quarkus/http/quarkus-http-servlet/3.1.1.Final/quarkus-http-servlet-3.1.1.Final.pom
Progress (1): quarkus-http-servlet-3.1.1.Final.pom (2.7/19 kB)Progress (1): quarkus-http-servlet-3.1.1.Final.pom (5.5/19 kB)Progress (1): quarkus-http-servlet-3.1.1.Final.pom (8.2/19 kB)Progress (1): quarkus-http-servlet-3.1.1.Final.pom (11/19 kB) Progress (1): quarkus-http-servlet-3.1.1.Final.pom (14/19 kB)Progress (1): quarkus-http-servlet-3.1.1.Final.pom (16/19 kB)Progress (1): quarkus-http-servlet-3.1.1.Final.pom (19/19 kB)Progress (1): quarkus-http-servlet-3.1.1.Final.pom (19 kB)                                                             Downloaded from central: https://repo.maven.apache.org/maven2/io/quarkus/http/quarkus-http-servlet/3.1.1.Final/quarkus-http-servlet-3.1.1.Final.pom (19 kB at 396 kB/s)
Downloading from central: https://repo.maven.apache.org/maven2/io/quarkus/http/quarkus-http-parent/3.1.1.Final/quarkus-http-parent-3.1.1.Final.pom
Progress (1): quarkus-http-parent-3.1.1.Final.pom (4.1/29 kB)Progress (1): quarkus-http-parent-3.1.1.Final.pom (8.2/29 kB)Progress (1): quarkus-http-parent-3.1.1.Final.pom (12/29 kB) Progress (1): quarkus-http-parent-3.1.1.Final.pom (16/29 kB)Progress (1): quarkus-http-parent-3.1.1.Final.pom (20/29 kB)Progress (1): quarkus-http-parent-3.1.1.Final.pom (24/29 kB)Progress (1): quarkus-http-parent-3.1.1.Final.pom (28/29 kB)Progress (1): quarkus-http-parent-3.1.1.Final.pom (29 kB)                                                            Downloaded from central: https://repo.maven.apache.org/maven2/io/quarkus/http/quarkus-http-parent/3.1.1.Final/quarkus-http-parent-3.1.1.Final.pom (29 kB at 498 kB/s)
Downloading from central: https://repo.maven.apache.org/maven2/org/jboss/jboss-parent/28/jboss-parent-28.pom
Progress (1): jboss-parent-28.pom (4.1/35 kB)Progress (1): jboss-parent-28.pom (8.2/35 kB)Progress (1): jboss-parent-28.pom (12/35 kB) Progress (1): jboss-parent-28.pom (16/35 kB)Progress (1): jboss-parent-28.pom (20/35 kB)Progress (1): jboss-parent-28.pom (24/35 kB)Progress (1): jboss-parent-28.pom (28/35 kB)Progress (1): jboss-parent-28.pom (32/35 kB)Progress (1): jboss-parent-28.pom (35 kB)                                            Downloaded from central: https://repo.maven.apache.org/maven2/org/jboss/jboss-parent/28/jboss-parent-28.pom (35 kB at 915 kB/s)
Downloading from central: https://repo.maven.apache.org/maven2/io/quarkus/http/quarkus-http-core/3.1.1.Final/quarkus-http-core-3.1.1.Final.pom
Progress (1): quarkus-http-core-3.1.1.Final.pom (4.1/27 kB)Progress (1): quarkus-http-core-3.1.1.Final.pom (8.2/27 kB)Progress (1): quarkus-http-core-3.1.1.Final.pom (12/27 kB) Progress (1): quarkus-http-core-3.1.1.Final.pom (16/27 kB)Progress (1): quarkus-http-core-3.1.1.Final.pom (20/27 kB)Progress (1): quarkus-http-core-3.1.1.Final.pom (24/27 kB)Progress (1): quarkus-http-core-3.1.1.Final.pom (27 kB)                                                          Downloaded from central: https://repo.maven.apache.org/maven2/io/quarkus/http/quarkus-http-core/3.1.1.Final/quarkus-http-core-3.1.1.Final.pom (27 kB at 775 kB/s)
Downloading from central: https://repo.maven.apache.org/maven2/io/quarkus/http/quarkus-http-http-core/3.1.1.Final/quarkus-http-http-core-3.1.1.Final.pom
Progress (1): quarkus-http-http-core-3.1.1.Final.pom (4.1/4.9 kB)Progress (1): quarkus-http-http-core-3.1.1.Final.pom (4.9 kB)                                                                 Downloaded from central: https://repo.maven.apache.org/maven2/io/quarkus/http/quarkus-http-http-core/3.1.1.Final/quarkus-http-http-core-3.1.1.Final.pom (4.9 kB at 153 kB/s)
Downloading from central: https://repo.maven.apache.org/maven2/jakarta/servlet/jakarta.servlet-api/4.0.3/jakarta.servlet-api-4.0.3.pom
Progress (1): jakarta.servlet-api-4.0.3.pom (4.1/17 kB)Progress (1): jakarta.servlet-api-4.0.3.pom (8.2/17 kB)Progress (1): jakarta.servlet-api-4.0.3.pom (12/17 kB) Progress (1): jakarta.servlet-api-4.0.3.pom (16/17 kB)Progress (1): jakarta.servlet-api-4.0.3.pom (17 kB)                                                      Downloaded from central: https://repo.maven.apache.org/maven2/jakarta/servlet/jakarta.servlet-api/4.0.3/jakarta.servlet-api-4.0.3.pom (17 kB at 349 kB/s)
Downloading from central: https://repo.maven.apache.org/maven2/org/jboss/metadata/jboss-metadata-web/11.0.0.Final/jboss-metadata-web-11.0.0.Final.pom
Progress (1): jboss-metadata-web-11.0.0.Final.pom (4.1/4.7 kB)Progress (1): jboss-metadata-web-11.0.0.Final.pom (4.7 kB)                                                              Downloaded from central: https://repo.maven.apache.org/maven2/org/jboss/metadata/jboss-metadata-web/11.0.0.Final/jboss-metadata-web-11.0.0.Final.pom (4.7 kB at 161 kB/s)
Downloading from central: https://repo.maven.apache.org/maven2/org/jboss/metadata/jboss-as-parent-metadata/11.0.0.Final/jboss-as-parent-metadata-11.0.0.Final.pom
Progress (1): jboss-as-parent-metadata-11.0.0.Final.pom (4.1/17 kB)Progress (1): jboss-as-parent-metadata-11.0.0.Final.pom (8.2/17 kB)Progress (1): jboss-as-parent-metadata-11.0.0.Final.pom (12/17 kB) Progress (1): jboss-as-parent-metadata-11.0.0.Final.pom (16/17 kB)Progress (1): jboss-as-parent-metadata-11.0.0.Final.pom (17 kB)                                                                  Downloaded from central: https://repo.maven.apache.org/maven2/org/jboss/metadata/jboss-as-parent-metadata/11.0.0.Final/jboss-as-parent-metadata-11.0.0.Final.pom (17 kB at 378 kB/s)
Downloading from central: https://repo.maven.apache.org/maven2/org/jboss/jboss-parent/16/jboss-parent-16.pom
Progress (1): jboss-parent-16.pom (4.1/32 kB)Progress (1): jboss-parent-16.pom (8.2/32 kB)Progress (1): jboss-parent-16.pom (12/32 kB) Progress (1): jboss-parent-16.pom (16/32 kB)Progress (1): jboss-parent-16.pom (20/32 kB)Progress (1): jboss-parent-16.pom (24/32 kB)Progress (1): jboss-parent-16.pom (28/32 kB)Progress (1): jboss-parent-16.pom (32 kB)                                            Downloaded from central: https://repo.maven.apache.org/maven2/org/jboss/jboss-parent/16/jboss-parent-16.pom (32 kB at 985 kB/s)
Downloading from central: https://repo.maven.apache.org/maven2/org/jboss/metadata/jboss-metadata-common/11.0.0.Final/jboss-metadata-common-11.0.0.Final.pom
Progress (1): jboss-metadata-common-11.0.0.Final.pom (4.0 kB)                                                             Downloaded from central: https://repo.maven.apache.org/maven2/org/jboss/metadata/jboss-metadata-common/11.0.0.Final/jboss-metadata-common-11.0.0.Final.pom (4.0 kB at 144 kB/s)
Downloading from central: https://repo.maven.apache.org/maven2/io/quarkus/quarkus-vertx-http-deployment/1.13.7.Final/quarkus-vertx-http-deployment-1.13.7.Final.pom
Progress (1): quarkus-vertx-http-deployment-1.13.7.Final.pom (4.1/9.1 kB)Progress (1): quarkus-vertx-http-deployment-1.13.7.Final.pom (8.2/9.1 kB)Progress (1): quarkus-vertx-http-deployment-1.13.7.Final.pom (9.1 kB)                                                                         Downloaded from central: https://repo.maven.apache.org/maven2/io/quarkus/quarkus-vertx-http-deployment/1.13.7.Final/quarkus-vertx-http-deployment-1.13.7.Final.pom (9.1 kB at 233 kB/s)
Downloading from central: https://repo.maven.apache.org/maven2/io/quarkus/quarkus-vertx-core-deployment/1.13.7.Final/quarkus-vertx-core-deployment-1.13.7.Final.pom
Progress (1): quarkus-vertx-core-deployment-1.13.7.Final.pom (2.3 kB)                                                                     Downloaded from central: https://repo.maven.apache.org/maven2/io/quarkus/quarkus-vertx-core-deployment/1.13.7.Final/quarkus-vertx-core-deployment-1.13.7.Final.pom (2.3 kB at 77 kB/s)
Downloading from central: https://repo.maven.apache.org/maven2/io/quarkus/quarkus-netty-deployment/1.13.7.Final/quarkus-netty-deployment-1.13.7.Final.pom
Progress (1): quarkus-netty-deployment-1.13.7.Final.pom (1.5 kB)                                                                Downloaded from central: https://repo.maven.apache.org/maven2/io/quarkus/quarkus-netty-deployment/1.13.7.Final/quarkus-netty-deployment-1.13.7.Final.pom (1.5 kB at 50 kB/s)
Downloading from central: https://repo.maven.apache.org/maven2/io/quarkus/quarkus-kubernetes-spi/1.13.7.Final/quarkus-kubernetes-spi-1.13.7.Final.pom
Progress (1): quarkus-kubernetes-spi-1.13.7.Final.pom (1.2 kB)                                                              Downloaded from central: https://repo.maven.apache.org/maven2/io/quarkus/quarkus-kubernetes-spi/1.13.7.Final/quarkus-kubernetes-spi-1.13.7.Final.pom (1.2 kB at 38 kB/s)
Downloading from central: https://repo.maven.apache.org/maven2/io/quarkus/quarkus-kubernetes-parent/1.13.7.Final/quarkus-kubernetes-parent-1.13.7.Final.pom
Progress (1): quarkus-kubernetes-parent-1.13.7.Final.pom (810 B)                                                                Downloaded from central: https://repo.maven.apache.org/maven2/io/quarkus/quarkus-kubernetes-parent/1.13.7.Final/quarkus-kubernetes-parent-1.13.7.Final.pom (810 B at 27 kB/s)
Downloading from central: https://repo.maven.apache.org/maven2/io/quarkus/qute/qute-core/1.13.7.Final/qute-core-1.13.7.Final.pom
Progress (1): qute-core-1.13.7.Final.pom (1.0 kB)                                                 Downloaded from central: https://repo.maven.apache.org/maven2/io/quarkus/qute/qute-core/1.13.7.Final/qute-core-1.13.7.Final.pom (1.0 kB at 31 kB/s)
Downloading from central: https://repo.maven.apache.org/maven2/io/quarkus/qute/qute-parent/1.13.7.Final/qute-parent-1.13.7.Final.pom
Progress (1): qute-parent-1.13.7.Final.pom (4.1/21 kB)Progress (1): qute-parent-1.13.7.Final.pom (8.2/21 kB)Progress (1): qute-parent-1.13.7.Final.pom (12/21 kB) Progress (1): qute-parent-1.13.7.Final.pom (16/21 kB)Progress (1): qute-parent-1.13.7.Final.pom (20/21 kB)Progress (1): qute-parent-1.13.7.Final.pom (21 kB)                                                     Downloaded from central: https://repo.maven.apache.org/maven2/io/quarkus/qute/qute-parent/1.13.7.Final/qute-parent-1.13.7.Final.pom (21 kB at 623 kB/s)
Downloading from central: https://repo.maven.apache.org/maven2/org/yaml/snakeyaml/1.28/snakeyaml-1.28.pom
Progress (1): snakeyaml-1.28.pom (4.1/37 kB)Progress (1): snakeyaml-1.28.pom (8.2/37 kB)Progress (1): snakeyaml-1.28.pom (12/37 kB) Progress (1): snakeyaml-1.28.pom (16/37 kB)Progress (1): snakeyaml-1.28.pom (20/37 kB)Progress (1): snakeyaml-1.28.pom (24/37 kB)Progress (1): snakeyaml-1.28.pom (28/37 kB)Progress (1): snakeyaml-1.28.pom (32/37 kB)Progress (1): snakeyaml-1.28.pom (36/37 kB)Progress (1): snakeyaml-1.28.pom (37 kB)                                           Downloaded from central: https://repo.maven.apache.org/maven2/org/yaml/snakeyaml/1.28/snakeyaml-1.28.pom (37 kB at 1.1 MB/s)
Downloading from central: https://repo.maven.apache.org/maven2/io/quarkus/quarkus-security-spi/1.13.7.Final/quarkus-security-spi-1.13.7.Final.pom
Progress (1): quarkus-security-spi-1.13.7.Final.pom (1.5 kB)                                                            Downloaded from central: https://repo.maven.apache.org/maven2/io/quarkus/quarkus-security-spi/1.13.7.Final/quarkus-security-spi-1.13.7.Final.pom (1.5 kB at 45 kB/s)
Downloading from central: https://repo.maven.apache.org/maven2/io/quarkus/quarkus-resteasy-common-spi/1.13.7.Final/quarkus-resteasy-common-spi-1.13.7.Final.jar
Downloading from central: https://repo.maven.apache.org/maven2/io/quarkus/quarkus-resteasy-common-deployment/1.13.7.Final/quarkus-resteasy-common-deployment-1.13.7.Final.jar
Downloading from central: https://repo.maven.apache.org/maven2/io/quarkus/quarkus-resteasy-server-common-spi/1.13.7.Final/quarkus-resteasy-server-common-spi-1.13.7.Final.jar
Downloading from central: https://repo.maven.apache.org/maven2/io/quarkus/quarkus-resteasy-server-common-deployment/1.13.7.Final/quarkus-resteasy-server-common-deployment-1.13.7.Final.jar
Downloading from central: https://repo.maven.apache.org/maven2/io/quarkus/http/quarkus-http-http-core/3.1.1.Final/quarkus-http-http-core-3.1.1.Final.jar
Progress (1): quarkus-resteasy-common-spi-1.13.7.Final.jar (4.1/9.7 kB)Progress (1): quarkus-resteasy-common-spi-1.13.7.Final.jar (8.2/9.7 kB)Progress (1): quarkus-resteasy-common-spi-1.13.7.Final.jar (9.7 kB)                                                                       Downloaded from central: https://repo.maven.apache.org/maven2/io/quarkus/quarkus-resteasy-common-spi/1.13.7.Final/quarkus-resteasy-common-spi-1.13.7.Final.jar (9.7 kB at 179 kB/s)
Downloading from central: https://repo.maven.apache.org/maven2/io/quarkus/http/quarkus-http-core/3.1.1.Final/quarkus-http-core-3.1.1.Final.jar
Progress (1): quarkus-resteasy-server-common-spi-1.13.7.Final.jar (2.7/6.3 kB)Progress (2): quarkus-resteasy-server-common-spi-1.13.7.Final.jar (2.7/6.3 kB) | quarkus-resteasy-server-common-deployment-1.13.7.Final.jar (2.7/32 kB)Progress (2): quarkus-resteasy-server-common-spi-1.13.7.Final.jar (5.5/6.3 kB) | quarkus-resteasy-server-common-deployment-1.13.7.Final.jar (2.7/32 kB)Progress (3): quarkus-resteasy-server-common-spi-1.13.7.Final.jar (5.5/6.3 kB) | quarkus-resteasy-server-common-deployment-1.13.7.Final.jar (2.7/32 kB) | quarkus-http-http-core-3.1.1.Final.jar (2.7/39 kB)Progress (3): quarkus-resteasy-server-common-spi-1.13.7.Final.jar (5.5/6.3 kB) | quarkus-resteasy-server-common-deployment-1.13.7.Final.jar (5.5/32 kB) | quarkus-http-http-core-3.1.1.Final.jar (2.7/39 kB)Progress (3): quarkus-resteasy-server-common-spi-1.13.7.Final.jar (6.3 kB) | quarkus-resteasy-server-common-deployment-1.13.7.Final.jar (5.5/32 kB) | quarkus-http-http-core-3.1.1.Final.jar (2.7/39 kB)    Progress (4): quarkus-resteasy-server-common-spi-1.13.7.Final.jar (6.3 kB) | quarkus-resteasy-server-common-deployment-1.13.7.Final.jar (5.5/32 kB) | quarkus-http-http-core-3.1.1.Final.jar (2.7/39 kB) | quarkus-resteasy-common-deployment-1.13.7.Final.jar (2.7/22 kB)Progress (4): quarkus-resteasy-server-common-spi-1.13.7.Final.jar (6.3 kB) | quarkus-resteasy-server-common-deployment-1.13.7.Final.jar (5.5/32 kB) | quarkus-http-http-core-3.1.1.Final.jar (5.5/39 kB) | quarkus-resteasy-common-deployment-1.13.7.Final.jar (2.7/22 kB)Progress (4): quarkus-resteasy-server-common-spi-1.13.7.Final.jar (6.3 kB) | quarkus-resteasy-server-common-deployment-1.13.7.Final.jar (8.2/32 kB) | quarkus-http-http-core-3.1.1.Final.jar (5.5/39 kB) | quarkus-resteasy-common-deployment-1.13.7.Final.jar (2.7/22 kB)Progress (4): quarkus-resteasy-server-common-spi-1.13.7.Final.jar (6.3 kB) | quarkus-resteasy-server-common-deployment-1.13.7.Final.jar (8.2/32 kB) | quarkus-http-http-core-3.1.1.Final.jar (5.5/39 kB) | quarkus-resteasy-common-deployment-1.13.7.Final.jar (5.5/22 kB)Progress (4): quarkus-resteasy-server-common-spi-1.13.7.Final.jar (6.3 kB) | quarkus-resteasy-server-common-deployment-1.13.7.Final.jar (8.2/32 kB) | quarkus-http-http-core-3.1.1.Final.jar (8.2/39 kB) | quarkus-resteasy-common-deployment-1.13.7.Final.jar (5.5/22 kB)Progress (4): quarkus-resteasy-server-common-spi-1.13.7.Final.jar (6.3 kB) | quarkus-resteasy-server-common-deployment-1.13.7.Final.jar (11/32 kB) | quarkus-http-http-core-3.1.1.Final.jar (8.2/39 kB) | quarkus-resteasy-common-deployment-1.13.7.Final.jar (5.5/22 kB) Progress (4): quarkus-resteasy-server-common-spi-1.13.7.Final.jar (6.3 kB) | quarkus-resteasy-server-common-deployment-1.13.7.Final.jar (11/32 kB) | quarkus-http-http-core-3.1.1.Final.jar (8.2/39 kB) | quarkus-resteasy-common-deployment-1.13.7.Final.jar (8.2/22 kB)Progress (4): quarkus-resteasy-server-common-spi-1.13.7.Final.jar (6.3 kB) | quarkus-resteasy-server-common-deployment-1.13.7.Final.jar (11/32 kB) | quarkus-http-http-core-3.1.1.Final.jar (11/39 kB) | quarkus-resteasy-common-deployment-1.13.7.Final.jar (8.2/22 kB) Progress (4): quarkus-resteasy-server-common-spi-1.13.7.Final.jar (6.3 kB) | quarkus-resteasy-server-common-deployment-1.13.7.Final.jar (14/32 kB) | quarkus-http-http-core-3.1.1.Final.jar (11/39 kB) | quarkus-resteasy-common-deployment-1.13.7.Final.jar (8.2/22 kB)Progress (4): quarkus-resteasy-server-common-spi-1.13.7.Final.jar (6.3 kB) | quarkus-resteasy-server-common-deployment-1.13.7.Final.jar (14/32 kB) | quarkus-http-http-core-3.1.1.Final.jar (11/39 kB) | quarkus-resteasy-common-deployment-1.13.7.Final.jar (11/22 kB) Progress (4): quarkus-resteasy-server-common-spi-1.13.7.Final.jar (6.3 kB) | quarkus-resteasy-server-common-deployment-1.13.7.Final.jar (14/32 kB) | quarkus-http-http-core-3.1.1.Final.jar (14/39 kB) | quarkus-resteasy-common-deployment-1.13.7.Final.jar (11/22 kB)Progress (4): quarkus-resteasy-server-common-spi-1.13.7.Final.jar (6.3 kB) | quarkus-resteasy-server-common-deployment-1.13.7.Final.jar (16/32 kB) | quarkus-http-http-core-3.1.1.Final.jar (14/39 kB) | quarkus-resteasy-common-deployment-1.13.7.Final.jar (11/22 kB)Progress (4): quarkus-resteasy-server-common-spi-1.13.7.Final.jar (6.3 kB) | quarkus-resteasy-server-common-deployment-1.13.7.Final.jar (16/32 kB) | quarkus-http-http-core-3.1.1.Final.jar (14/39 kB) | quarkus-resteasy-common-deployment-1.13.7.Final.jar (14/22 kB)Progress (4): quarkus-resteasy-server-common-spi-1.13.7.Final.jar (6.3 kB) | quarkus-resteasy-server-common-deployment-1.13.7.Final.jar (16/32 kB) | quarkus-http-http-core-3.1.1.Final.jar (16/39 kB) | quarkus-resteasy-common-deployment-1.13.7.Final.jar (14/22 kB)Progress (4): quarkus-resteasy-server-common-spi-1.13.7.Final.jar (6.3 kB) | quarkus-resteasy-server-common-deployment-1.13.7.Final.jar (19/32 kB) | quarkus-http-http-core-3.1.1.Final.jar (16/39 kB) | quarkus-resteasy-common-deployment-1.13.7.Final.jar (14/22 kB)Progress (4): quarkus-resteasy-server-common-spi-1.13.7.Final.jar (6.3 kB) | quarkus-resteasy-server-common-deployment-1.13.7.Final.jar (19/32 kB) | quarkus-http-http-core-3.1.1.Final.jar (16/39 kB) | quarkus-resteasy-common-deployment-1.13.7.Final.jar (16/22 kB)Progress (5): quarkus-resteasy-server-common-spi-1.13.7.Final.jar (6.3 kB) | quarkus-resteasy-server-common-deployment-1.13.7.Final.jar (19/32 kB) | quarkus-http-http-core-3.1.1.Final.jar (16/39 kB) | quarkus-resteasy-common-deployment-1.13.7.Final.jar (16/22 kB) | quarkus-http-core-3.1.1.Final.jar (8.2/932 kB)Progress (5): quarkus-resteasy-server-common-spi-1.13.7.Final.jar (6.3 kB) | quarkus-resteasy-server-common-deployment-1.13.7.Final.jar (21/32 kB) | quarkus-http-http-core-3.1.1.Final.jar (16/39 kB) | quarkus-resteasy-common-deployment-1.13.7.Final.jar (16/22 kB) | quarkus-http-core-3.1.1.Final.jar (8.2/932 kB)Progress (5): quarkus-resteasy-server-common-spi-1.13.7.Final.jar (6.3 kB) | quarkus-resteasy-server-common-deployment-1.13.7.Final.jar (21/32 kB) | quarkus-http-http-core-3.1.1.Final.jar (16/39 kB) | quarkus-resteasy-common-deployment-1.13.7.Final.jar (19/22 kB) | quarkus-http-core-3.1.1.Final.jar (8.2/932 kB)Progress (5): quarkus-resteasy-server-common-spi-1.13.7.Final.jar (6.3 kB) | quarkus-resteasy-server-common-deployment-1.13.7.Final.jar (21/32 kB) | quarkus-http-http-core-3.1.1.Final.jar (19/39 kB) | quarkus-resteasy-common-deployment-1.13.7.Final.jar (19/22 kB) | quarkus-http-core-3.1.1.Final.jar (8.2/932 kB)                                                                                                                                                                                                                                                                                                                        Downloaded from central: https://repo.maven.apache.org/maven2/io/quarkus/quarkus-resteasy-server-common-spi/1.13.7.Final/quarkus-resteasy-server-common-spi-1.13.7.Final.jar (6.3 kB at 61 kB/s)
Downloading from central: https://repo.maven.apache.org/maven2/io/quarkus/http/quarkus-http-servlet/3.1.1.Final/quarkus-http-servlet-3.1.1.Final.jar
Progress (4): quarkus-resteasy-server-common-deployment-1.13.7.Final.jar (21/32 kB) | quarkus-http-http-core-3.1.1.Final.jar (19/39 kB) | quarkus-resteasy-common-deployment-1.13.7.Final.jar (21/22 kB) | quarkus-http-core-3.1.1.Final.jar (8.2/932 kB)Progress (4): quarkus-resteasy-server-common-deployment-1.13.7.Final.jar (24/32 kB) | quarkus-http-http-core-3.1.1.Final.jar (19/39 kB) | quarkus-resteasy-common-deployment-1.13.7.Final.jar (21/22 kB) | quarkus-http-core-3.1.1.Final.jar (8.2/932 kB)Progress (4): quarkus-resteasy-server-common-deployment-1.13.7.Final.jar (24/32 kB) | quarkus-http-http-core-3.1.1.Final.jar (21/39 kB) | quarkus-resteasy-common-deployment-1.13.7.Final.jar (21/22 kB) | quarkus-http-core-3.1.1.Final.jar (8.2/932 kB)Progress (4): quarkus-resteasy-server-common-deployment-1.13.7.Final.jar (24/32 kB) | quarkus-http-http-core-3.1.1.Final.jar (21/39 kB) | quarkus-resteasy-common-deployment-1.13.7.Final.jar (22 kB) | quarkus-http-core-3.1.1.Final.jar (8.2/932 kB)   Progress (4): quarkus-resteasy-server-common-deployment-1.13.7.Final.jar (24/32 kB) | quarkus-http-http-core-3.1.1.Final.jar (21/39 kB) | quarkus-resteasy-common-deployment-1.13.7.Final.jar (22 kB) | quarkus-http-core-3.1.1.Final.jar (16/932 kB) Progress (4): quarkus-resteasy-server-common-deployment-1.13.7.Final.jar (24/32 kB) | quarkus-http-http-core-3.1.1.Final.jar (24/39 kB) | quarkus-resteasy-common-deployment-1.13.7.Final.jar (22 kB) | quarkus-http-core-3.1.1.Final.jar (16/932 kB)Progress (4): quarkus-resteasy-server-common-deployment-1.13.7.Final.jar (27/32 kB) | quarkus-http-http-core-3.1.1.Final.jar (24/39 kB) | quarkus-resteasy-common-deployment-1.13.7.Final.jar (22 kB) | quarkus-http-core-3.1.1.Final.jar (16/932 kB)Progress (4): quarkus-resteasy-server-common-deployment-1.13.7.Final.jar (27/32 kB) | quarkus-http-http-core-3.1.1.Final.jar (27/39 kB) | quarkus-resteasy-common-deployment-1.13.7.Final.jar (22 kB) | quarkus-http-core-3.1.1.Final.jar (16/932 kB)Progress (4): quarkus-resteasy-server-common-deployment-1.13.7.Final.jar (30/32 kB) | quarkus-http-http-core-3.1.1.Final.jar (27/39 kB) | quarkus-resteasy-common-deployment-1.13.7.Final.jar (22 kB) | quarkus-http-core-3.1.1.Final.jar (16/932 kB)Progress (4): quarkus-resteasy-server-common-deployment-1.13.7.Final.jar (30/32 kB) | quarkus-http-http-core-3.1.1.Final.jar (30/39 kB) | quarkus-resteasy-common-deployment-1.13.7.Final.jar (22 kB) | quarkus-http-core-3.1.1.Final.jar (16/932 kB)Progress (4): quarkus-resteasy-server-common-deployment-1.13.7.Final.jar (32 kB) | quarkus-http-http-core-3.1.1.Final.jar (30/39 kB) | quarkus-resteasy-common-deployment-1.13.7.Final.jar (22 kB) | quarkus-http-core-3.1.1.Final.jar (16/932 kB)   Progress (4): quarkus-resteasy-server-common-deployment-1.13.7.Final.jar (32 kB) | quarkus-http-http-core-3.1.1.Final.jar (32/39 kB) | quarkus-resteasy-common-deployment-1.13.7.Final.jar (22 kB) | quarkus-http-core-3.1.1.Final.jar (16/932 kB)Progress (4): quarkus-resteasy-server-common-deployment-1.13.7.Final.jar (32 kB) | quarkus-http-http-core-3.1.1.Final.jar (32/39 kB) | quarkus-resteasy-common-deployment-1.13.7.Final.jar (22 kB) | quarkus-http-core-3.1.1.Final.jar (24/932 kB)Progress (4): quarkus-resteasy-server-common-deployment-1.13.7.Final.jar (32 kB) | quarkus-http-http-core-3.1.1.Final.jar (35/39 kB) | quarkus-resteasy-common-deployment-1.13.7.Final.jar (22 kB) | quarkus-http-core-3.1.1.Final.jar (24/932 kB)Progress (4): quarkus-resteasy-server-common-deployment-1.13.7.Final.jar (32 kB) | quarkus-http-http-core-3.1.1.Final.jar (38/39 kB) | quarkus-resteasy-common-deployment-1.13.7.Final.jar (22 kB) | quarkus-http-core-3.1.1.Final.jar (24/932 kB)Progress (4): quarkus-resteasy-server-common-deployment-1.13.7.Final.jar (32 kB) | quarkus-http-http-core-3.1.1.Final.jar (39 kB) | quarkus-resteasy-common-deployment-1.13.7.Final.jar (22 kB) | quarkus-http-core-3.1.1.Final.jar (24/932 kB)   Progress (4): quarkus-resteasy-server-common-deployment-1.13.7.Final.jar (32 kB) | quarkus-http-http-core-3.1.1.Final.jar (39 kB) | quarkus-resteasy-common-deployment-1.13.7.Final.jar (22 kB) | quarkus-http-core-3.1.1.Final.jar (32/932 kB)Progress (5): quarkus-resteasy-server-common-deployment-1.13.7.Final.jar (32 kB) | quarkus-http-http-core-3.1.1.Final.jar (39 kB) | quarkus-resteasy-common-deployment-1.13.7.Final.jar (22 kB) | quarkus-http-core-3.1.1.Final.jar (32/932 kB) | quarkus-http-servlet-3.1.1.Final.jar (2.7/498 kB)                                                                                                                                                                                                                                                                                                   Downloaded from central: https://repo.maven.apache.org/maven2/io/quarkus/quarkus-resteasy-common-deployment/1.13.7.Final/quarkus-resteasy-common-deployment-1.13.7.Final.jar (22 kB at 181 kB/s)
Downloading from central: https://repo.maven.apache.org/maven2/jakarta/servlet/jakarta.servlet-api/4.0.3/jakarta.servlet-api-4.0.3.jar
Progress (4): quarkus-resteasy-server-common-deployment-1.13.7.Final.jar (32 kB) | quarkus-http-http-core-3.1.1.Final.jar (39 kB) | quarkus-http-core-3.1.1.Final.jar (32/932 kB) | quarkus-http-servlet-3.1.1.Final.jar (5.5/498 kB)Progress (4): quarkus-resteasy-server-common-deployment-1.13.7.Final.jar (32 kB) | quarkus-http-http-core-3.1.1.Final.jar (39 kB) | quarkus-http-core-3.1.1.Final.jar (40/932 kB) | quarkus-http-servlet-3.1.1.Final.jar (5.5/498 kB)Progress (4): quarkus-resteasy-server-common-deployment-1.13.7.Final.jar (32 kB) | quarkus-http-http-core-3.1.1.Final.jar (39 kB) | quarkus-http-core-3.1.1.Final.jar (40/932 kB) | quarkus-http-servlet-3.1.1.Final.jar (8.2/498 kB)Progress (4): quarkus-resteasy-server-common-deployment-1.13.7.Final.jar (32 kB) | quarkus-http-http-core-3.1.1.Final.jar (39 kB) | quarkus-http-core-3.1.1.Final.jar (40/932 kB) | quarkus-http-servlet-3.1.1.Final.jar (11/498 kB) Progress (4): quarkus-resteasy-server-common-deployment-1.13.7.Final.jar (32 kB) | quarkus-http-http-core-3.1.1.Final.jar (39 kB) | quarkus-http-core-3.1.1.Final.jar (49/932 kB) | quarkus-http-servlet-3.1.1.Final.jar (11/498 kB)                                                                                                                                                                                                                                    Downloaded from central: https://repo.maven.apache.org/maven2/io/quarkus/quarkus-resteasy-server-common-deployment/1.13.7.Final/quarkus-resteasy-server-common-deployment-1.13.7.Final.jar (32 kB at 271 kB/s)
Downloading from central: https://repo.maven.apache.org/maven2/org/jboss/metadata/jboss-metadata-common/11.0.0.Final/jboss-metadata-common-11.0.0.Final.jar
Progress (3): quarkus-http-http-core-3.1.1.Final.jar (39 kB) | quarkus-http-core-3.1.1.Final.jar (49/932 kB) | quarkus-http-servlet-3.1.1.Final.jar (14/498 kB)Progress (3): quarkus-http-http-core-3.1.1.Final.jar (39 kB) | quarkus-http-core-3.1.1.Final.jar (49/932 kB) | quarkus-http-servlet-3.1.1.Final.jar (16/498 kB)Progress (3): quarkus-http-http-core-3.1.1.Final.jar (39 kB) | quarkus-http-core-3.1.1.Final.jar (57/932 kB) | quarkus-http-servlet-3.1.1.Final.jar (16/498 kB)Progress (3): quarkus-http-http-core-3.1.1.Final.jar (39 kB) | quarkus-http-core-3.1.1.Final.jar (57/932 kB) | quarkus-http-servlet-3.1.1.Final.jar (19/498 kB)                                                                                                                                                               Downloaded from central: https://repo.maven.apache.org/maven2/io/quarkus/http/quarkus-http-http-core/3.1.1.Final/quarkus-http-http-core-3.1.1.Final.jar (39 kB at 314 kB/s)
Downloading from central: https://repo.maven.apache.org/maven2/org/jboss/metadata/jboss-metadata-web/11.0.0.Final/jboss-metadata-web-11.0.0.Final.jar
Progress (2): quarkus-http-core-3.1.1.Final.jar (57/932 kB) | quarkus-http-servlet-3.1.1.Final.jar (21/498 kB)Progress (2): quarkus-http-core-3.1.1.Final.jar (65/932 kB) | quarkus-http-servlet-3.1.1.Final.jar (21/498 kB)Progress (3): quarkus-http-core-3.1.1.Final.jar (65/932 kB) | quarkus-http-servlet-3.1.1.Final.jar (21/498 kB) | jakarta.servlet-api-4.0.3.jar (2.7/83 kB)Progress (3): quarkus-http-core-3.1.1.Final.jar (65/932 kB) | quarkus-http-servlet-3.1.1.Final.jar (24/498 kB) | jakarta.servlet-api-4.0.3.jar (2.7/83 kB)Progress (3): quarkus-http-core-3.1.1.Final.jar (65/932 kB) | quarkus-http-servlet-3.1.1.Final.jar (24/498 kB) | jakarta.servlet-api-4.0.3.jar (5.5/83 kB)Progress (3): quarkus-http-core-3.1.1.Final.jar (65/932 kB) | quarkus-http-servlet-3.1.1.Final.jar (27/498 kB) | jakarta.servlet-api-4.0.3.jar (5.5/83 kB)Progress (3): quarkus-http-core-3.1.1.Final.jar (65/932 kB) | quarkus-http-servlet-3.1.1.Final.jar (27/498 kB) | jakarta.servlet-api-4.0.3.jar (8.2/83 kB)Progress (3): quarkus-http-core-3.1.1.Final.jar (65/932 kB) | quarkus-http-servlet-3.1.1.Final.jar (30/498 kB) | jakarta.servlet-api-4.0.3.jar (8.2/83 kB)Progress (3): quarkus-http-core-3.1.1.Final.jar (73/932 kB) | quarkus-http-servlet-3.1.1.Final.jar (30/498 kB) | jakarta.servlet-api-4.0.3.jar (8.2/83 kB)Progress (3): quarkus-http-core-3.1.1.Final.jar (73/932 kB) | quarkus-http-servlet-3.1.1.Final.jar (30/498 kB) | jakarta.servlet-api-4.0.3.jar (11/83 kB) Progress (3): quarkus-http-core-3.1.1.Final.jar (73/932 kB) | quarkus-http-servlet-3.1.1.Final.jar (32/498 kB) | jakarta.servlet-api-4.0.3.jar (11/83 kB)Progress (3): quarkus-http-core-3.1.1.Final.jar (73/932 kB) | quarkus-http-servlet-3.1.1.Final.jar (32/498 kB) | jakarta.servlet-api-4.0.3.jar (14/83 kB)Progress (4): quarkus-http-core-3.1.1.Final.jar (73/932 kB) | quarkus-http-servlet-3.1.1.Final.jar (32/498 kB) | jakarta.servlet-api-4.0.3.jar (14/83 kB) | jboss-metadata-common-11.0.0.Final.jar (2.7/475 kB)Progress (4): quarkus-http-core-3.1.1.Final.jar (73/932 kB) | quarkus-http-servlet-3.1.1.Final.jar (35/498 kB) | jakarta.servlet-api-4.0.3.jar (14/83 kB) | jboss-metadata-common-11.0.0.Final.jar (2.7/475 kB)Progress (4): quarkus-http-core-3.1.1.Final.jar (73/932 kB) | quarkus-http-servlet-3.1.1.Final.jar (35/498 kB) | jakarta.servlet-api-4.0.3.jar (16/83 kB) | jboss-metadata-common-11.0.0.Final.jar (2.7/475 kB)Progress (4): quarkus-http-core-3.1.1.Final.jar (73/932 kB) | quarkus-http-servlet-3.1.1.Final.jar (35/498 kB) | jakarta.servlet-api-4.0.3.jar (16/83 kB) | jboss-metadata-common-11.0.0.Final.jar (5.5/475 kB)Progress (4): quarkus-http-core-3.1.1.Final.jar (81/932 kB) | quarkus-http-servlet-3.1.1.Final.jar (35/498 kB) | jakarta.servlet-api-4.0.3.jar (16/83 kB) | jboss-metadata-common-11.0.0.Final.jar (5.5/475 kB)Progress (4): quarkus-http-core-3.1.1.Final.jar (81/932 kB) | quarkus-http-servlet-3.1.1.Final.jar (38/498 kB) | jakarta.servlet-api-4.0.3.jar (16/83 kB) | jboss-metadata-common-11.0.0.Final.jar (5.5/475 kB)Progress (4): quarkus-http-core-3.1.1.Final.jar (81/932 kB) | quarkus-http-servlet-3.1.1.Final.jar (38/498 kB) | jakarta.servlet-api-4.0.3.jar (19/83 kB) | jboss-metadata-common-11.0.0.Final.jar (5.5/475 kB)Progress (4): quarkus-http-core-3.1.1.Final.jar (81/932 kB) | quarkus-http-servlet-3.1.1.Final.jar (38/498 kB) | jakarta.servlet-api-4.0.3.jar (19/83 kB) | jboss-metadata-common-11.0.0.Final.jar (8.2/475 kB)Progress (4): quarkus-http-core-3.1.1.Final.jar (81/932 kB) | quarkus-http-servlet-3.1.1.Final.jar (40/498 kB) | jakarta.servlet-api-4.0.3.jar (19/83 kB) | jboss-metadata-common-11.0.0.Final.jar (8.2/475 kB)Progress (5): quarkus-http-core-3.1.1.Final.jar (81/932 kB) | quarkus-http-servlet-3.1.1.Final.jar (40/498 kB) | jakarta.servlet-api-4.0.3.jar (19/83 kB) | jboss-metadata-common-11.0.0.Final.jar (8.2/475 kB) | jboss-metadata-web-11.0.0.Final.jar (2.7/468 kB)Progress (5): quarkus-http-core-3.1.1.Final.jar (81/932 kB) | quarkus-http-servlet-3.1.1.Final.jar (40/498 kB) | jakarta.servlet-api-4.0.3.jar (21/83 kB) | jboss-metadata-common-11.0.0.Final.jar (8.2/475 kB) | jboss-metadata-web-11.0.0.Final.jar (2.7/468 kB)Progress (5): quarkus-http-core-3.1.1.Final.jar (81/932 kB) | quarkus-http-servlet-3.1.1.Final.jar (40/498 kB) | jakarta.servlet-api-4.0.3.jar (21/83 kB) | jboss-metadata-common-11.0.0.Final.jar (11/475 kB) | jboss-metadata-web-11.0.0.Final.jar (2.7/468 kB) Progress (5): quarkus-http-core-3.1.1.Final.jar (81/932 kB) | quarkus-http-servlet-3.1.1.Final.jar (43/498 kB) | jakarta.servlet-api-4.0.3.jar (21/83 kB) | jboss-metadata-common-11.0.0.Final.jar (11/475 kB) | jboss-metadata-web-11.0.0.Final.jar (2.7/468 kB)Progress (5): quarkus-http-core-3.1.1.Final.jar (81/932 kB) | quarkus-http-servlet-3.1.1.Final.jar (43/498 kB) | jakarta.servlet-api-4.0.3.jar (21/83 kB) | jboss-metadata-common-11.0.0.Final.jar (11/475 kB) | jboss-metadata-web-11.0.0.Final.jar (5.5/468 kB)Progress (5): quarkus-http-core-3.1.1.Final.jar (81/932 kB) | quarkus-http-servlet-3.1.1.Final.jar (43/498 kB) | jakarta.servlet-api-4.0.3.jar (24/83 kB) | jboss-metadata-common-11.0.0.Final.jar (11/475 kB) | jboss-metadata-web-11.0.0.Final.jar (5.5/468 kB)Progress (5): quarkus-http-core-3.1.1.Final.jar (81/932 kB) | quarkus-http-servlet-3.1.1.Final.jar (43/498 kB) | jakarta.servlet-api-4.0.3.jar (24/83 kB) | jboss-metadata-common-11.0.0.Final.jar (14/475 kB) | jboss-metadata-web-11.0.0.Final.jar (5.5/468 kB)Progress (5): quarkus-http-core-3.1.1.Final.jar (81/932 kB) | quarkus-http-servlet-3.1.1.Final.jar (46/498 kB) | jakarta.servlet-api-4.0.3.jar (24/83 kB) | jboss-metadata-common-11.0.0.Final.jar (14/475 kB) | jboss-metadata-web-11.0.0.Final.jar (5.5/468 kB)Progress (5): quarkus-http-core-3.1.1.Final.jar (81/932 kB) | quarkus-http-servlet-3.1.1.Final.jar (46/498 kB) | jakarta.servlet-api-4.0.3.jar (27/83 kB) | jboss-metadata-common-11.0.0.Final.jar (14/475 kB) | jboss-metadata-web-11.0.0.Final.jar (5.5/468 kB)Progress (5): quarkus-http-core-3.1.1.Final.jar (81/932 kB) | quarkus-http-servlet-3.1.1.Final.jar (46/498 kB) | jakarta.servlet-api-4.0.3.jar (27/83 kB) | jboss-metadata-common-11.0.0.Final.jar (14/475 kB) | jboss-metadata-web-11.0.0.Final.jar (8.2/468 kB)Progress (5): quarkus-http-core-3.1.1.Final.jar (81/932 kB) | quarkus-http-servlet-3.1.1.Final.jar (49/498 kB) | jakarta.servlet-api-4.0.3.jar (27/83 kB) | jboss-metadata-common-11.0.0.Final.jar (14/475 kB) | jboss-metadata-web-11.0.0.Final.jar (8.2/468 kB)Progress (5): quarkus-http-core-3.1.1.Final.jar (90/932 kB) | quarkus-http-servlet-3.1.1.Final.jar (49/498 kB) | jakarta.servlet-api-4.0.3.jar (27/83 kB) | jboss-metadata-common-11.0.0.Final.jar (14/475 kB) | jboss-metadata-web-11.0.0.Final.jar (8.2/468 kB)Progress (5): quarkus-http-core-3.1.1.Final.jar (90/932 kB) | quarkus-http-servlet-3.1.1.Final.jar (49/498 kB) | jakarta.servlet-api-4.0.3.jar (30/83 kB) | jboss-metadata-common-11.0.0.Final.jar (14/475 kB) | jboss-metadata-web-11.0.0.Final.jar (8.2/468 kB)Progress (5): quarkus-http-core-3.1.1.Final.jar (90/932 kB) | quarkus-http-servlet-3.1.1.Final.jar (49/498 kB) | jakarta.servlet-api-4.0.3.jar (32/83 kB) | jboss-metadata-common-11.0.0.Final.jar (14/475 kB) | jboss-metadata-web-11.0.0.Final.jar (8.2/468 kB)Progress (5): quarkus-http-core-3.1.1.Final.jar (90/932 kB) | quarkus-http-servlet-3.1.1.Final.jar (53/498 kB) | jakarta.servlet-api-4.0.3.jar (32/83 kB) | jboss-metadata-common-11.0.0.Final.jar (14/475 kB) | jboss-metadata-web-11.0.0.Final.jar (8.2/468 kB)Progress (5): quarkus-http-core-3.1.1.Final.jar (90/932 kB) | quarkus-http-servlet-3.1.1.Final.jar (53/498 kB) | jakarta.servlet-api-4.0.3.jar (32/83 kB) | jboss-metadata-common-11.0.0.Final.jar (16/475 kB) | jboss-metadata-web-11.0.0.Final.jar (8.2/468 kB)Progress (5): quarkus-http-core-3.1.1.Final.jar (98/932 kB) | quarkus-http-servlet-3.1.1.Final.jar (53/498 kB) | jakarta.servlet-api-4.0.3.jar (32/83 kB) | jboss-metadata-common-11.0.0.Final.jar (16/475 kB) | jboss-metadata-web-11.0.0.Final.jar (8.2/468 kB)Progress (5): quarkus-http-core-3.1.1.Final.jar (98/932 kB) | quarkus-http-servlet-3.1.1.Final.jar (53/498 kB) | jakarta.servlet-api-4.0.3.jar (32/83 kB) | jboss-metadata-common-11.0.0.Final.jar (16/475 kB) | jboss-metadata-web-11.0.0.Final.jar (11/468 kB) Progress (5): quarkus-http-core-3.1.1.Final.jar (98/932 kB) | quarkus-http-servlet-3.1.1.Final.jar (53/498 kB) | jakarta.servlet-api-4.0.3.jar (36/83 kB) | jboss-metadata-common-11.0.0.Final.jar (16/475 kB) | jboss-metadata-web-11.0.0.Final.jar (11/468 kB)Progress (5): quarkus-http-core-3.1.1.Final.jar (98/932 kB) | quarkus-http-servlet-3.1.1.Final.jar (57/498 kB) | jakarta.servlet-api-4.0.3.jar (36/83 kB) | jboss-metadata-common-11.0.0.Final.jar (16/475 kB) | jboss-metadata-web-11.0.0.Final.jar (11/468 kB)Progress (5): quarkus-http-core-3.1.1.Final.jar (98/932 kB) | quarkus-http-servlet-3.1.1.Final.jar (57/498 kB) | jakarta.servlet-api-4.0.3.jar (36/83 kB) | jboss-metadata-common-11.0.0.Final.jar (16/475 kB) | jboss-metadata-web-11.0.0.Final.jar (14/468 kB)Progress (5): quarkus-http-core-3.1.1.Final.jar (98/932 kB) | quarkus-http-servlet-3.1.1.Final.jar (57/498 kB) | jakarta.servlet-api-4.0.3.jar (40/83 kB) | jboss-metadata-common-11.0.0.Final.jar (16/475 kB) | jboss-metadata-web-11.0.0.Final.jar (14/468 kB)Progress (5): quarkus-http-core-3.1.1.Final.jar (98/932 kB) | quarkus-http-servlet-3.1.1.Final.jar (61/498 kB) | jakarta.servlet-api-4.0.3.jar (40/83 kB) | jboss-metadata-common-11.0.0.Final.jar (16/475 kB) | jboss-metadata-web-11.0.0.Final.jar (14/468 kB)Progress (5): quarkus-http-core-3.1.1.Final.jar (98/932 kB) | quarkus-http-servlet-3.1.1.Final.jar (61/498 kB) | jakarta.servlet-api-4.0.3.jar (40/83 kB) | jboss-metadata-common-11.0.0.Final.jar (20/475 kB) | jboss-metadata-web-11.0.0.Final.jar (14/468 kB)Progress (5): quarkus-http-core-3.1.1.Final.jar (98/932 kB) | quarkus-http-servlet-3.1.1.Final.jar (61/498 kB) | jakarta.servlet-api-4.0.3.jar (40/83 kB) | jboss-metadata-common-11.0.0.Final.jar (20/475 kB) | jboss-metadata-web-11.0.0.Final.jar (16/468 kB)Progress (5): quarkus-http-core-3.1.1.Final.jar (98/932 kB) | quarkus-http-servlet-3.1.1.Final.jar (61/498 kB) | jakarta.servlet-api-4.0.3.jar (45/83 kB) | jboss-metadata-common-11.0.0.Final.jar (20/475 kB) | jboss-metadata-web-11.0.0.Final.jar (16/468 kB)Progress (5): quarkus-http-core-3.1.1.Final.jar (98/932 kB) | quarkus-http-servlet-3.1.1.Final.jar (65/498 kB) | jakarta.servlet-api-4.0.3.jar (45/83 kB) | jboss-metadata-common-11.0.0.Final.jar (20/475 kB) | jboss-metadata-web-11.0.0.Final.jar (16/468 kB)Progress (5): quarkus-http-core-3.1.1.Final.jar (106/932 kB) | quarkus-http-servlet-3.1.1.Final.jar (65/498 kB) | jakarta.servlet-api-4.0.3.jar (45/83 kB) | jboss-metadata-common-11.0.0.Final.jar (20/475 kB) | jboss-metadata-web-11.0.0.Final.jar (16/468 kB)Progress (5): quarkus-http-core-3.1.1.Final.jar (106/932 kB) | quarkus-http-servlet-3.1.1.Final.jar (65/498 kB) | jakarta.servlet-api-4.0.3.jar (45/83 kB) | jboss-metadata-common-11.0.0.Final.jar (20/475 kB) | jboss-metadata-web-11.0.0.Final.jar (20/468 kB)Progress (5): quarkus-http-core-3.1.1.Final.jar (106/932 kB) | quarkus-http-servlet-3.1.1.Final.jar (65/498 kB) | jakarta.servlet-api-4.0.3.jar (49/83 kB) | jboss-metadata-common-11.0.0.Final.jar (20/475 kB) | jboss-metadata-web-11.0.0.Final.jar (20/468 kB)Progress (5): quarkus-http-core-3.1.1.Final.jar (106/932 kB) | quarkus-http-servlet-3.1.1.Final.jar (65/498 kB) | jakarta.servlet-api-4.0.3.jar (49/83 kB) | jboss-metadata-common-11.0.0.Final.jar (24/475 kB) | jboss-metadata-web-11.0.0.Final.jar (20/468 kB)Progress (5): quarkus-http-core-3.1.1.Final.jar (106/932 kB) | quarkus-http-servlet-3.1.1.Final.jar (69/498 kB) | jakarta.servlet-api-4.0.3.jar (49/83 kB) | jboss-metadata-common-11.0.0.Final.jar (24/475 kB) | jboss-metadata-web-11.0.0.Final.jar (20/468 kB)Progress (5): quarkus-http-core-3.1.1.Final.jar (106/932 kB) | quarkus-http-servlet-3.1.1.Final.jar (69/498 kB) | jakarta.servlet-api-4.0.3.jar (49/83 kB) | jboss-metadata-common-11.0.0.Final.jar (24/475 kB) | jboss-metadata-web-11.0.0.Final.jar (24/468 kB)Progress (5): quarkus-http-core-3.1.1.Final.jar (106/932 kB) | quarkus-http-servlet-3.1.1.Final.jar (69/498 kB) | jakarta.servlet-api-4.0.3.jar (53/83 kB) | jboss-metadata-common-11.0.0.Final.jar (24/475 kB) | jboss-metadata-web-11.0.0.Final.jar (24/468 kB)Progress (5): quarkus-http-core-3.1.1.Final.jar (106/932 kB) | quarkus-http-servlet-3.1.1.Final.jar (73/498 kB) | jakarta.servlet-api-4.0.3.jar (53/83 kB) | jboss-metadata-common-11.0.0.Final.jar (24/475 kB) | jboss-metadata-web-11.0.0.Final.jar (24/468 kB)Progress (5): quarkus-http-core-3.1.1.Final.jar (106/932 kB) | quarkus-http-servlet-3.1.1.Final.jar (73/498 kB) | jakarta.servlet-api-4.0.3.jar (53/83 kB) | jboss-metadata-common-11.0.0.Final.jar (28/475 kB) | jboss-metadata-web-11.0.0.Final.jar (24/468 kB)Progress (5): quarkus-http-core-3.1.1.Final.jar (106/932 kB) | quarkus-http-servlet-3.1.1.Final.jar (73/498 kB) | jakarta.servlet-api-4.0.3.jar (57/83 kB) | jboss-metadata-common-11.0.0.Final.jar (28/475 kB) | jboss-metadata-web-11.0.0.Final.jar (24/468 kB)Progress (5): quarkus-http-core-3.1.1.Final.jar (106/932 kB) | quarkus-http-servlet-3.1.1.Final.jar (77/498 kB) | jakarta.servlet-api-4.0.3.jar (57/83 kB) | jboss-metadata-common-11.0.0.Final.jar (28/475 kB) | jboss-metadata-web-11.0.0.Final.jar (24/468 kB)Progress (5): quarkus-http-core-3.1.1.Final.jar (114/932 kB) | quarkus-http-servlet-3.1.1.Final.jar (77/498 kB) | jakarta.servlet-api-4.0.3.jar (57/83 kB) | jboss-metadata-common-11.0.0.Final.jar (28/475 kB) | jboss-metadata-web-11.0.0.Final.jar (24/468 kB)Progress (5): quarkus-http-core-3.1.1.Final.jar (114/932 kB) | quarkus-http-servlet-3.1.1.Final.jar (77/498 kB) | jakarta.servlet-api-4.0.3.jar (61/83 kB) | jboss-metadata-common-11.0.0.Final.jar (28/475 kB) | jboss-metadata-web-11.0.0.Final.jar (24/468 kB)Progress (5): quarkus-http-core-3.1.1.Final.jar (114/932 kB) | quarkus-http-servlet-3.1.1.Final.jar (77/498 kB) | jakarta.servlet-api-4.0.3.jar (61/83 kB) | jboss-metadata-common-11.0.0.Final.jar (28/475 kB) | jboss-metadata-web-11.0.0.Final.jar (28/468 kB)Progress (5): quarkus-http-core-3.1.1.Final.jar (114/932 kB) | quarkus-http-servlet-3.1.1.Final.jar (77/498 kB) | jakarta.servlet-api-4.0.3.jar (61/83 kB) | jboss-metadata-common-11.0.0.Final.jar (32/475 kB) | jboss-metadata-web-11.0.0.Final.jar (28/468 kB)Progress (5): quarkus-http-core-3.1.1.Final.jar (114/932 kB) | quarkus-http-servlet-3.1.1.Final.jar (81/498 kB) | jakarta.servlet-api-4.0.3.jar (61/83 kB) | jboss-metadata-common-11.0.0.Final.jar (32/475 kB) | jboss-metadata-web-11.0.0.Final.jar (28/468 kB)Progress (5): quarkus-http-core-3.1.1.Final.jar (114/932 kB) | quarkus-http-servlet-3.1.1.Final.jar (81/498 kB) | jakarta.servlet-api-4.0.3.jar (65/83 kB) | jboss-metadata-common-11.0.0.Final.jar (32/475 kB) | jboss-metadata-web-11.0.0.Final.jar (28/468 kB)Progress (5): quarkus-http-core-3.1.1.Final.jar (114/932 kB) | quarkus-http-servlet-3.1.1.Final.jar (81/498 kB) | jakarta.servlet-api-4.0.3.jar (65/83 kB) | jboss-metadata-common-11.0.0.Final.jar (32/475 kB) | jboss-metadata-web-11.0.0.Final.jar (32/468 kB)Progress (5): quarkus-http-core-3.1.1.Final.jar (114/932 kB) | quarkus-http-servlet-3.1.1.Final.jar (86/498 kB) | jakarta.servlet-api-4.0.3.jar (65/83 kB) | jboss-metadata-common-11.0.0.Final.jar (32/475 kB) | jboss-metadata-web-11.0.0.Final.jar (32/468 kB)Progress (5): quarkus-http-core-3.1.1.Final.jar (114/932 kB) | quarkus-http-servlet-3.1.1.Final.jar (86/498 kB) | jakarta.servlet-api-4.0.3.jar (65/83 kB) | jboss-metadata-common-11.0.0.Final.jar (36/475 kB) | jboss-metadata-web-11.0.0.Final.jar (32/468 kB)Progress (5): quarkus-http-core-3.1.1.Final.jar (114/932 kB) | quarkus-http-servlet-3.1.1.Final.jar (86/498 kB) | jakarta.servlet-api-4.0.3.jar (69/83 kB) | jboss-metadata-common-11.0.0.Final.jar (36/475 kB) | jboss-metadata-web-11.0.0.Final.jar (32/468 kB)Progress (5): quarkus-http-core-3.1.1.Final.jar (114/932 kB) | quarkus-http-servlet-3.1.1.Final.jar (86/498 kB) | jakarta.servlet-api-4.0.3.jar (69/83 kB) | jboss-metadata-common-11.0.0.Final.jar (36/475 kB) | jboss-metadata-web-11.0.0.Final.jar (36/468 kB)Progress (5): quarkus-http-core-3.1.1.Final.jar (114/932 kB) | quarkus-http-servlet-3.1.1.Final.jar (90/498 kB) | jakarta.servlet-api-4.0.3.jar (69/83 kB) | jboss-metadata-common-11.0.0.Final.jar (36/475 kB) | jboss-metadata-web-11.0.0.Final.jar (36/468 kB)Progress (5): quarkus-http-core-3.1.1.Final.jar (114/932 kB) | quarkus-http-servlet-3.1.1.Final.jar (90/498 kB) | jakarta.servlet-api-4.0.3.jar (73/83 kB) | jboss-metadata-common-11.0.0.Final.jar (36/475 kB) | jboss-metadata-web-11.0.0.Final.jar (36/468 kB)Progress (5): quarkus-http-core-3.1.1.Final.jar (122/932 kB) | quarkus-http-servlet-3.1.1.Final.jar (90/498 kB) | jakarta.servlet-api-4.0.3.jar (73/83 kB) | jboss-metadata-common-11.0.0.Final.jar (36/475 kB) | jboss-metadata-web-11.0.0.Final.jar (36/468 kB)Progress (5): quarkus-http-core-3.1.1.Final.jar (122/932 kB) | quarkus-http-servlet-3.1.1.Final.jar (90/498 kB) | jakarta.servlet-api-4.0.3.jar (73/83 kB) | jboss-metadata-common-11.0.0.Final.jar (36/475 kB) | jboss-metadata-web-11.0.0.Final.jar (40/468 kB)Progress (5): quarkus-http-core-3.1.1.Final.jar (122/932 kB) | quarkus-http-servlet-3.1.1.Final.jar (94/498 kB) | jakarta.servlet-api-4.0.3.jar (73/83 kB) | jboss-metadata-common-11.0.0.Final.jar (36/475 kB) | jboss-metadata-web-11.0.0.Final.jar (40/468 kB)Progress (5): quarkus-http-core-3.1.1.Final.jar (122/932 kB) | quarkus-http-servlet-3.1.1.Final.jar (94/498 kB) | jakarta.servlet-api-4.0.3.jar (73/83 kB) | jboss-metadata-common-11.0.0.Final.jar (40/475 kB) | jboss-metadata-web-11.0.0.Final.jar (40/468 kB)Progress (5): quarkus-http-core-3.1.1.Final.jar (122/932 kB) | quarkus-http-servlet-3.1.1.Final.jar (94/498 kB) | jakarta.servlet-api-4.0.3.jar (77/83 kB) | jboss-metadata-common-11.0.0.Final.jar (40/475 kB) | jboss-metadata-web-11.0.0.Final.jar (40/468 kB)Progress (5): quarkus-http-core-3.1.1.Final.jar (122/932 kB) | quarkus-http-servlet-3.1.1.Final.jar (94/498 kB) | jakarta.servlet-api-4.0.3.jar (77/83 kB) | jboss-metadata-common-11.0.0.Final.jar (40/475 kB) | jboss-metadata-web-11.0.0.Final.jar (45/468 kB)Progress (5): quarkus-http-core-3.1.1.Final.jar (122/932 kB) | quarkus-http-servlet-3.1.1.Final.jar (98/498 kB) | jakarta.servlet-api-4.0.3.jar (77/83 kB) | jboss-metadata-common-11.0.0.Final.jar (40/475 kB) | jboss-metadata-web-11.0.0.Final.jar (45/468 kB)Progress (5): quarkus-http-core-3.1.1.Final.jar (122/932 kB) | quarkus-http-servlet-3.1.1.Final.jar (98/498 kB) | jakarta.servlet-api-4.0.3.jar (81/83 kB) | jboss-metadata-common-11.0.0.Final.jar (40/475 kB) | jboss-metadata-web-11.0.0.Final.jar (45/468 kB)Progress (5): quarkus-http-core-3.1.1.Final.jar (122/932 kB) | quarkus-http-servlet-3.1.1.Final.jar (98/498 kB) | jakarta.servlet-api-4.0.3.jar (81/83 kB) | jboss-metadata-common-11.0.0.Final.jar (45/475 kB) | jboss-metadata-web-11.0.0.Final.jar (45/468 kB)Progress (5): quarkus-http-core-3.1.1.Final.jar (122/932 kB) | quarkus-http-servlet-3.1.1.Final.jar (98/498 kB) | jakarta.servlet-api-4.0.3.jar (83 kB) | jboss-metadata-common-11.0.0.Final.jar (45/475 kB) | jboss-metadata-web-11.0.0.Final.jar (45/468 kB)   Progress (5): quarkus-http-core-3.1.1.Final.jar (122/932 kB) | quarkus-http-servlet-3.1.1.Final.jar (98/498 kB) | jakarta.servlet-api-4.0.3.jar (83 kB) | jboss-metadata-common-11.0.0.Final.jar (45/475 kB) | jboss-metadata-web-11.0.0.Final.jar (49/468 kB)Progress (5): quarkus-http-core-3.1.1.Final.jar (122/932 kB) | quarkus-http-servlet-3.1.1.Final.jar (102/498 kB) | jakarta.servlet-api-4.0.3.jar (83 kB) | jboss-metadata-common-11.0.0.Final.jar (45/475 kB) | jboss-metadata-web-11.0.0.Final.jar (49/468 kB)Progress (5): quarkus-http-core-3.1.1.Final.jar (131/932 kB) | quarkus-http-servlet-3.1.1.Final.jar (102/498 kB) | jakarta.servlet-api-4.0.3.jar (83 kB) | jboss-metadata-common-11.0.0.Final.jar (45/475 kB) | jboss-metadata-web-11.0.0.Final.jar (49/468 kB)Progress (5): quarkus-http-core-3.1.1.Final.jar (131/932 kB) | quarkus-http-servlet-3.1.1.Final.jar (102/498 kB) | jakarta.servlet-api-4.0.3.jar (83 kB) | jboss-metadata-common-11.0.0.Final.jar (49/475 kB) | jboss-metadata-web-11.0.0.Final.jar (49/468 kB)Progress (5): quarkus-http-core-3.1.1.Final.jar (131/932 kB) | quarkus-http-servlet-3.1.1.Final.jar (106/498 kB) | jakarta.servlet-api-4.0.3.jar (83 kB) | jboss-metadata-common-11.0.0.Final.jar (49/475 kB) | jboss-metadata-web-11.0.0.Final.jar (49/468 kB)Progress (5): quarkus-http-core-3.1.1.Final.jar (131/932 kB) | quarkus-http-servlet-3.1.1.Final.jar (106/498 kB) | jakarta.servlet-api-4.0.3.jar (83 kB) | jboss-metadata-common-11.0.0.Final.jar (49/475 kB) | jboss-metadata-web-11.0.0.Final.jar (53/468 kB)Progress (5): quarkus-http-core-3.1.1.Final.jar (131/932 kB) | quarkus-http-servlet-3.1.1.Final.jar (110/498 kB) | jakarta.servlet-api-4.0.3.jar (83 kB) | jboss-metadata-common-11.0.0.Final.jar (49/475 kB) | jboss-metadata-web-11.0.0.Final.jar (53/468 kB)Progress (5): quarkus-http-core-3.1.1.Final.jar (131/932 kB) | quarkus-http-servlet-3.1.1.Final.jar (110/498 kB) | jakarta.servlet-api-4.0.3.jar (83 kB) | jboss-metadata-common-11.0.0.Final.jar (49/475 kB) | jboss-metadata-web-11.0.0.Final.jar (57/468 kB)Progress (5): quarkus-http-core-3.1.1.Final.jar (131/932 kB) | quarkus-http-servlet-3.1.1.Final.jar (114/498 kB) | jakarta.servlet-api-4.0.3.jar (83 kB) | jboss-metadata-common-11.0.0.Final.jar (49/475 kB) | jboss-metadata-web-11.0.0.Final.jar (57/468 kB)Progress (5): quarkus-http-core-3.1.1.Final.jar (131/932 kB) | quarkus-http-servlet-3.1.1.Final.jar (114/498 kB) | jakarta.servlet-api-4.0.3.jar (83 kB) | jboss-metadata-common-11.0.0.Final.jar (53/475 kB) | jboss-metadata-web-11.0.0.Final.jar (57/468 kB)Progress (5): quarkus-http-core-3.1.1.Final.jar (131/932 kB) | quarkus-http-servlet-3.1.1.Final.jar (114/498 kB) | jakarta.servlet-api-4.0.3.jar (83 kB) | jboss-metadata-common-11.0.0.Final.jar (53/475 kB) | jboss-metadata-web-11.0.0.Final.jar (61/468 kB)                                                                                                                                                                                                                                                               Downloaded from central: https://repo.maven.apache.org/maven2/jakarta/servlet/jakarta.servlet-api/4.0.3/jakarta.servlet-api-4.0.3.jar (83 kB at 280 kB/s)
Progress (4): quarkus-http-core-3.1.1.Final.jar (131/932 kB) | quarkus-http-servlet-3.1.1.Final.jar (114/498 kB) | jboss-metadata-common-11.0.0.Final.jar (53/475 kB) | jboss-metadata-web-11.0.0.Final.jar (65/468 kB)Progress (4): quarkus-http-core-3.1.1.Final.jar (131/932 kB) | quarkus-http-servlet-3.1.1.Final.jar (118/498 kB) | jboss-metadata-common-11.0.0.Final.jar (53/475 kB) | jboss-metadata-web-11.0.0.Final.jar (65/468 kB)Progress (4): quarkus-http-core-3.1.1.Final.jar (139/932 kB) | quarkus-http-servlet-3.1.1.Final.jar (118/498 kB) | jboss-metadata-common-11.0.0.Final.jar (53/475 kB) | jboss-metadata-web-11.0.0.Final.jar (65/468 kB)Progress (4): quarkus-http-core-3.1.1.Final.jar (139/932 kB) | quarkus-http-servlet-3.1.1.Final.jar (118/498 kB) | jboss-metadata-common-11.0.0.Final.jar (57/475 kB) | jboss-metadata-web-11.0.0.Final.jar (65/468 kB)                                                                                                                                                                                                                       Downloading from central: https://repo.maven.apache.org/maven2/io/quarkus/quarkus-undertow-spi/1.13.7.Final/quarkus-undertow-spi-1.13.7.Final.jar
Progress (4): quarkus-http-core-3.1.1.Final.jar (139/932 kB) | quarkus-http-servlet-3.1.1.Final.jar (122/498 kB) | jboss-metadata-common-11.0.0.Final.jar (57/475 kB) | jboss-metadata-web-11.0.0.Final.jar (65/468 kB)Progress (4): quarkus-http-core-3.1.1.Final.jar (139/932 kB) | quarkus-http-servlet-3.1.1.Final.jar (122/498 kB) | jboss-metadata-common-11.0.0.Final.jar (57/475 kB) | jboss-metadata-web-11.0.0.Final.jar (69/468 kB)Progress (4): quarkus-http-core-3.1.1.Final.jar (139/932 kB) | quarkus-http-servlet-3.1.1.Final.jar (122/498 kB) | jboss-metadata-common-11.0.0.Final.jar (61/475 kB) | jboss-metadata-web-11.0.0.Final.jar (69/468 kB)Progress (4): quarkus-http-core-3.1.1.Final.jar (139/932 kB) | quarkus-http-servlet-3.1.1.Final.jar (126/498 kB) | jboss-metadata-common-11.0.0.Final.jar (61/475 kB) | jboss-metadata-web-11.0.0.Final.jar (69/468 kB)Progress (4): quarkus-http-core-3.1.1.Final.jar (139/932 kB) | quarkus-http-servlet-3.1.1.Final.jar (126/498 kB) | jboss-metadata-common-11.0.0.Final.jar (61/475 kB) | jboss-metadata-web-11.0.0.Final.jar (73/468 kB)Progress (4): quarkus-http-core-3.1.1.Final.jar (139/932 kB) | quarkus-http-servlet-3.1.1.Final.jar (131/498 kB) | jboss-metadata-common-11.0.0.Final.jar (61/475 kB) | jboss-metadata-web-11.0.0.Final.jar (73/468 kB)Progress (4): quarkus-http-core-3.1.1.Final.jar (139/932 kB) | quarkus-http-servlet-3.1.1.Final.jar (131/498 kB) | jboss-metadata-common-11.0.0.Final.jar (65/475 kB) | jboss-metadata-web-11.0.0.Final.jar (73/468 kB)Progress (4): quarkus-http-core-3.1.1.Final.jar (139/932 kB) | quarkus-http-servlet-3.1.1.Final.jar (131/498 kB) | jboss-metadata-common-11.0.0.Final.jar (65/475 kB) | jboss-metadata-web-11.0.0.Final.jar (77/468 kB)Progress (4): quarkus-http-core-3.1.1.Final.jar (147/932 kB) | quarkus-http-servlet-3.1.1.Final.jar (131/498 kB) | jboss-metadata-common-11.0.0.Final.jar (65/475 kB) | jboss-metadata-web-11.0.0.Final.jar (77/468 kB)Progress (4): quarkus-http-core-3.1.1.Final.jar (147/932 kB) | quarkus-http-servlet-3.1.1.Final.jar (131/498 kB) | jboss-metadata-common-11.0.0.Final.jar (65/475 kB) | jboss-metadata-web-11.0.0.Final.jar (81/468 kB)Progress (4): quarkus-http-core-3.1.1.Final.jar (147/932 kB) | quarkus-http-servlet-3.1.1.Final.jar (135/498 kB) | jboss-metadata-common-11.0.0.Final.jar (65/475 kB) | jboss-metadata-web-11.0.0.Final.jar (81/468 kB)Progress (4): quarkus-http-core-3.1.1.Final.jar (147/932 kB) | quarkus-http-servlet-3.1.1.Final.jar (135/498 kB) | jboss-metadata-common-11.0.0.Final.jar (69/475 kB) | jboss-metadata-web-11.0.0.Final.jar (81/468 kB)Progress (4): quarkus-http-core-3.1.1.Final.jar (147/932 kB) | quarkus-http-servlet-3.1.1.Final.jar (139/498 kB) | jboss-metadata-common-11.0.0.Final.jar (69/475 kB) | jboss-metadata-web-11.0.0.Final.jar (81/468 kB)Progress (4): quarkus-http-core-3.1.1.Final.jar (147/932 kB) | quarkus-http-servlet-3.1.1.Final.jar (139/498 kB) | jboss-metadata-common-11.0.0.Final.jar (69/475 kB) | jboss-metadata-web-11.0.0.Final.jar (86/468 kB)Progress (5): quarkus-http-core-3.1.1.Final.jar (147/932 kB) | quarkus-http-servlet-3.1.1.Final.jar (139/498 kB) | jboss-metadata-common-11.0.0.Final.jar (69/475 kB) | jboss-metadata-web-11.0.0.Final.jar (86/468 kB) | quarkus-undertow-spi-1.13.7.Final.jar (4.1/24 kB)Progress (5): quarkus-http-core-3.1.1.Final.jar (147/932 kB) | quarkus-http-servlet-3.1.1.Final.jar (143/498 kB) | jboss-metadata-common-11.0.0.Final.jar (69/475 kB) | jboss-metadata-web-11.0.0.Final.jar (86/468 kB) | quarkus-undertow-spi-1.13.7.Final.jar (4.1/24 kB)Progress (5): quarkus-http-core-3.1.1.Final.jar (147/932 kB) | quarkus-http-servlet-3.1.1.Final.jar (143/498 kB) | jboss-metadata-common-11.0.0.Final.jar (69/475 kB) | jboss-metadata-web-11.0.0.Final.jar (90/468 kB) | quarkus-undertow-spi-1.13.7.Final.jar (4.1/24 kB)Progress (5): quarkus-http-core-3.1.1.Final.jar (147/932 kB) | quarkus-http-servlet-3.1.1.Final.jar (143/498 kB) | jboss-metadata-common-11.0.0.Final.jar (73/475 kB) | jboss-metadata-web-11.0.0.Final.jar (90/468 kB) | quarkus-undertow-spi-1.13.7.Final.jar (4.1/24 kB)Progress (5): quarkus-http-core-3.1.1.Final.jar (155/932 kB) | quarkus-http-servlet-3.1.1.Final.jar (143/498 kB) | jboss-metadata-common-11.0.0.Final.jar (73/475 kB) | jboss-metadata-web-11.0.0.Final.jar (90/468 kB) | quarkus-undertow-spi-1.13.7.Final.jar (4.1/24 kB)Progress (5): quarkus-http-core-3.1.1.Final.jar (155/932 kB) | quarkus-http-servlet-3.1.1.Final.jar (143/498 kB) | jboss-metadata-common-11.0.0.Final.jar (73/475 kB) | jboss-metadata-web-11.0.0.Final.jar (90/468 kB) | quarkus-undertow-spi-1.13.7.Final.jar (8.2/24 kB)Progress (5): quarkus-http-core-3.1.1.Final.jar (155/932 kB) | quarkus-http-servlet-3.1.1.Final.jar (147/498 kB) | jboss-metadata-common-11.0.0.Final.jar (73/475 kB) | jboss-metadata-web-11.0.0.Final.jar (90/468 kB) | quarkus-undertow-spi-1.13.7.Final.jar (8.2/24 kB)Progress (5): quarkus-http-core-3.1.1.Final.jar (155/932 kB) | quarkus-http-servlet-3.1.1.Final.jar (147/498 kB) | jboss-metadata-common-11.0.0.Final.jar (73/475 kB) | jboss-metadata-web-11.0.0.Final.jar (94/468 kB) | quarkus-undertow-spi-1.13.7.Final.jar (8.2/24 kB)Progress (5): quarkus-http-core-3.1.1.Final.jar (155/932 kB) | quarkus-http-servlet-3.1.1.Final.jar (147/498 kB) | jboss-metadata-common-11.0.0.Final.jar (77/475 kB) | jboss-metadata-web-11.0.0.Final.jar (94/468 kB) | quarkus-undertow-spi-1.13.7.Final.jar (8.2/24 kB)Progress (5): quarkus-http-core-3.1.1.Final.jar (155/932 kB) | quarkus-http-servlet-3.1.1.Final.jar (147/498 kB) | jboss-metadata-common-11.0.0.Final.jar (77/475 kB) | jboss-metadata-web-11.0.0.Final.jar (94/468 kB) | quarkus-undertow-spi-1.13.7.Final.jar (12/24 kB) Progress (5): quarkus-http-core-3.1.1.Final.jar (155/932 kB) | quarkus-http-servlet-3.1.1.Final.jar (147/498 kB) | jboss-metadata-common-11.0.0.Final.jar (77/475 kB) | jboss-metadata-web-11.0.0.Final.jar (98/468 kB) | quarkus-undertow-spi-1.13.7.Final.jar (12/24 kB)Progress (5): quarkus-http-core-3.1.1.Final.jar (155/932 kB) | quarkus-http-servlet-3.1.1.Final.jar (151/498 kB) | jboss-metadata-common-11.0.0.Final.jar (77/475 kB) | jboss-metadata-web-11.0.0.Final.jar (98/468 kB) | quarkus-undertow-spi-1.13.7.Final.jar (12/24 kB)Progress (5): quarkus-http-core-3.1.1.Final.jar (155/932 kB) | quarkus-http-servlet-3.1.1.Final.jar (151/498 kB) | jboss-metadata-common-11.0.0.Final.jar (81/475 kB) | jboss-metadata-web-11.0.0.Final.jar (98/468 kB) | quarkus-undertow-spi-1.13.7.Final.jar (12/24 kB)Progress (5): quarkus-http-core-3.1.1.Final.jar (155/932 kB) | quarkus-http-servlet-3.1.1.Final.jar (151/498 kB) | jboss-metadata-common-11.0.0.Final.jar (81/475 kB) | jboss-metadata-web-11.0.0.Final.jar (98/468 kB) | quarkus-undertow-spi-1.13.7.Final.jar (16/24 kB)Progress (5): quarkus-http-core-3.1.1.Final.jar (155/932 kB) | quarkus-http-servlet-3.1.1.Final.jar (155/498 kB) | jboss-metadata-common-11.0.0.Final.jar (81/475 kB) | jboss-metadata-web-11.0.0.Final.jar (98/468 kB) | quarkus-undertow-spi-1.13.7.Final.jar (16/24 kB)Progress (5): quarkus-http-core-3.1.1.Final.jar (155/932 kB) | quarkus-http-servlet-3.1.1.Final.jar (155/498 kB) | jboss-metadata-common-11.0.0.Final.jar (81/475 kB) | jboss-metadata-web-11.0.0.Final.jar (102/468 kB) | quarkus-undertow-spi-1.13.7.Final.jar (16/24 kB)Progress (5): quarkus-http-core-3.1.1.Final.jar (163/932 kB) | quarkus-http-servlet-3.1.1.Final.jar (155/498 kB) | jboss-metadata-common-11.0.0.Final.jar (81/475 kB) | jboss-metadata-web-11.0.0.Final.jar (102/468 kB) | quarkus-undertow-spi-1.13.7.Final.jar (16/24 kB)Progress (5): quarkus-http-core-3.1.1.Final.jar (163/932 kB) | quarkus-http-servlet-3.1.1.Final.jar (155/498 kB) | jboss-metadata-common-11.0.0.Final.jar (81/475 kB) | jboss-metadata-web-11.0.0.Final.jar (102/468 kB) | quarkus-undertow-spi-1.13.7.Final.jar (20/24 kB)Progress (5): quarkus-http-core-3.1.1.Final.jar (163/932 kB) | quarkus-http-servlet-3.1.1.Final.jar (159/498 kB) | jboss-metadata-common-11.0.0.Final.jar (81/475 kB) | jboss-metadata-web-11.0.0.Final.jar (102/468 kB) | quarkus-undertow-spi-1.13.7.Final.jar (20/24 kB)Progress (5): quarkus-http-core-3.1.1.Final.jar (163/932 kB) | quarkus-http-servlet-3.1.1.Final.jar (159/498 kB) | jboss-metadata-common-11.0.0.Final.jar (81/475 kB) | jboss-metadata-web-11.0.0.Final.jar (106/468 kB) | quarkus-undertow-spi-1.13.7.Final.jar (20/24 kB)Progress (5): quarkus-http-core-3.1.1.Final.jar (163/932 kB) | quarkus-http-servlet-3.1.1.Final.jar (159/498 kB) | jboss-metadata-common-11.0.0.Final.jar (86/475 kB) | jboss-metadata-web-11.0.0.Final.jar (106/468 kB) | quarkus-undertow-spi-1.13.7.Final.jar (20/24 kB)Progress (5): quarkus-http-core-3.1.1.Final.jar (163/932 kB) | quarkus-http-servlet-3.1.1.Final.jar (159/498 kB) | jboss-metadata-common-11.0.0.Final.jar (86/475 kB) | jboss-metadata-web-11.0.0.Final.jar (106/468 kB) | quarkus-undertow-spi-1.13.7.Final.jar (24/24 kB)Progress (5): quarkus-http-core-3.1.1.Final.jar (163/932 kB) | quarkus-http-servlet-3.1.1.Final.jar (159/498 kB) | jboss-metadata-common-11.0.0.Final.jar (86/475 kB) | jboss-metadata-web-11.0.0.Final.jar (106/468 kB) | quarkus-undertow-spi-1.13.7.Final.jar (24 kB)   Progress (5): quarkus-http-core-3.1.1.Final.jar (163/932 kB) | quarkus-http-servlet-3.1.1.Final.jar (163/498 kB) | jboss-metadata-common-11.0.0.Final.jar (86/475 kB) | jboss-metadata-web-11.0.0.Final.jar (106/468 kB) | quarkus-undertow-spi-1.13.7.Final.jar (24 kB)Progress (5): quarkus-http-core-3.1.1.Final.jar (163/932 kB) | quarkus-http-servlet-3.1.1.Final.jar (163/498 kB) | jboss-metadata-common-11.0.0.Final.jar (90/475 kB) | jboss-metadata-web-11.0.0.Final.jar (106/468 kB) | quarkus-undertow-spi-1.13.7.Final.jar (24 kB)Progress (5): quarkus-http-core-3.1.1.Final.jar (172/932 kB) | quarkus-http-servlet-3.1.1.Final.jar (163/498 kB) | jboss-metadata-common-11.0.0.Final.jar (90/475 kB) | jboss-metadata-web-11.0.0.Final.jar (106/468 kB) | quarkus-undertow-spi-1.13.7.Final.jar (24 kB)Progress (5): quarkus-http-core-3.1.1.Final.jar (172/932 kB) | quarkus-http-servlet-3.1.1.Final.jar (163/498 kB) | jboss-metadata-common-11.0.0.Final.jar (94/475 kB) | jboss-metadata-web-11.0.0.Final.jar (106/468 kB) | quarkus-undertow-spi-1.13.7.Final.jar (24 kB)Progress (5): quarkus-http-core-3.1.1.Final.jar (172/932 kB) | quarkus-http-servlet-3.1.1.Final.jar (167/498 kB) | jboss-metadata-common-11.0.0.Final.jar (94/475 kB) | jboss-metadata-web-11.0.0.Final.jar (106/468 kB) | quarkus-undertow-spi-1.13.7.Final.jar (24 kB)Progress (5): quarkus-http-core-3.1.1.Final.jar (172/932 kB) | quarkus-http-servlet-3.1.1.Final.jar (167/498 kB) | jboss-metadata-common-11.0.0.Final.jar (98/475 kB) | jboss-metadata-web-11.0.0.Final.jar (106/468 kB) | quarkus-undertow-spi-1.13.7.Final.jar (24 kB)Progress (5): quarkus-http-core-3.1.1.Final.jar (172/932 kB) | quarkus-http-servlet-3.1.1.Final.jar (172/498 kB) | jboss-metadata-common-11.0.0.Final.jar (98/475 kB) | jboss-metadata-web-11.0.0.Final.jar (106/468 kB) | quarkus-undertow-spi-1.13.7.Final.jar (24 kB)Progress (5): quarkus-http-core-3.1.1.Final.jar (172/932 kB) | quarkus-http-servlet-3.1.1.Final.jar (176/498 kB) | jboss-metadata-common-11.0.0.Final.jar (98/475 kB) | jboss-metadata-web-11.0.0.Final.jar (106/468 kB) | quarkus-undertow-spi-1.13.7.Final.jar (24 kB)Progress (5): quarkus-http-core-3.1.1.Final.jar (180/932 kB) | quarkus-http-servlet-3.1.1.Final.jar (176/498 kB) | jboss-metadata-common-11.0.0.Final.jar (98/475 kB) | jboss-metadata-web-11.0.0.Final.jar (106/468 kB) | quarkus-undertow-spi-1.13.7.Final.jar (24 kB)Progress (5): quarkus-http-core-3.1.1.Final.jar (180/932 kB) | quarkus-http-servlet-3.1.1.Final.jar (176/498 kB) | jboss-metadata-common-11.0.0.Final.jar (98/475 kB) | jboss-metadata-web-11.0.0.Final.jar (110/468 kB) | quarkus-undertow-spi-1.13.7.Final.jar (24 kB)Progress (5): quarkus-http-core-3.1.1.Final.jar (180/932 kB) | quarkus-http-servlet-3.1.1.Final.jar (180/498 kB) | jboss-metadata-common-11.0.0.Final.jar (98/475 kB) | jboss-metadata-web-11.0.0.Final.jar (110/468 kB) | quarkus-undertow-spi-1.13.7.Final.jar (24 kB)                                                                                                                                                                                                                                                                        Downloaded from central: https://repo.maven.apache.org/maven2/io/quarkus/quarkus-undertow-spi/1.13.7.Final/quarkus-undertow-spi-1.13.7.Final.jar (24 kB at 69 kB/s)
Downloading from central: https://repo.maven.apache.org/maven2/io/quarkus/quarkus-netty-deployment/1.13.7.Final/quarkus-netty-deployment-1.13.7.Final.jar
Progress (4): quarkus-http-core-3.1.1.Final.jar (180/932 kB) | quarkus-http-servlet-3.1.1.Final.jar (180/498 kB) | jboss-metadata-common-11.0.0.Final.jar (98/475 kB) | jboss-metadata-web-11.0.0.Final.jar (114/468 kB)Progress (4): quarkus-http-core-3.1.1.Final.jar (180/932 kB) | quarkus-http-servlet-3.1.1.Final.jar (184/498 kB) | jboss-metadata-common-11.0.0.Final.jar (98/475 kB) | jboss-metadata-web-11.0.0.Final.jar (114/468 kB)Progress (4): quarkus-http-core-3.1.1.Final.jar (180/932 kB) | quarkus-http-servlet-3.1.1.Final.jar (184/498 kB) | jboss-metadata-common-11.0.0.Final.jar (98/475 kB) | jboss-metadata-web-11.0.0.Final.jar (118/468 kB)Progress (4): quarkus-http-core-3.1.1.Final.jar (180/932 kB) | quarkus-http-servlet-3.1.1.Final.jar (188/498 kB) | jboss-metadata-common-11.0.0.Final.jar (98/475 kB) | jboss-metadata-web-11.0.0.Final.jar (118/468 kB)Progress (4): quarkus-http-core-3.1.1.Final.jar (180/932 kB) | quarkus-http-servlet-3.1.1.Final.jar (188/498 kB) | jboss-metadata-common-11.0.0.Final.jar (102/475 kB) | jboss-metadata-web-11.0.0.Final.jar (118/468 kB)Progress (4): quarkus-http-core-3.1.1.Final.jar (188/932 kB) | quarkus-http-servlet-3.1.1.Final.jar (188/498 kB) | jboss-metadata-common-11.0.0.Final.jar (102/475 kB) | jboss-metadata-web-11.0.0.Final.jar (118/468 kB)Progress (4): quarkus-http-core-3.1.1.Final.jar (188/932 kB) | quarkus-http-servlet-3.1.1.Final.jar (192/498 kB) | jboss-metadata-common-11.0.0.Final.jar (102/475 kB) | jboss-metadata-web-11.0.0.Final.jar (118/468 kB)Progress (4): quarkus-http-core-3.1.1.Final.jar (188/932 kB) | quarkus-http-servlet-3.1.1.Final.jar (192/498 kB) | jboss-metadata-common-11.0.0.Final.jar (102/475 kB) | jboss-metadata-web-11.0.0.Final.jar (122/468 kB)Progress (4): quarkus-http-core-3.1.1.Final.jar (188/932 kB) | quarkus-http-servlet-3.1.1.Final.jar (192/498 kB) | jboss-metadata-common-11.0.0.Final.jar (106/475 kB) | jboss-metadata-web-11.0.0.Final.jar (122/468 kB)Progress (4): quarkus-http-core-3.1.1.Final.jar (188/932 kB) | quarkus-http-servlet-3.1.1.Final.jar (196/498 kB) | jboss-metadata-common-11.0.0.Final.jar (106/475 kB) | jboss-metadata-web-11.0.0.Final.jar (122/468 kB)Progress (4): quarkus-http-core-3.1.1.Final.jar (196/932 kB) | quarkus-http-servlet-3.1.1.Final.jar (196/498 kB) | jboss-metadata-common-11.0.0.Final.jar (106/475 kB) | jboss-metadata-web-11.0.0.Final.jar (122/468 kB)Progress (4): quarkus-http-core-3.1.1.Final.jar (196/932 kB) | quarkus-http-servlet-3.1.1.Final.jar (196/498 kB) | jboss-metadata-common-11.0.0.Final.jar (110/475 kB) | jboss-metadata-web-11.0.0.Final.jar (122/468 kB)Progress (4): quarkus-http-core-3.1.1.Final.jar (196/932 kB) | quarkus-http-servlet-3.1.1.Final.jar (200/498 kB) | jboss-metadata-common-11.0.0.Final.jar (110/475 kB) | jboss-metadata-web-11.0.0.Final.jar (122/468 kB)Progress (4): quarkus-http-core-3.1.1.Final.jar (196/932 kB) | quarkus-http-servlet-3.1.1.Final.jar (200/498 kB) | jboss-metadata-common-11.0.0.Final.jar (110/475 kB) | jboss-metadata-web-11.0.0.Final.jar (126/468 kB)Progress (5): quarkus-http-core-3.1.1.Final.jar (196/932 kB) | quarkus-http-servlet-3.1.1.Final.jar (200/498 kB) | jboss-metadata-common-11.0.0.Final.jar (110/475 kB) | jboss-metadata-web-11.0.0.Final.jar (126/468 kB) | quarkus-netty-deployment-1.13.7.Final.jar (4.1/11 kB)Progress (5): quarkus-http-core-3.1.1.Final.jar (196/932 kB) | quarkus-http-servlet-3.1.1.Final.jar (200/498 kB) | jboss-metadata-common-11.0.0.Final.jar (114/475 kB) | jboss-metadata-web-11.0.0.Final.jar (126/468 kB) | quarkus-netty-deployment-1.13.7.Final.jar (4.1/11 kB)Progress (5): quarkus-http-core-3.1.1.Final.jar (196/932 kB) | quarkus-http-servlet-3.1.1.Final.jar (204/498 kB) | jboss-metadata-common-11.0.0.Final.jar (114/475 kB) | jboss-metadata-web-11.0.0.Final.jar (126/468 kB) | quarkus-netty-deployment-1.13.7.Final.jar (4.1/11 kB)Progress (5): quarkus-http-core-3.1.1.Final.jar (196/932 kB) | quarkus-http-servlet-3.1.1.Final.jar (204/498 kB) | jboss-metadata-common-11.0.0.Final.jar (114/475 kB) | jboss-metadata-web-11.0.0.Final.jar (126/468 kB) | quarkus-netty-deployment-1.13.7.Final.jar (8.2/11 kB)Progress (5): quarkus-http-core-3.1.1.Final.jar (196/932 kB) | quarkus-http-servlet-3.1.1.Final.jar (204/498 kB) | jboss-metadata-common-11.0.0.Final.jar (118/475 kB) | jboss-metadata-web-11.0.0.Final.jar (126/468 kB) | quarkus-netty-deployment-1.13.7.Final.jar (8.2/11 kB)Progress (5): quarkus-http-core-3.1.1.Final.jar (196/932 kB) | quarkus-http-servlet-3.1.1.Final.jar (208/498 kB) | jboss-metadata-common-11.0.0.Final.jar (118/475 kB) | jboss-metadata-web-11.0.0.Final.jar (126/468 kB) | quarkus-netty-deployment-1.13.7.Final.jar (8.2/11 kB)Progress (5): quarkus-http-core-3.1.1.Final.jar (204/932 kB) | quarkus-http-servlet-3.1.1.Final.jar (208/498 kB) | jboss-metadata-common-11.0.0.Final.jar (118/475 kB) | jboss-metadata-web-11.0.0.Final.jar (126/468 kB) | quarkus-netty-deployment-1.13.7.Final.jar (8.2/11 kB)Progress (5): quarkus-http-core-3.1.1.Final.jar (204/932 kB) | quarkus-http-servlet-3.1.1.Final.jar (208/498 kB) | jboss-metadata-common-11.0.0.Final.jar (118/475 kB) | jboss-metadata-web-11.0.0.Final.jar (131/468 kB) | quarkus-netty-deployment-1.13.7.Final.jar (8.2/11 kB)Progress (5): quarkus-http-core-3.1.1.Final.jar (204/932 kB) | quarkus-http-servlet-3.1.1.Final.jar (208/498 kB) | jboss-metadata-common-11.0.0.Final.jar (118/475 kB) | jboss-metadata-web-11.0.0.Final.jar (131/468 kB) | quarkus-netty-deployment-1.13.7.Final.jar (11 kB)    Progress (5): quarkus-http-core-3.1.1.Final.jar (204/932 kB) | quarkus-http-servlet-3.1.1.Final.jar (208/498 kB) | jboss-metadata-common-11.0.0.Final.jar (122/475 kB) | jboss-metadata-web-11.0.0.Final.jar (131/468 kB) | quarkus-netty-deployment-1.13.7.Final.jar (11 kB)Progress (5): quarkus-http-core-3.1.1.Final.jar (204/932 kB) | quarkus-http-servlet-3.1.1.Final.jar (212/498 kB) | jboss-metadata-common-11.0.0.Final.jar (122/475 kB) | jboss-metadata-web-11.0.0.Final.jar (131/468 kB) | quarkus-netty-deployment-1.13.7.Final.jar (11 kB)Progress (5): quarkus-http-core-3.1.1.Final.jar (204/932 kB) | quarkus-http-servlet-3.1.1.Final.jar (212/498 kB) | jboss-metadata-common-11.0.0.Final.jar (126/475 kB) | jboss-metadata-web-11.0.0.Final.jar (131/468 kB) | quarkus-netty-deployment-1.13.7.Final.jar (11 kB)Progress (5): quarkus-http-core-3.1.1.Final.jar (212/932 kB) | quarkus-http-servlet-3.1.1.Final.jar (212/498 kB) | jboss-metadata-common-11.0.0.Final.jar (126/475 kB) | jboss-metadata-web-11.0.0.Final.jar (131/468 kB) | quarkus-netty-deployment-1.13.7.Final.jar (11 kB)Progress (5): quarkus-http-core-3.1.1.Final.jar (212/932 kB) | quarkus-http-servlet-3.1.1.Final.jar (217/498 kB) | jboss-metadata-common-11.0.0.Final.jar (126/475 kB) | jboss-metadata-web-11.0.0.Final.jar (131/468 kB) | quarkus-netty-deployment-1.13.7.Final.jar (11 kB)Progress (5): quarkus-http-core-3.1.1.Final.jar (212/932 kB) | quarkus-http-servlet-3.1.1.Final.jar (217/498 kB) | jboss-metadata-common-11.0.0.Final.jar (126/475 kB) | jboss-metadata-web-11.0.0.Final.jar (135/468 kB) | quarkus-netty-deployment-1.13.7.Final.jar (11 kB)Progress (5): quarkus-http-core-3.1.1.Final.jar (212/932 kB) | quarkus-http-servlet-3.1.1.Final.jar (217/498 kB) | jboss-metadata-common-11.0.0.Final.jar (131/475 kB) | jboss-metadata-web-11.0.0.Final.jar (135/468 kB) | quarkus-netty-deployment-1.13.7.Final.jar (11 kB)Progress (5): quarkus-http-core-3.1.1.Final.jar (212/932 kB) | quarkus-http-servlet-3.1.1.Final.jar (221/498 kB) | jboss-metadata-common-11.0.0.Final.jar (131/475 kB) | jboss-metadata-web-11.0.0.Final.jar (135/468 kB) | quarkus-netty-deployment-1.13.7.Final.jar (11 kB)Progress (5): quarkus-http-core-3.1.1.Final.jar (212/932 kB) | quarkus-http-servlet-3.1.1.Final.jar (221/498 kB) | jboss-metadata-common-11.0.0.Final.jar (135/475 kB) | jboss-metadata-web-11.0.0.Final.jar (135/468 kB) | quarkus-netty-deployment-1.13.7.Final.jar (11 kB)Progress (5): quarkus-http-core-3.1.1.Final.jar (212/932 kB) | quarkus-http-servlet-3.1.1.Final.jar (225/498 kB) | jboss-metadata-common-11.0.0.Final.jar (135/475 kB) | jboss-metadata-web-11.0.0.Final.jar (135/468 kB) | quarkus-netty-deployment-1.13.7.Final.jar (11 kB)Progress (5): quarkus-http-core-3.1.1.Final.jar (212/932 kB) | quarkus-http-servlet-3.1.1.Final.jar (225/498 kB) | jboss-metadata-common-11.0.0.Final.jar (135/475 kB) | jboss-metadata-web-11.0.0.Final.jar (139/468 kB) | quarkus-netty-deployment-1.13.7.Final.jar (11 kB)Progress (5): quarkus-http-core-3.1.1.Final.jar (221/932 kB) | quarkus-http-servlet-3.1.1.Final.jar (225/498 kB) | jboss-metadata-common-11.0.0.Final.jar (135/475 kB) | jboss-metadata-web-11.0.0.Final.jar (139/468 kB) | quarkus-netty-deployment-1.13.7.Final.jar (11 kB)Progress (5): quarkus-http-core-3.1.1.Final.jar (221/932 kB) | quarkus-http-servlet-3.1.1.Final.jar (225/498 kB) | jboss-metadata-common-11.0.0.Final.jar (139/475 kB) | jboss-metadata-web-11.0.0.Final.jar (139/468 kB) | quarkus-netty-deployment-1.13.7.Final.jar (11 kB)                                                                                                                                                                                                                                                                             Downloaded from central: https://repo.maven.apache.org/maven2/io/quarkus/quarkus-netty-deployment/1.13.7.Final/quarkus-netty-deployment-1.13.7.Final.jar (11 kB at 28 kB/s)
Downloading from central: https://repo.maven.apache.org/maven2/io/quarkus/quarkus-vertx-core-deployment/1.13.7.Final/quarkus-vertx-core-deployment-1.13.7.Final.jar
Progress (4): quarkus-http-core-3.1.1.Final.jar (221/932 kB) | quarkus-http-servlet-3.1.1.Final.jar (229/498 kB) | jboss-metadata-common-11.0.0.Final.jar (139/475 kB) | jboss-metadata-web-11.0.0.Final.jar (139/468 kB)Progress (4): quarkus-http-core-3.1.1.Final.jar (221/932 kB) | quarkus-http-servlet-3.1.1.Final.jar (229/498 kB) | jboss-metadata-common-11.0.0.Final.jar (143/475 kB) | jboss-metadata-web-11.0.0.Final.jar (139/468 kB)Progress (4): quarkus-http-core-3.1.1.Final.jar (221/932 kB) | quarkus-http-servlet-3.1.1.Final.jar (229/498 kB) | jboss-metadata-common-11.0.0.Final.jar (143/475 kB) | jboss-metadata-web-11.0.0.Final.jar (143/468 kB)Progress (4): quarkus-http-core-3.1.1.Final.jar (221/932 kB) | quarkus-http-servlet-3.1.1.Final.jar (233/498 kB) | jboss-metadata-common-11.0.0.Final.jar (143/475 kB) | jboss-metadata-web-11.0.0.Final.jar (143/468 kB)Progress (4): quarkus-http-core-3.1.1.Final.jar (229/932 kB) | quarkus-http-servlet-3.1.1.Final.jar (233/498 kB) | jboss-metadata-common-11.0.0.Final.jar (143/475 kB) | jboss-metadata-web-11.0.0.Final.jar (143/468 kB)Progress (4): quarkus-http-core-3.1.1.Final.jar (229/932 kB) | quarkus-http-servlet-3.1.1.Final.jar (233/498 kB) | jboss-metadata-common-11.0.0.Final.jar (147/475 kB) | jboss-metadata-web-11.0.0.Final.jar (143/468 kB)Progress (4): quarkus-http-core-3.1.1.Final.jar (229/932 kB) | quarkus-http-servlet-3.1.1.Final.jar (233/498 kB) | jboss-metadata-common-11.0.0.Final.jar (147/475 kB) | jboss-metadata-web-11.0.0.Final.jar (147/468 kB)Progress (4): quarkus-http-core-3.1.1.Final.jar (229/932 kB) | quarkus-http-servlet-3.1.1.Final.jar (237/498 kB) | jboss-metadata-common-11.0.0.Final.jar (147/475 kB) | jboss-metadata-web-11.0.0.Final.jar (147/468 kB)Progress (4): quarkus-http-core-3.1.1.Final.jar (229/932 kB) | quarkus-http-servlet-3.1.1.Final.jar (237/498 kB) | jboss-metadata-common-11.0.0.Final.jar (151/475 kB) | jboss-metadata-web-11.0.0.Final.jar (147/468 kB)Progress (4): quarkus-http-core-3.1.1.Final.jar (229/932 kB) | quarkus-http-servlet-3.1.1.Final.jar (241/498 kB) | jboss-metadata-common-11.0.0.Final.jar (151/475 kB) | jboss-metadata-web-11.0.0.Final.jar (147/468 kB)Progress (4): quarkus-http-core-3.1.1.Final.jar (229/932 kB) | quarkus-http-servlet-3.1.1.Final.jar (241/498 kB) | jboss-metadata-common-11.0.0.Final.jar (151/475 kB) | jboss-metadata-web-11.0.0.Final.jar (151/468 kB)Progress (4): quarkus-http-core-3.1.1.Final.jar (229/932 kB) | quarkus-http-servlet-3.1.1.Final.jar (241/498 kB) | jboss-metadata-common-11.0.0.Final.jar (155/475 kB) | jboss-metadata-web-11.0.0.Final.jar (151/468 kB)Progress (4): quarkus-http-core-3.1.1.Final.jar (237/932 kB) | quarkus-http-servlet-3.1.1.Final.jar (241/498 kB) | jboss-metadata-common-11.0.0.Final.jar (155/475 kB) | jboss-metadata-web-11.0.0.Final.jar (151/468 kB)Progress (5): quarkus-http-core-3.1.1.Final.jar (237/932 kB) | quarkus-http-servlet-3.1.1.Final.jar (241/498 kB) | jboss-metadata-common-11.0.0.Final.jar (155/475 kB) | jboss-metadata-web-11.0.0.Final.jar (151/468 kB) | quarkus-vertx-core-deployment-1.13.7.Final.jar (4.1/9.2 kB)Progress (5): quarkus-http-core-3.1.1.Final.jar (237/932 kB) | quarkus-http-servlet-3.1.1.Final.jar (245/498 kB) | jboss-metadata-common-11.0.0.Final.jar (155/475 kB) | jboss-metadata-web-11.0.0.Final.jar (151/468 kB) | quarkus-vertx-core-deployment-1.13.7.Final.jar (4.1/9.2 kB)Progress (5): quarkus-http-core-3.1.1.Final.jar (237/932 kB) | quarkus-http-servlet-3.1.1.Final.jar (245/498 kB) | jboss-metadata-common-11.0.0.Final.jar (159/475 kB) | jboss-metadata-web-11.0.0.Final.jar (151/468 kB) | quarkus-vertx-core-deployment-1.13.7.Final.jar (4.1/9.2 kB)Progress (5): quarkus-http-core-3.1.1.Final.jar (237/932 kB) | quarkus-http-servlet-3.1.1.Final.jar (245/498 kB) | jboss-metadata-common-11.0.0.Final.jar (159/475 kB) | jboss-metadata-web-11.0.0.Final.jar (155/468 kB) | quarkus-vertx-core-deployment-1.13.7.Final.jar (4.1/9.2 kB)Progress (5): quarkus-http-core-3.1.1.Final.jar (237/932 kB) | quarkus-http-servlet-3.1.1.Final.jar (245/498 kB) | jboss-metadata-common-11.0.0.Final.jar (159/475 kB) | jboss-metadata-web-11.0.0.Final.jar (155/468 kB) | quarkus-vertx-core-deployment-1.13.7.Final.jar (8.2/9.2 kB)Progress (5): quarkus-http-core-3.1.1.Final.jar (237/932 kB) | quarkus-http-servlet-3.1.1.Final.jar (245/498 kB) | jboss-metadata-common-11.0.0.Final.jar (159/475 kB) | jboss-metadata-web-11.0.0.Final.jar (155/468 kB) | quarkus-vertx-core-deployment-1.13.7.Final.jar (9.2 kB)    Progress (5): quarkus-http-core-3.1.1.Final.jar (237/932 kB) | quarkus-http-servlet-3.1.1.Final.jar (249/498 kB) | jboss-metadata-common-11.0.0.Final.jar (159/475 kB) | jboss-metadata-web-11.0.0.Final.jar (155/468 kB) | quarkus-vertx-core-deployment-1.13.7.Final.jar (9.2 kB)Progress (5): quarkus-http-core-3.1.1.Final.jar (237/932 kB) | quarkus-http-servlet-3.1.1.Final.jar (249/498 kB) | jboss-metadata-common-11.0.0.Final.jar (163/475 kB) | jboss-metadata-web-11.0.0.Final.jar (155/468 kB) | quarkus-vertx-core-deployment-1.13.7.Final.jar (9.2 kB)Progress (5): quarkus-http-core-3.1.1.Final.jar (237/932 kB) | quarkus-http-servlet-3.1.1.Final.jar (249/498 kB) | jboss-metadata-common-11.0.0.Final.jar (163/475 kB) | jboss-metadata-web-11.0.0.Final.jar (159/468 kB) | quarkus-vertx-core-deployment-1.13.7.Final.jar (9.2 kB)Progress (5): quarkus-http-core-3.1.1.Final.jar (245/932 kB) | quarkus-http-servlet-3.1.1.Final.jar (249/498 kB) | jboss-metadata-common-11.0.0.Final.jar (163/475 kB) | jboss-metadata-web-11.0.0.Final.jar (159/468 kB) | quarkus-vertx-core-deployment-1.13.7.Final.jar (9.2 kB)Progress (5): quarkus-http-core-3.1.1.Final.jar (245/932 kB) | quarkus-http-servlet-3.1.1.Final.jar (253/498 kB) | jboss-metadata-common-11.0.0.Final.jar (163/475 kB) | jboss-metadata-web-11.0.0.Final.jar (159/468 kB) | quarkus-vertx-core-deployment-1.13.7.Final.jar (9.2 kB)Progress (5): quarkus-http-core-3.1.1.Final.jar (245/932 kB) | quarkus-http-servlet-3.1.1.Final.jar (253/498 kB) | jboss-metadata-common-11.0.0.Final.jar (167/475 kB) | jboss-metadata-web-11.0.0.Final.jar (159/468 kB) | quarkus-vertx-core-deployment-1.13.7.Final.jar (9.2 kB)Progress (5): quarkus-http-core-3.1.1.Final.jar (245/932 kB) | quarkus-http-servlet-3.1.1.Final.jar (253/498 kB) | jboss-metadata-common-11.0.0.Final.jar (167/475 kB) | jboss-metadata-web-11.0.0.Final.jar (163/468 kB) | quarkus-vertx-core-deployment-1.13.7.Final.jar (9.2 kB)Progress (5): quarkus-http-core-3.1.1.Final.jar (245/932 kB) | quarkus-http-servlet-3.1.1.Final.jar (258/498 kB) | jboss-metadata-common-11.0.0.Final.jar (167/475 kB) | jboss-metadata-web-11.0.0.Final.jar (163/468 kB) | quarkus-vertx-core-deployment-1.13.7.Final.jar (9.2 kB)Progress (5): quarkus-http-core-3.1.1.Final.jar (245/932 kB) | quarkus-http-servlet-3.1.1.Final.jar (258/498 kB) | jboss-metadata-common-11.0.0.Final.jar (172/475 kB) | jboss-metadata-web-11.0.0.Final.jar (163/468 kB) | quarkus-vertx-core-deployment-1.13.7.Final.jar (9.2 kB)Progress (5): quarkus-http-core-3.1.1.Final.jar (253/932 kB) | quarkus-http-servlet-3.1.1.Final.jar (258/498 kB) | jboss-metadata-common-11.0.0.Final.jar (172/475 kB) | jboss-metadata-web-11.0.0.Final.jar (163/468 kB) | quarkus-vertx-core-deployment-1.13.7.Final.jar (9.2 kB)Progress (5): quarkus-http-core-3.1.1.Final.jar (253/932 kB) | quarkus-http-servlet-3.1.1.Final.jar (262/498 kB) | jboss-metadata-common-11.0.0.Final.jar (172/475 kB) | jboss-metadata-web-11.0.0.Final.jar (163/468 kB) | quarkus-vertx-core-deployment-1.13.7.Final.jar (9.2 kB)Progress (5): quarkus-http-core-3.1.1.Final.jar (253/932 kB) | quarkus-http-servlet-3.1.1.Final.jar (262/498 kB) | jboss-metadata-common-11.0.0.Final.jar (176/475 kB) | jboss-metadata-web-11.0.0.Final.jar (163/468 kB) | quarkus-vertx-core-deployment-1.13.7.Final.jar (9.2 kB)Progress (5): quarkus-http-core-3.1.1.Final.jar (253/932 kB) | quarkus-http-servlet-3.1.1.Final.jar (262/498 kB) | jboss-metadata-common-11.0.0.Final.jar (180/475 kB) | jboss-metadata-web-11.0.0.Final.jar (163/468 kB) | quarkus-vertx-core-deployment-1.13.7.Final.jar (9.2 kB)                                                                                                                                                                                                                                                                                   Downloaded from central: https://repo.maven.apache.org/maven2/io/quarkus/quarkus-vertx-core-deployment/1.13.7.Final/quarkus-vertx-core-deployment-1.13.7.Final.jar (9.2 kB at 21 kB/s)
Downloading from central: https://repo.maven.apache.org/maven2/io/quarkus/quarkus-kubernetes-spi/1.13.7.Final/quarkus-kubernetes-spi-1.13.7.Final.jar
Progress (4): quarkus-http-core-3.1.1.Final.jar (262/932 kB) | quarkus-http-servlet-3.1.1.Final.jar (262/498 kB) | jboss-metadata-common-11.0.0.Final.jar (180/475 kB) | jboss-metadata-web-11.0.0.Final.jar (163/468 kB)Progress (4): quarkus-http-core-3.1.1.Final.jar (262/932 kB) | quarkus-http-servlet-3.1.1.Final.jar (266/498 kB) | jboss-metadata-common-11.0.0.Final.jar (180/475 kB) | jboss-metadata-web-11.0.0.Final.jar (163/468 kB)Progress (4): quarkus-http-core-3.1.1.Final.jar (262/932 kB) | quarkus-http-servlet-3.1.1.Final.jar (266/498 kB) | jboss-metadata-common-11.0.0.Final.jar (180/475 kB) | jboss-metadata-web-11.0.0.Final.jar (167/468 kB)Progress (4): quarkus-http-core-3.1.1.Final.jar (262/932 kB) | quarkus-http-servlet-3.1.1.Final.jar (266/498 kB) | jboss-metadata-common-11.0.0.Final.jar (184/475 kB) | jboss-metadata-web-11.0.0.Final.jar (167/468 kB)Progress (4): quarkus-http-core-3.1.1.Final.jar (262/932 kB) | quarkus-http-servlet-3.1.1.Final.jar (270/498 kB) | jboss-metadata-common-11.0.0.Final.jar (184/475 kB) | jboss-metadata-web-11.0.0.Final.jar (167/468 kB)Progress (4): quarkus-http-core-3.1.1.Final.jar (262/932 kB) | quarkus-http-servlet-3.1.1.Final.jar (270/498 kB) | jboss-metadata-common-11.0.0.Final.jar (188/475 kB) | jboss-metadata-web-11.0.0.Final.jar (167/468 kB)Progress (4): quarkus-http-core-3.1.1.Final.jar (262/932 kB) | quarkus-http-servlet-3.1.1.Final.jar (274/498 kB) | jboss-metadata-common-11.0.0.Final.jar (188/475 kB) | jboss-metadata-web-11.0.0.Final.jar (167/468 kB)Progress (4): quarkus-http-core-3.1.1.Final.jar (270/932 kB) | quarkus-http-servlet-3.1.1.Final.jar (274/498 kB) | jboss-metadata-common-11.0.0.Final.jar (188/475 kB) | jboss-metadata-web-11.0.0.Final.jar (167/468 kB)Progress (4): quarkus-http-core-3.1.1.Final.jar (270/932 kB) | quarkus-http-servlet-3.1.1.Final.jar (274/498 kB) | jboss-metadata-common-11.0.0.Final.jar (188/475 kB) | jboss-metadata-web-11.0.0.Final.jar (172/468 kB)Progress (4): quarkus-http-core-3.1.1.Final.jar (270/932 kB) | quarkus-http-servlet-3.1.1.Final.jar (274/498 kB) | jboss-metadata-common-11.0.0.Final.jar (192/475 kB) | jboss-metadata-web-11.0.0.Final.jar (172/468 kB)Progress (4): quarkus-http-core-3.1.1.Final.jar (270/932 kB) | quarkus-http-servlet-3.1.1.Final.jar (278/498 kB) | jboss-metadata-common-11.0.0.Final.jar (192/475 kB) | jboss-metadata-web-11.0.0.Final.jar (172/468 kB)Progress (4): quarkus-http-core-3.1.1.Final.jar (270/932 kB) | quarkus-http-servlet-3.1.1.Final.jar (278/498 kB) | jboss-metadata-common-11.0.0.Final.jar (196/475 kB) | jboss-metadata-web-11.0.0.Final.jar (172/468 kB)Progress (4): quarkus-http-core-3.1.1.Final.jar (278/932 kB) | quarkus-http-servlet-3.1.1.Final.jar (278/498 kB) | jboss-metadata-common-11.0.0.Final.jar (196/475 kB) | jboss-metadata-web-11.0.0.Final.jar (172/468 kB)Progress (4): quarkus-http-core-3.1.1.Final.jar (278/932 kB) | quarkus-http-servlet-3.1.1.Final.jar (282/498 kB) | jboss-metadata-common-11.0.0.Final.jar (196/475 kB) | jboss-metadata-web-11.0.0.Final.jar (172/468 kB)Progress (4): quarkus-http-core-3.1.1.Final.jar (278/932 kB) | quarkus-http-servlet-3.1.1.Final.jar (282/498 kB) | jboss-metadata-common-11.0.0.Final.jar (200/475 kB) | jboss-metadata-web-11.0.0.Final.jar (172/468 kB)Progress (4): quarkus-http-core-3.1.1.Final.jar (278/932 kB) | quarkus-http-servlet-3.1.1.Final.jar (282/498 kB) | jboss-metadata-common-11.0.0.Final.jar (200/475 kB) | jboss-metadata-web-11.0.0.Final.jar (176/468 kB)Progress (4): quarkus-http-core-3.1.1.Final.jar (278/932 kB) | quarkus-http-servlet-3.1.1.Final.jar (286/498 kB) | jboss-metadata-common-11.0.0.Final.jar (200/475 kB) | jboss-metadata-web-11.0.0.Final.jar (176/468 kB)Progress (4): quarkus-http-core-3.1.1.Final.jar (278/932 kB) | quarkus-http-servlet-3.1.1.Final.jar (286/498 kB) | jboss-metadata-common-11.0.0.Final.jar (204/475 kB) | jboss-metadata-web-11.0.0.Final.jar (176/468 kB)Progress (4): quarkus-http-core-3.1.1.Final.jar (278/932 kB) | quarkus-http-servlet-3.1.1.Final.jar (290/498 kB) | jboss-metadata-common-11.0.0.Final.jar (204/475 kB) | jboss-metadata-web-11.0.0.Final.jar (176/468 kB)Progress (4): quarkus-http-core-3.1.1.Final.jar (278/932 kB) | quarkus-http-servlet-3.1.1.Final.jar (290/498 kB) | jboss-metadata-common-11.0.0.Final.jar (208/475 kB) | jboss-metadata-web-11.0.0.Final.jar (176/468 kB)Progress (4): quarkus-http-core-3.1.1.Final.jar (286/932 kB) | quarkus-http-servlet-3.1.1.Final.jar (290/498 kB) | jboss-metadata-common-11.0.0.Final.jar (208/475 kB) | jboss-metadata-web-11.0.0.Final.jar (176/468 kB)Progress (4): quarkus-http-core-3.1.1.Final.jar (286/932 kB) | quarkus-http-servlet-3.1.1.Final.jar (290/498 kB) | jboss-metadata-common-11.0.0.Final.jar (208/475 kB) | jboss-metadata-web-11.0.0.Final.jar (180/468 kB)Progress (4): quarkus-http-core-3.1.1.Final.jar (286/932 kB) | quarkus-http-servlet-3.1.1.Final.jar (294/498 kB) | jboss-metadata-common-11.0.0.Final.jar (208/475 kB) | jboss-metadata-web-11.0.0.Final.jar (180/468 kB)Progress (5): quarkus-http-core-3.1.1.Final.jar (286/932 kB) | quarkus-http-servlet-3.1.1.Final.jar (294/498 kB) | jboss-metadata-common-11.0.0.Final.jar (208/475 kB) | jboss-metadata-web-11.0.0.Final.jar (180/468 kB) | quarkus-kubernetes-spi-1.13.7.Final.jar (4.1/19 kB)Progress (5): quarkus-http-core-3.1.1.Final.jar (286/932 kB) | quarkus-http-servlet-3.1.1.Final.jar (294/498 kB) | jboss-metadata-common-11.0.0.Final.jar (212/475 kB) | jboss-metadata-web-11.0.0.Final.jar (180/468 kB) | quarkus-kubernetes-spi-1.13.7.Final.jar (4.1/19 kB)Progress (5): quarkus-http-core-3.1.1.Final.jar (286/932 kB) | quarkus-http-servlet-3.1.1.Final.jar (294/498 kB) | jboss-metadata-common-11.0.0.Final.jar (212/475 kB) | jboss-metadata-web-11.0.0.Final.jar (180/468 kB) | quarkus-kubernetes-spi-1.13.7.Final.jar (8.2/19 kB)Progress (5): quarkus-http-core-3.1.1.Final.jar (286/932 kB) | quarkus-http-servlet-3.1.1.Final.jar (298/498 kB) | jboss-metadata-common-11.0.0.Final.jar (212/475 kB) | jboss-metadata-web-11.0.0.Final.jar (180/468 kB) | quarkus-kubernetes-spi-1.13.7.Final.jar (8.2/19 kB)Progress (5): quarkus-http-core-3.1.1.Final.jar (286/932 kB) | quarkus-http-servlet-3.1.1.Final.jar (298/498 kB) | jboss-metadata-common-11.0.0.Final.jar (212/475 kB) | jboss-metadata-web-11.0.0.Final.jar (184/468 kB) | quarkus-kubernetes-spi-1.13.7.Final.jar (8.2/19 kB)Progress (5): quarkus-http-core-3.1.1.Final.jar (286/932 kB) | quarkus-http-servlet-3.1.1.Final.jar (298/498 kB) | jboss-metadata-common-11.0.0.Final.jar (217/475 kB) | jboss-metadata-web-11.0.0.Final.jar (184/468 kB) | quarkus-kubernetes-spi-1.13.7.Final.jar (8.2/19 kB)Progress (5): quarkus-http-core-3.1.1.Final.jar (294/932 kB) | quarkus-http-servlet-3.1.1.Final.jar (298/498 kB) | jboss-metadata-common-11.0.0.Final.jar (217/475 kB) | jboss-metadata-web-11.0.0.Final.jar (184/468 kB) | quarkus-kubernetes-spi-1.13.7.Final.jar (8.2/19 kB)Progress (5): quarkus-http-core-3.1.1.Final.jar (294/932 kB) | quarkus-http-servlet-3.1.1.Final.jar (303/498 kB) | jboss-metadata-common-11.0.0.Final.jar (217/475 kB) | jboss-metadata-web-11.0.0.Final.jar (184/468 kB) | quarkus-kubernetes-spi-1.13.7.Final.jar (8.2/19 kB)Progress (5): quarkus-http-core-3.1.1.Final.jar (294/932 kB) | quarkus-http-servlet-3.1.1.Final.jar (303/498 kB) | jboss-metadata-common-11.0.0.Final.jar (217/475 kB) | jboss-metadata-web-11.0.0.Final.jar (184/468 kB) | quarkus-kubernetes-spi-1.13.7.Final.jar (12/19 kB) Progress (5): quarkus-http-core-3.1.1.Final.jar (294/932 kB) | quarkus-http-servlet-3.1.1.Final.jar (303/498 kB) | jboss-metadata-common-11.0.0.Final.jar (221/475 kB) | jboss-metadata-web-11.0.0.Final.jar (184/468 kB) | quarkus-kubernetes-spi-1.13.7.Final.jar (12/19 kB)Progress (5): quarkus-http-core-3.1.1.Final.jar (294/932 kB) | quarkus-http-servlet-3.1.1.Final.jar (303/498 kB) | jboss-metadata-common-11.0.0.Final.jar (221/475 kB) | jboss-metadata-web-11.0.0.Final.jar (188/468 kB) | quarkus-kubernetes-spi-1.13.7.Final.jar (12/19 kB)Progress (5): quarkus-http-core-3.1.1.Final.jar (294/932 kB) | quarkus-http-servlet-3.1.1.Final.jar (307/498 kB) | jboss-metadata-common-11.0.0.Final.jar (221/475 kB) | jboss-metadata-web-11.0.0.Final.jar (188/468 kB) | quarkus-kubernetes-spi-1.13.7.Final.jar (12/19 kB)Progress (5): quarkus-http-core-3.1.1.Final.jar (294/932 kB) | quarkus-http-servlet-3.1.1.Final.jar (307/498 kB) | jboss-metadata-common-11.0.0.Final.jar (221/475 kB) | jboss-metadata-web-11.0.0.Final.jar (188/468 kB) | quarkus-kubernetes-spi-1.13.7.Final.jar (16/19 kB)Progress (5): quarkus-http-core-3.1.1.Final.jar (294/932 kB) | quarkus-http-servlet-3.1.1.Final.jar (307/498 kB) | jboss-metadata-common-11.0.0.Final.jar (225/475 kB) | jboss-metadata-web-11.0.0.Final.jar (188/468 kB) | quarkus-kubernetes-spi-1.13.7.Final.jar (16/19 kB)Progress (5): quarkus-http-core-3.1.1.Final.jar (303/932 kB) | quarkus-http-servlet-3.1.1.Final.jar (307/498 kB) | jboss-metadata-common-11.0.0.Final.jar (225/475 kB) | jboss-metadata-web-11.0.0.Final.jar (188/468 kB) | quarkus-kubernetes-spi-1.13.7.Final.jar (16/19 kB)Progress (5): quarkus-http-core-3.1.1.Final.jar (303/932 kB) | quarkus-http-servlet-3.1.1.Final.jar (307/498 kB) | jboss-metadata-common-11.0.0.Final.jar (225/475 kB) | jboss-metadata-web-11.0.0.Final.jar (188/468 kB) | quarkus-kubernetes-spi-1.13.7.Final.jar (19 kB)   Progress (5): quarkus-http-core-3.1.1.Final.jar (303/932 kB) | quarkus-http-servlet-3.1.1.Final.jar (311/498 kB) | jboss-metadata-common-11.0.0.Final.jar (225/475 kB) | jboss-metadata-web-11.0.0.Final.jar (188/468 kB) | quarkus-kubernetes-spi-1.13.7.Final.jar (19 kB)Progress (5): quarkus-http-core-3.1.1.Final.jar (303/932 kB) | quarkus-http-servlet-3.1.1.Final.jar (311/498 kB) | jboss-metadata-common-11.0.0.Final.jar (229/475 kB) | jboss-metadata-web-11.0.0.Final.jar (188/468 kB) | quarkus-kubernetes-spi-1.13.7.Final.jar (19 kB)Progress (5): quarkus-http-core-3.1.1.Final.jar (303/932 kB) | quarkus-http-servlet-3.1.1.Final.jar (311/498 kB) | jboss-metadata-common-11.0.0.Final.jar (229/475 kB) | jboss-metadata-web-11.0.0.Final.jar (192/468 kB) | quarkus-kubernetes-spi-1.13.7.Final.jar (19 kB)Progress (5): quarkus-http-core-3.1.1.Final.jar (303/932 kB) | quarkus-http-servlet-3.1.1.Final.jar (311/498 kB) | jboss-metadata-common-11.0.0.Final.jar (233/475 kB) | jboss-metadata-web-11.0.0.Final.jar (192/468 kB) | quarkus-kubernetes-spi-1.13.7.Final.jar (19 kB)Progress (5): quarkus-http-core-3.1.1.Final.jar (303/932 kB) | quarkus-http-servlet-3.1.1.Final.jar (315/498 kB) | jboss-metadata-common-11.0.0.Final.jar (233/475 kB) | jboss-metadata-web-11.0.0.Final.jar (192/468 kB) | quarkus-kubernetes-spi-1.13.7.Final.jar (19 kB)Progress (5): quarkus-http-core-3.1.1.Final.jar (311/932 kB) | quarkus-http-servlet-3.1.1.Final.jar (315/498 kB) | jboss-metadata-common-11.0.0.Final.jar (233/475 kB) | jboss-metadata-web-11.0.0.Final.jar (192/468 kB) | quarkus-kubernetes-spi-1.13.7.Final.jar (19 kB)Progress (5): quarkus-http-core-3.1.1.Final.jar (311/932 kB) | quarkus-http-servlet-3.1.1.Final.jar (315/498 kB) | jboss-metadata-common-11.0.0.Final.jar (233/475 kB) | jboss-metadata-web-11.0.0.Final.jar (196/468 kB) | quarkus-kubernetes-spi-1.13.7.Final.jar (19 kB)Progress (5): quarkus-http-core-3.1.1.Final.jar (311/932 kB) | quarkus-http-servlet-3.1.1.Final.jar (315/498 kB) | jboss-metadata-common-11.0.0.Final.jar (237/475 kB) | jboss-metadata-web-11.0.0.Final.jar (196/468 kB) | quarkus-kubernetes-spi-1.13.7.Final.jar (19 kB)Progress (5): quarkus-http-core-3.1.1.Final.jar (311/932 kB) | quarkus-http-servlet-3.1.1.Final.jar (319/498 kB) | jboss-metadata-common-11.0.0.Final.jar (237/475 kB) | jboss-metadata-web-11.0.0.Final.jar (196/468 kB) | quarkus-kubernetes-spi-1.13.7.Final.jar (19 kB)Progress (5): quarkus-http-core-3.1.1.Final.jar (311/932 kB) | quarkus-http-servlet-3.1.1.Final.jar (319/498 kB) | jboss-metadata-common-11.0.0.Final.jar (241/475 kB) | jboss-metadata-web-11.0.0.Final.jar (196/468 kB) | quarkus-kubernetes-spi-1.13.7.Final.jar (19 kB)Progress (5): quarkus-http-core-3.1.1.Final.jar (311/932 kB) | quarkus-http-servlet-3.1.1.Final.jar (323/498 kB) | jboss-metadata-common-11.0.0.Final.jar (241/475 kB) | jboss-metadata-web-11.0.0.Final.jar (196/468 kB) | quarkus-kubernetes-spi-1.13.7.Final.jar (19 kB)                                                                                                                                                                                                                                                                           Downloaded from central: https://repo.maven.apache.org/maven2/io/quarkus/quarkus-kubernetes-spi/1.13.7.Final/quarkus-kubernetes-spi-1.13.7.Final.jar (19 kB at 37 kB/s)
Downloading from central: https://repo.maven.apache.org/maven2/io/quarkus/qute/qute-core/1.13.7.Final/qute-core-1.13.7.Final.jar
Progress (4): quarkus-http-core-3.1.1.Final.jar (311/932 kB) | quarkus-http-servlet-3.1.1.Final.jar (323/498 kB) | jboss-metadata-common-11.0.0.Final.jar (241/475 kB) | jboss-metadata-web-11.0.0.Final.jar (200/468 kB)Progress (4): quarkus-http-core-3.1.1.Final.jar (311/932 kB) | quarkus-http-servlet-3.1.1.Final.jar (323/498 kB) | jboss-metadata-common-11.0.0.Final.jar (245/475 kB) | jboss-metadata-web-11.0.0.Final.jar (200/468 kB)Progress (4): quarkus-http-core-3.1.1.Final.jar (319/932 kB) | quarkus-http-servlet-3.1.1.Final.jar (323/498 kB) | jboss-metadata-common-11.0.0.Final.jar (245/475 kB) | jboss-metadata-web-11.0.0.Final.jar (200/468 kB)Progress (4): quarkus-http-core-3.1.1.Final.jar (319/932 kB) | quarkus-http-servlet-3.1.1.Final.jar (327/498 kB) | jboss-metadata-common-11.0.0.Final.jar (245/475 kB) | jboss-metadata-web-11.0.0.Final.jar (200/468 kB)Progress (4): quarkus-http-core-3.1.1.Final.jar (319/932 kB) | quarkus-http-servlet-3.1.1.Final.jar (327/498 kB) | jboss-metadata-common-11.0.0.Final.jar (245/475 kB) | jboss-metadata-web-11.0.0.Final.jar (204/468 kB)Progress (4): quarkus-http-core-3.1.1.Final.jar (319/932 kB) | quarkus-http-servlet-3.1.1.Final.jar (327/498 kB) | jboss-metadata-common-11.0.0.Final.jar (249/475 kB) | jboss-metadata-web-11.0.0.Final.jar (204/468 kB)Progress (4): quarkus-http-core-3.1.1.Final.jar (319/932 kB) | quarkus-http-servlet-3.1.1.Final.jar (331/498 kB) | jboss-metadata-common-11.0.0.Final.jar (249/475 kB) | jboss-metadata-web-11.0.0.Final.jar (204/468 kB)Progress (4): quarkus-http-core-3.1.1.Final.jar (319/932 kB) | quarkus-http-servlet-3.1.1.Final.jar (331/498 kB) | jboss-metadata-common-11.0.0.Final.jar (249/475 kB) | jboss-metadata-web-11.0.0.Final.jar (208/468 kB)Progress (4): quarkus-http-core-3.1.1.Final.jar (319/932 kB) | quarkus-http-servlet-3.1.1.Final.jar (331/498 kB) | jboss-metadata-common-11.0.0.Final.jar (253/475 kB) | jboss-metadata-web-11.0.0.Final.jar (208/468 kB)Progress (4): quarkus-http-core-3.1.1.Final.jar (327/932 kB) | quarkus-http-servlet-3.1.1.Final.jar (331/498 kB) | jboss-metadata-common-11.0.0.Final.jar (253/475 kB) | jboss-metadata-web-11.0.0.Final.jar (208/468 kB)Progress (4): quarkus-http-core-3.1.1.Final.jar (327/932 kB) | quarkus-http-servlet-3.1.1.Final.jar (335/498 kB) | jboss-metadata-common-11.0.0.Final.jar (253/475 kB) | jboss-metadata-web-11.0.0.Final.jar (208/468 kB)Progress (4): quarkus-http-core-3.1.1.Final.jar (327/932 kB) | quarkus-http-servlet-3.1.1.Final.jar (335/498 kB) | jboss-metadata-common-11.0.0.Final.jar (253/475 kB) | jboss-metadata-web-11.0.0.Final.jar (212/468 kB)Progress (4): quarkus-http-core-3.1.1.Final.jar (327/932 kB) | quarkus-http-servlet-3.1.1.Final.jar (335/498 kB) | jboss-metadata-common-11.0.0.Final.jar (258/475 kB) | jboss-metadata-web-11.0.0.Final.jar (212/468 kB)Progress (4): quarkus-http-core-3.1.1.Final.jar (327/932 kB) | quarkus-http-servlet-3.1.1.Final.jar (339/498 kB) | jboss-metadata-common-11.0.0.Final.jar (258/475 kB) | jboss-metadata-web-11.0.0.Final.jar (212/468 kB)Progress (4): quarkus-http-core-3.1.1.Final.jar (327/932 kB) | quarkus-http-servlet-3.1.1.Final.jar (339/498 kB) | jboss-metadata-common-11.0.0.Final.jar (258/475 kB) | jboss-metadata-web-11.0.0.Final.jar (217/468 kB)Progress (4): quarkus-http-core-3.1.1.Final.jar (327/932 kB) | quarkus-http-servlet-3.1.1.Final.jar (339/498 kB) | jboss-metadata-common-11.0.0.Final.jar (262/475 kB) | jboss-metadata-web-11.0.0.Final.jar (217/468 kB)Progress (4): quarkus-http-core-3.1.1.Final.jar (327/932 kB) | quarkus-http-servlet-3.1.1.Final.jar (344/498 kB) | jboss-metadata-common-11.0.0.Final.jar (262/475 kB) | jboss-metadata-web-11.0.0.Final.jar (217/468 kB)Progress (4): quarkus-http-core-3.1.1.Final.jar (335/932 kB) | quarkus-http-servlet-3.1.1.Final.jar (344/498 kB) | jboss-metadata-common-11.0.0.Final.jar (262/475 kB) | jboss-metadata-web-11.0.0.Final.jar (217/468 kB)Progress (4): quarkus-http-core-3.1.1.Final.jar (335/932 kB) | quarkus-http-servlet-3.1.1.Final.jar (344/498 kB) | jboss-metadata-common-11.0.0.Final.jar (262/475 kB) | jboss-metadata-web-11.0.0.Final.jar (221/468 kB)Progress (4): quarkus-http-core-3.1.1.Final.jar (335/932 kB) | quarkus-http-servlet-3.1.1.Final.jar (344/498 kB) | jboss-metadata-common-11.0.0.Final.jar (266/475 kB) | jboss-metadata-web-11.0.0.Final.jar (221/468 kB)Progress (4): quarkus-http-core-3.1.1.Final.jar (335/932 kB) | quarkus-http-servlet-3.1.1.Final.jar (348/498 kB) | jboss-metadata-common-11.0.0.Final.jar (266/475 kB) | jboss-metadata-web-11.0.0.Final.jar (221/468 kB)Progress (4): quarkus-http-core-3.1.1.Final.jar (335/932 kB) | quarkus-http-servlet-3.1.1.Final.jar (348/498 kB) | jboss-metadata-common-11.0.0.Final.jar (266/475 kB) | jboss-metadata-web-11.0.0.Final.jar (225/468 kB)Progress (4): quarkus-http-core-3.1.1.Final.jar (335/932 kB) | quarkus-http-servlet-3.1.1.Final.jar (348/498 kB) | jboss-metadata-common-11.0.0.Final.jar (270/475 kB) | jboss-metadata-web-11.0.0.Final.jar (225/468 kB)Progress (4): quarkus-http-core-3.1.1.Final.jar (335/932 kB) | quarkus-http-servlet-3.1.1.Final.jar (352/498 kB) | jboss-metadata-common-11.0.0.Final.jar (270/475 kB) | jboss-metadata-web-11.0.0.Final.jar (225/468 kB)Progress (4): quarkus-http-core-3.1.1.Final.jar (344/932 kB) | quarkus-http-servlet-3.1.1.Final.jar (352/498 kB) | jboss-metadata-common-11.0.0.Final.jar (270/475 kB) | jboss-metadata-web-11.0.0.Final.jar (225/468 kB)Progress (4): quarkus-http-core-3.1.1.Final.jar (344/932 kB) | quarkus-http-servlet-3.1.1.Final.jar (352/498 kB) | jboss-metadata-common-11.0.0.Final.jar (270/475 kB) | jboss-metadata-web-11.0.0.Final.jar (229/468 kB)Progress (5): quarkus-http-core-3.1.1.Final.jar (344/932 kB) | quarkus-http-servlet-3.1.1.Final.jar (352/498 kB) | jboss-metadata-common-11.0.0.Final.jar (270/475 kB) | jboss-metadata-web-11.0.0.Final.jar (229/468 kB) | qute-core-1.13.7.Final.jar (4.1/208 kB)Progress (5): quarkus-http-core-3.1.1.Final.jar (344/932 kB) | quarkus-http-servlet-3.1.1.Final.jar (352/498 kB) | jboss-metadata-common-11.0.0.Final.jar (274/475 kB) | jboss-metadata-web-11.0.0.Final.jar (229/468 kB) | qute-core-1.13.7.Final.jar (4.1/208 kB)Progress (5): quarkus-http-core-3.1.1.Final.jar (344/932 kB) | quarkus-http-servlet-3.1.1.Final.jar (356/498 kB) | jboss-metadata-common-11.0.0.Final.jar (274/475 kB) | jboss-metadata-web-11.0.0.Final.jar (229/468 kB) | qute-core-1.13.7.Final.jar (4.1/208 kB)Progress (5): quarkus-http-core-3.1.1.Final.jar (344/932 kB) | quarkus-http-servlet-3.1.1.Final.jar (356/498 kB) | jboss-metadata-common-11.0.0.Final.jar (274/475 kB) | jboss-metadata-web-11.0.0.Final.jar (233/468 kB) | qute-core-1.13.7.Final.jar (4.1/208 kB)Progress (5): quarkus-http-core-3.1.1.Final.jar (344/932 kB) | quarkus-http-servlet-3.1.1.Final.jar (356/498 kB) | jboss-metadata-common-11.0.0.Final.jar (278/475 kB) | jboss-metadata-web-11.0.0.Final.jar (233/468 kB) | qute-core-1.13.7.Final.jar (4.1/208 kB)Progress (5): quarkus-http-core-3.1.1.Final.jar (344/932 kB) | quarkus-http-servlet-3.1.1.Final.jar (356/498 kB) | jboss-metadata-common-11.0.0.Final.jar (278/475 kB) | jboss-metadata-web-11.0.0.Final.jar (233/468 kB) | qute-core-1.13.7.Final.jar (8.2/208 kB)Progress (5): quarkus-http-core-3.1.1.Final.jar (344/932 kB) | quarkus-http-servlet-3.1.1.Final.jar (360/498 kB) | jboss-metadata-common-11.0.0.Final.jar (278/475 kB) | jboss-metadata-web-11.0.0.Final.jar (233/468 kB) | qute-core-1.13.7.Final.jar (8.2/208 kB)Progress (5): quarkus-http-core-3.1.1.Final.jar (352/932 kB) | quarkus-http-servlet-3.1.1.Final.jar (360/498 kB) | jboss-metadata-common-11.0.0.Final.jar (278/475 kB) | jboss-metadata-web-11.0.0.Final.jar (233/468 kB) | qute-core-1.13.7.Final.jar (8.2/208 kB)Progress (5): quarkus-http-core-3.1.1.Final.jar (352/932 kB) | quarkus-http-servlet-3.1.1.Final.jar (360/498 kB) | jboss-metadata-common-11.0.0.Final.jar (278/475 kB) | jboss-metadata-web-11.0.0.Final.jar (237/468 kB) | qute-core-1.13.7.Final.jar (8.2/208 kB)Progress (5): quarkus-http-core-3.1.1.Final.jar (352/932 kB) | quarkus-http-servlet-3.1.1.Final.jar (360/498 kB) | jboss-metadata-common-11.0.0.Final.jar (282/475 kB) | jboss-metadata-web-11.0.0.Final.jar (237/468 kB) | qute-core-1.13.7.Final.jar (8.2/208 kB)Progress (5): quarkus-http-core-3.1.1.Final.jar (352/932 kB) | quarkus-http-servlet-3.1.1.Final.jar (360/498 kB) | jboss-metadata-common-11.0.0.Final.jar (282/475 kB) | jboss-metadata-web-11.0.0.Final.jar (237/468 kB) | qute-core-1.13.7.Final.jar (12/208 kB) Progress (5): quarkus-http-core-3.1.1.Final.jar (352/932 kB) | quarkus-http-servlet-3.1.1.Final.jar (364/498 kB) | jboss-metadata-common-11.0.0.Final.jar (282/475 kB) | jboss-metadata-web-11.0.0.Final.jar (237/468 kB) | qute-core-1.13.7.Final.jar (12/208 kB)Progress (5): quarkus-http-core-3.1.1.Final.jar (352/932 kB) | quarkus-http-servlet-3.1.1.Final.jar (364/498 kB) | jboss-metadata-common-11.0.0.Final.jar (282/475 kB) | jboss-metadata-web-11.0.0.Final.jar (241/468 kB) | qute-core-1.13.7.Final.jar (12/208 kB)Progress (5): quarkus-http-core-3.1.1.Final.jar (352/932 kB) | quarkus-http-servlet-3.1.1.Final.jar (364/498 kB) | jboss-metadata-common-11.0.0.Final.jar (286/475 kB) | jboss-metadata-web-11.0.0.Final.jar (241/468 kB) | qute-core-1.13.7.Final.jar (12/208 kB)Progress (5): quarkus-http-core-3.1.1.Final.jar (360/932 kB) | quarkus-http-servlet-3.1.1.Final.jar (364/498 kB) | jboss-metadata-common-11.0.0.Final.jar (286/475 kB) | jboss-metadata-web-11.0.0.Final.jar (241/468 kB) | qute-core-1.13.7.Final.jar (12/208 kB)Progress (5): quarkus-http-core-3.1.1.Final.jar (360/932 kB) | quarkus-http-servlet-3.1.1.Final.jar (368/498 kB) | jboss-metadata-common-11.0.0.Final.jar (286/475 kB) | jboss-metadata-web-11.0.0.Final.jar (241/468 kB) | qute-core-1.13.7.Final.jar (12/208 kB)Progress (5): quarkus-http-core-3.1.1.Final.jar (360/932 kB) | quarkus-http-servlet-3.1.1.Final.jar (368/498 kB) | jboss-metadata-common-11.0.0.Final.jar (286/475 kB) | jboss-metadata-web-11.0.0.Final.jar (245/468 kB) | qute-core-1.13.7.Final.jar (12/208 kB)Progress (5): quarkus-http-core-3.1.1.Final.jar (360/932 kB) | quarkus-http-servlet-3.1.1.Final.jar (368/498 kB) | jboss-metadata-common-11.0.0.Final.jar (290/475 kB) | jboss-metadata-web-11.0.0.Final.jar (245/468 kB) | qute-core-1.13.7.Final.jar (12/208 kB)Progress (5): quarkus-http-core-3.1.1.Final.jar (360/932 kB) | quarkus-http-servlet-3.1.1.Final.jar (372/498 kB) | jboss-metadata-common-11.0.0.Final.jar (290/475 kB) | jboss-metadata-web-11.0.0.Final.jar (245/468 kB) | qute-core-1.13.7.Final.jar (12/208 kB)Progress (5): quarkus-http-core-3.1.1.Final.jar (360/932 kB) | quarkus-http-servlet-3.1.1.Final.jar (372/498 kB) | jboss-metadata-common-11.0.0.Final.jar (294/475 kB) | jboss-metadata-web-11.0.0.Final.jar (245/468 kB) | qute-core-1.13.7.Final.jar (12/208 kB)Progress (5): quarkus-http-core-3.1.1.Final.jar (360/932 kB) | quarkus-http-servlet-3.1.1.Final.jar (372/498 kB) | jboss-metadata-common-11.0.0.Final.jar (294/475 kB) | jboss-metadata-web-11.0.0.Final.jar (249/468 kB) | qute-core-1.13.7.Final.jar (12/208 kB)Progress (5): quarkus-http-core-3.1.1.Final.jar (360/932 kB) | quarkus-http-servlet-3.1.1.Final.jar (372/498 kB) | jboss-metadata-common-11.0.0.Final.jar (294/475 kB) | jboss-metadata-web-11.0.0.Final.jar (249/468 kB) | qute-core-1.13.7.Final.jar (16/208 kB)Progress (5): quarkus-http-core-3.1.1.Final.jar (360/932 kB) | quarkus-http-servlet-3.1.1.Final.jar (376/498 kB) | jboss-metadata-common-11.0.0.Final.jar (294/475 kB) | jboss-metadata-web-11.0.0.Final.jar (249/468 kB) | qute-core-1.13.7.Final.jar (16/208 kB)Progress (5): quarkus-http-core-3.1.1.Final.jar (368/932 kB) | quarkus-http-servlet-3.1.1.Final.jar (376/498 kB) | jboss-metadata-common-11.0.0.Final.jar (294/475 kB) | jboss-metadata-web-11.0.0.Final.jar (249/468 kB) | qute-core-1.13.7.Final.jar (16/208 kB)Progress (5): quarkus-http-core-3.1.1.Final.jar (368/932 kB) | quarkus-http-servlet-3.1.1.Final.jar (376/498 kB) | jboss-metadata-common-11.0.0.Final.jar (294/475 kB) | jboss-metadata-web-11.0.0.Final.jar (253/468 kB) | qute-core-1.13.7.Final.jar (16/208 kB)Progress (5): quarkus-http-core-3.1.1.Final.jar (368/932 kB) | quarkus-http-servlet-3.1.1.Final.jar (376/498 kB) | jboss-metadata-common-11.0.0.Final.jar (298/475 kB) | jboss-metadata-web-11.0.0.Final.jar (253/468 kB) | qute-core-1.13.7.Final.jar (16/208 kB)Progress (5): quarkus-http-core-3.1.1.Final.jar (368/932 kB) | quarkus-http-servlet-3.1.1.Final.jar (380/498 kB) | jboss-metadata-common-11.0.0.Final.jar (298/475 kB) | jboss-metadata-web-11.0.0.Final.jar (253/468 kB) | qute-core-1.13.7.Final.jar (16/208 kB)Progress (5): quarkus-http-core-3.1.1.Final.jar (368/932 kB) | quarkus-http-servlet-3.1.1.Final.jar (380/498 kB) | jboss-metadata-common-11.0.0.Final.jar (298/475 kB) | jboss-metadata-web-11.0.0.Final.jar (253/468 kB) | qute-core-1.13.7.Final.jar (20/208 kB)Progress (5): quarkus-http-core-3.1.1.Final.jar (368/932 kB) | quarkus-http-servlet-3.1.1.Final.jar (380/498 kB) | jboss-metadata-common-11.0.0.Final.jar (303/475 kB) | jboss-metadata-web-11.0.0.Final.jar (253/468 kB) | qute-core-1.13.7.Final.jar (20/208 kB)Progress (5): quarkus-http-core-3.1.1.Final.jar (368/932 kB) | quarkus-http-servlet-3.1.1.Final.jar (380/498 kB) | jboss-metadata-common-11.0.0.Final.jar (303/475 kB) | jboss-metadata-web-11.0.0.Final.jar (258/468 kB) | qute-core-1.13.7.Final.jar (20/208 kB)Progress (5): quarkus-http-core-3.1.1.Final.jar (368/932 kB) | quarkus-http-servlet-3.1.1.Final.jar (384/498 kB) | jboss-metadata-common-11.0.0.Final.jar (303/475 kB) | jboss-metadata-web-11.0.0.Final.jar (258/468 kB) | qute-core-1.13.7.Final.jar (20/208 kB)Progress (5): quarkus-http-core-3.1.1.Final.jar (368/932 kB) | quarkus-http-servlet-3.1.1.Final.jar (384/498 kB) | jboss-metadata-common-11.0.0.Final.jar (307/475 kB) | jboss-metadata-web-11.0.0.Final.jar (258/468 kB) | qute-core-1.13.7.Final.jar (20/208 kB)Progress (5): quarkus-http-core-3.1.1.Final.jar (376/932 kB) | quarkus-http-servlet-3.1.1.Final.jar (384/498 kB) | jboss-metadata-common-11.0.0.Final.jar (307/475 kB) | jboss-metadata-web-11.0.0.Final.jar (258/468 kB) | qute-core-1.13.7.Final.jar (20/208 kB)Progress (5): quarkus-http-core-3.1.1.Final.jar (376/932 kB) | quarkus-http-servlet-3.1.1.Final.jar (384/498 kB) | jboss-metadata-common-11.0.0.Final.jar (307/475 kB) | jboss-metadata-web-11.0.0.Final.jar (262/468 kB) | qute-core-1.13.7.Final.jar (20/208 kB)Progress (5): quarkus-http-core-3.1.1.Final.jar (376/932 kB) | quarkus-http-servlet-3.1.1.Final.jar (384/498 kB) | jboss-metadata-common-11.0.0.Final.jar (307/475 kB) | jboss-metadata-web-11.0.0.Final.jar (262/468 kB) | qute-core-1.13.7.Final.jar (24/208 kB)Progress (5): quarkus-http-core-3.1.1.Final.jar (376/932 kB) | quarkus-http-servlet-3.1.1.Final.jar (389/498 kB) | jboss-metadata-common-11.0.0.Final.jar (307/475 kB) | jboss-metadata-web-11.0.0.Final.jar (262/468 kB) | qute-core-1.13.7.Final.jar (24/208 kB)Progress (5): quarkus-http-core-3.1.1.Final.jar (376/932 kB) | quarkus-http-servlet-3.1.1.Final.jar (389/498 kB) | jboss-metadata-common-11.0.0.Final.jar (311/475 kB) | jboss-metadata-web-11.0.0.Final.jar (262/468 kB) | qute-core-1.13.7.Final.jar (24/208 kB)Progress (5): quarkus-http-core-3.1.1.Final.jar (376/932 kB) | quarkus-http-servlet-3.1.1.Final.jar (389/498 kB) | jboss-metadata-common-11.0.0.Final.jar (311/475 kB) | jboss-metadata-web-11.0.0.Final.jar (266/468 kB) | qute-core-1.13.7.Final.jar (24/208 kB)Progress (5): quarkus-http-core-3.1.1.Final.jar (376/932 kB) | quarkus-http-servlet-3.1.1.Final.jar (389/498 kB) | jboss-metadata-common-11.0.0.Final.jar (311/475 kB) | jboss-metadata-web-11.0.0.Final.jar (266/468 kB) | qute-core-1.13.7.Final.jar (28/208 kB)Progress (5): quarkus-http-core-3.1.1.Final.jar (376/932 kB) | quarkus-http-servlet-3.1.1.Final.jar (393/498 kB) | jboss-metadata-common-11.0.0.Final.jar (311/475 kB) | jboss-metadata-web-11.0.0.Final.jar (266/468 kB) | qute-core-1.13.7.Final.jar (28/208 kB)Progress (5): quarkus-http-core-3.1.1.Final.jar (376/932 kB) | quarkus-http-servlet-3.1.1.Final.jar (393/498 kB) | jboss-metadata-common-11.0.0.Final.jar (315/475 kB) | jboss-metadata-web-11.0.0.Final.jar (266/468 kB) | qute-core-1.13.7.Final.jar (28/208 kB)Progress (5): quarkus-http-core-3.1.1.Final.jar (384/932 kB) | quarkus-http-servlet-3.1.1.Final.jar (393/498 kB) | jboss-metadata-common-11.0.0.Final.jar (315/475 kB) | jboss-metadata-web-11.0.0.Final.jar (266/468 kB) | qute-core-1.13.7.Final.jar (28/208 kB)Progress (5): quarkus-http-core-3.1.1.Final.jar (384/932 kB) | quarkus-http-servlet-3.1.1.Final.jar (393/498 kB) | jboss-metadata-common-11.0.0.Final.jar (315/475 kB) | jboss-metadata-web-11.0.0.Final.jar (270/468 kB) | qute-core-1.13.7.Final.jar (28/208 kB)Progress (5): quarkus-http-core-3.1.1.Final.jar (384/932 kB) | quarkus-http-servlet-3.1.1.Final.jar (393/498 kB) | jboss-metadata-common-11.0.0.Final.jar (315/475 kB) | jboss-metadata-web-11.0.0.Final.jar (270/468 kB) | qute-core-1.13.7.Final.jar (32/208 kB)Progress (5): quarkus-http-core-3.1.1.Final.jar (384/932 kB) | quarkus-http-servlet-3.1.1.Final.jar (397/498 kB) | jboss-metadata-common-11.0.0.Final.jar (315/475 kB) | jboss-metadata-web-11.0.0.Final.jar (270/468 kB) | qute-core-1.13.7.Final.jar (32/208 kB)Progress (5): quarkus-http-core-3.1.1.Final.jar (384/932 kB) | quarkus-http-servlet-3.1.1.Final.jar (397/498 kB) | jboss-metadata-common-11.0.0.Final.jar (319/475 kB) | jboss-metadata-web-11.0.0.Final.jar (270/468 kB) | qute-core-1.13.7.Final.jar (32/208 kB)Progress (5): quarkus-http-core-3.1.1.Final.jar (384/932 kB) | quarkus-http-servlet-3.1.1.Final.jar (397/498 kB) | jboss-metadata-common-11.0.0.Final.jar (319/475 kB) | jboss-metadata-web-11.0.0.Final.jar (274/468 kB) | qute-core-1.13.7.Final.jar (32/208 kB)Progress (5): quarkus-http-core-3.1.1.Final.jar (384/932 kB) | quarkus-http-servlet-3.1.1.Final.jar (401/498 kB) | jboss-metadata-common-11.0.0.Final.jar (319/475 kB) | jboss-metadata-web-11.0.0.Final.jar (274/468 kB) | qute-core-1.13.7.Final.jar (32/208 kB)Progress (5): quarkus-http-core-3.1.1.Final.jar (384/932 kB) | quarkus-http-servlet-3.1.1.Final.jar (401/498 kB) | jboss-metadata-common-11.0.0.Final.jar (319/475 kB) | jboss-metadata-web-11.0.0.Final.jar (274/468 kB) | qute-core-1.13.7.Final.jar (36/208 kB)Progress (5): quarkus-http-core-3.1.1.Final.jar (384/932 kB) | quarkus-http-servlet-3.1.1.Final.jar (401/498 kB) | jboss-metadata-common-11.0.0.Final.jar (323/475 kB) | jboss-metadata-web-11.0.0.Final.jar (274/468 kB) | qute-core-1.13.7.Final.jar (36/208 kB)Progress (5): quarkus-http-core-3.1.1.Final.jar (393/932 kB) | quarkus-http-servlet-3.1.1.Final.jar (401/498 kB) | jboss-metadata-common-11.0.0.Final.jar (323/475 kB) | jboss-metadata-web-11.0.0.Final.jar (274/468 kB) | qute-core-1.13.7.Final.jar (36/208 kB)Progress (5): quarkus-http-core-3.1.1.Final.jar (393/932 kB) | quarkus-http-servlet-3.1.1.Final.jar (401/498 kB) | jboss-metadata-common-11.0.0.Final.jar (323/475 kB) | jboss-metadata-web-11.0.0.Final.jar (278/468 kB) | qute-core-1.13.7.Final.jar (36/208 kB)Progress (5): quarkus-http-core-3.1.1.Final.jar (393/932 kB) | quarkus-http-servlet-3.1.1.Final.jar (405/498 kB) | jboss-metadata-common-11.0.0.Final.jar (323/475 kB) | jboss-metadata-web-11.0.0.Final.jar (278/468 kB) | qute-core-1.13.7.Final.jar (36/208 kB)Progress (5): quarkus-http-core-3.1.1.Final.jar (393/932 kB) | quarkus-http-servlet-3.1.1.Final.jar (405/498 kB) | jboss-metadata-common-11.0.0.Final.jar (327/475 kB) | jboss-metadata-web-11.0.0.Final.jar (278/468 kB) | qute-core-1.13.7.Final.jar (36/208 kB)Progress (5): quarkus-http-core-3.1.1.Final.jar (393/932 kB) | quarkus-http-servlet-3.1.1.Final.jar (405/498 kB) | jboss-metadata-common-11.0.0.Final.jar (327/475 kB) | jboss-metadata-web-11.0.0.Final.jar (278/468 kB) | qute-core-1.13.7.Final.jar (40/208 kB)Progress (5): quarkus-http-core-3.1.1.Final.jar (393/932 kB) | quarkus-http-servlet-3.1.1.Final.jar (405/498 kB) | jboss-metadata-common-11.0.0.Final.jar (327/475 kB) | jboss-metadata-web-11.0.0.Final.jar (282/468 kB) | qute-core-1.13.7.Final.jar (40/208 kB)Progress (5): quarkus-http-core-3.1.1.Final.jar (393/932 kB) | quarkus-http-servlet-3.1.1.Final.jar (409/498 kB) | jboss-metadata-common-11.0.0.Final.jar (327/475 kB) | jboss-metadata-web-11.0.0.Final.jar (282/468 kB) | qute-core-1.13.7.Final.jar (40/208 kB)Progress (5): quarkus-http-core-3.1.1.Final.jar (393/932 kB) | quarkus-http-servlet-3.1.1.Final.jar (409/498 kB) | jboss-metadata-common-11.0.0.Final.jar (331/475 kB) | jboss-metadata-web-11.0.0.Final.jar (282/468 kB) | qute-core-1.13.7.Final.jar (40/208 kB)Progress (5): quarkus-http-core-3.1.1.Final.jar (393/932 kB) | quarkus-http-servlet-3.1.1.Final.jar (409/498 kB) | jboss-metadata-common-11.0.0.Final.jar (331/475 kB) | jboss-metadata-web-11.0.0.Final.jar (282/468 kB) | qute-core-1.13.7.Final.jar (45/208 kB)Progress (5): quarkus-http-core-3.1.1.Final.jar (401/932 kB) | quarkus-http-servlet-3.1.1.Final.jar (409/498 kB) | jboss-metadata-common-11.0.0.Final.jar (331/475 kB) | jboss-metadata-web-11.0.0.Final.jar (282/468 kB) | qute-core-1.13.7.Final.jar (45/208 kB)Progress (5): quarkus-http-core-3.1.1.Final.jar (401/932 kB) | quarkus-http-servlet-3.1.1.Final.jar (409/498 kB) | jboss-metadata-common-11.0.0.Final.jar (331/475 kB) | jboss-metadata-web-11.0.0.Final.jar (286/468 kB) | qute-core-1.13.7.Final.jar (45/208 kB)Progress (5): quarkus-http-core-3.1.1.Final.jar (401/932 kB) | quarkus-http-servlet-3.1.1.Final.jar (413/498 kB) | jboss-metadata-common-11.0.0.Final.jar (331/475 kB) | jboss-metadata-web-11.0.0.Final.jar (286/468 kB) | qute-core-1.13.7.Final.jar (45/208 kB)Progress (5): quarkus-http-core-3.1.1.Final.jar (401/932 kB) | quarkus-http-servlet-3.1.1.Final.jar (413/498 kB) | jboss-metadata-common-11.0.0.Final.jar (331/475 kB) | jboss-metadata-web-11.0.0.Final.jar (290/468 kB) | qute-core-1.13.7.Final.jar (45/208 kB)Progress (5): quarkus-http-core-3.1.1.Final.jar (401/932 kB) | quarkus-http-servlet-3.1.1.Final.jar (413/498 kB) | jboss-metadata-common-11.0.0.Final.jar (331/475 kB) | jboss-metadata-web-11.0.0.Final.jar (290/468 kB) | qute-core-1.13.7.Final.jar (49/208 kB)Progress (5): quarkus-http-core-3.1.1.Final.jar (401/932 kB) | quarkus-http-servlet-3.1.1.Final.jar (417/498 kB) | jboss-metadata-common-11.0.0.Final.jar (331/475 kB) | jboss-metadata-web-11.0.0.Final.jar (290/468 kB) | qute-core-1.13.7.Final.jar (49/208 kB)Progress (5): quarkus-http-core-3.1.1.Final.jar (401/932 kB) | quarkus-http-servlet-3.1.1.Final.jar (417/498 kB) | jboss-metadata-common-11.0.0.Final.jar (335/475 kB) | jboss-metadata-web-11.0.0.Final.jar (290/468 kB) | qute-core-1.13.7.Final.jar (49/208 kB)Progress (5): quarkus-http-core-3.1.1.Final.jar (409/932 kB) | quarkus-http-servlet-3.1.1.Final.jar (417/498 kB) | jboss-metadata-common-11.0.0.Final.jar (335/475 kB) | jboss-metadata-web-11.0.0.Final.jar (290/468 kB) | qute-core-1.13.7.Final.jar (49/208 kB)Progress (5): quarkus-http-core-3.1.1.Final.jar (409/932 kB) | quarkus-http-servlet-3.1.1.Final.jar (417/498 kB) | jboss-metadata-common-11.0.0.Final.jar (335/475 kB) | jboss-metadata-web-11.0.0.Final.jar (294/468 kB) | qute-core-1.13.7.Final.jar (49/208 kB)Progress (5): quarkus-http-core-3.1.1.Final.jar (409/932 kB) | quarkus-http-servlet-3.1.1.Final.jar (421/498 kB) | jboss-metadata-common-11.0.0.Final.jar (335/475 kB) | jboss-metadata-web-11.0.0.Final.jar (294/468 kB) | qute-core-1.13.7.Final.jar (49/208 kB)Progress (5): quarkus-http-core-3.1.1.Final.jar (409/932 kB) | quarkus-http-servlet-3.1.1.Final.jar (421/498 kB) | jboss-metadata-common-11.0.0.Final.jar (335/475 kB) | jboss-metadata-web-11.0.0.Final.jar (294/468 kB) | qute-core-1.13.7.Final.jar (53/208 kB)Progress (5): quarkus-http-core-3.1.1.Final.jar (409/932 kB) | quarkus-http-servlet-3.1.1.Final.jar (421/498 kB) | jboss-metadata-common-11.0.0.Final.jar (339/475 kB) | jboss-metadata-web-11.0.0.Final.jar (294/468 kB) | qute-core-1.13.7.Final.jar (53/208 kB)Progress (5): quarkus-http-core-3.1.1.Final.jar (409/932 kB) | quarkus-http-servlet-3.1.1.Final.jar (421/498 kB) | jboss-metadata-common-11.0.0.Final.jar (339/475 kB) | jboss-metadata-web-11.0.0.Final.jar (298/468 kB) | qute-core-1.13.7.Final.jar (53/208 kB)Progress (5): quarkus-http-core-3.1.1.Final.jar (409/932 kB) | quarkus-http-servlet-3.1.1.Final.jar (425/498 kB) | jboss-metadata-common-11.0.0.Final.jar (339/475 kB) | jboss-metadata-web-11.0.0.Final.jar (298/468 kB) | qute-core-1.13.7.Final.jar (53/208 kB)Progress (5): quarkus-http-core-3.1.1.Final.jar (409/932 kB) | quarkus-http-servlet-3.1.1.Final.jar (425/498 kB) | jboss-metadata-common-11.0.0.Final.jar (344/475 kB) | jboss-metadata-web-11.0.0.Final.jar (298/468 kB) | qute-core-1.13.7.Final.jar (53/208 kB)Progress (5): quarkus-http-core-3.1.1.Final.jar (409/932 kB) | quarkus-http-servlet-3.1.1.Final.jar (425/498 kB) | jboss-metadata-common-11.0.0.Final.jar (344/475 kB) | jboss-metadata-web-11.0.0.Final.jar (298/468 kB) | qute-core-1.13.7.Final.jar (57/208 kB)Progress (5): quarkus-http-core-3.1.1.Final.jar (409/932 kB) | quarkus-http-servlet-3.1.1.Final.jar (425/498 kB) | jboss-metadata-common-11.0.0.Final.jar (344/475 kB) | jboss-metadata-web-11.0.0.Final.jar (303/468 kB) | qute-core-1.13.7.Final.jar (57/208 kB)Progress (5): quarkus-http-core-3.1.1.Final.jar (417/932 kB) | quarkus-http-servlet-3.1.1.Final.jar (425/498 kB) | jboss-metadata-common-11.0.0.Final.jar (344/475 kB) | jboss-metadata-web-11.0.0.Final.jar (303/468 kB) | qute-core-1.13.7.Final.jar (57/208 kB)Progress (5): quarkus-http-core-3.1.1.Final.jar (417/932 kB) | quarkus-http-servlet-3.1.1.Final.jar (430/498 kB) | jboss-metadata-common-11.0.0.Final.jar (344/475 kB) | jboss-metadata-web-11.0.0.Final.jar (303/468 kB) | qute-core-1.13.7.Final.jar (57/208 kB)Progress (5): quarkus-http-core-3.1.1.Final.jar (417/932 kB) | quarkus-http-servlet-3.1.1.Final.jar (430/498 kB) | jboss-metadata-common-11.0.0.Final.jar (348/475 kB) | jboss-metadata-web-11.0.0.Final.jar (303/468 kB) | qute-core-1.13.7.Final.jar (57/208 kB)Progress (5): quarkus-http-core-3.1.1.Final.jar (417/932 kB) | quarkus-http-servlet-3.1.1.Final.jar (430/498 kB) | jboss-metadata-common-11.0.0.Final.jar (348/475 kB) | jboss-metadata-web-11.0.0.Final.jar (303/468 kB) | qute-core-1.13.7.Final.jar (61/208 kB)Progress (5): quarkus-http-core-3.1.1.Final.jar (417/932 kB) | quarkus-http-servlet-3.1.1.Final.jar (430/498 kB) | jboss-metadata-common-11.0.0.Final.jar (348/475 kB) | jboss-metadata-web-11.0.0.Final.jar (307/468 kB) | qute-core-1.13.7.Final.jar (61/208 kB)Progress (5): quarkus-http-core-3.1.1.Final.jar (417/932 kB) | quarkus-http-servlet-3.1.1.Final.jar (434/498 kB) | jboss-metadata-common-11.0.0.Final.jar (348/475 kB) | jboss-metadata-web-11.0.0.Final.jar (307/468 kB) | qute-core-1.13.7.Final.jar (61/208 kB)Progress (5): quarkus-http-core-3.1.1.Final.jar (417/932 kB) | quarkus-http-servlet-3.1.1.Final.jar (434/498 kB) | jboss-metadata-common-11.0.0.Final.jar (352/475 kB) | jboss-metadata-web-11.0.0.Final.jar (307/468 kB) | qute-core-1.13.7.Final.jar (61/208 kB)Progress (5): quarkus-http-core-3.1.1.Final.jar (417/932 kB) | quarkus-http-servlet-3.1.1.Final.jar (434/498 kB) | jboss-metadata-common-11.0.0.Final.jar (352/475 kB) | jboss-metadata-web-11.0.0.Final.jar (311/468 kB) | qute-core-1.13.7.Final.jar (61/208 kB)Progress (5): quarkus-http-core-3.1.1.Final.jar (417/932 kB) | quarkus-http-servlet-3.1.1.Final.jar (434/498 kB) | jboss-metadata-common-11.0.0.Final.jar (352/475 kB) | jboss-metadata-web-11.0.0.Final.jar (311/468 kB) | qute-core-1.13.7.Final.jar (65/208 kB)Progress (5): quarkus-http-core-3.1.1.Final.jar (417/932 kB) | quarkus-http-servlet-3.1.1.Final.jar (438/498 kB) | jboss-metadata-common-11.0.0.Final.jar (352/475 kB) | jboss-metadata-web-11.0.0.Final.jar (311/468 kB) | qute-core-1.13.7.Final.jar (65/208 kB)Progress (5): quarkus-http-core-3.1.1.Final.jar (425/932 kB) | quarkus-http-servlet-3.1.1.Final.jar (438/498 kB) | jboss-metadata-common-11.0.0.Final.jar (352/475 kB) | jboss-metadata-web-11.0.0.Final.jar (311/468 kB) | qute-core-1.13.7.Final.jar (65/208 kB)Progress (5): quarkus-http-core-3.1.1.Final.jar (425/932 kB) | quarkus-http-servlet-3.1.1.Final.jar (438/498 kB) | jboss-metadata-common-11.0.0.Final.jar (356/475 kB) | jboss-metadata-web-11.0.0.Final.jar (311/468 kB) | qute-core-1.13.7.Final.jar (65/208 kB)Progress (5): quarkus-http-core-3.1.1.Final.jar (425/932 kB) | quarkus-http-servlet-3.1.1.Final.jar (438/498 kB) | jboss-metadata-common-11.0.0.Final.jar (356/475 kB) | jboss-metadata-web-11.0.0.Final.jar (315/468 kB) | qute-core-1.13.7.Final.jar (65/208 kB)Progress (5): quarkus-http-core-3.1.1.Final.jar (425/932 kB) | quarkus-http-servlet-3.1.1.Final.jar (442/498 kB) | jboss-metadata-common-11.0.0.Final.jar (356/475 kB) | jboss-metadata-web-11.0.0.Final.jar (315/468 kB) | qute-core-1.13.7.Final.jar (65/208 kB)Progress (5): quarkus-http-core-3.1.1.Final.jar (425/932 kB) | quarkus-http-servlet-3.1.1.Final.jar (442/498 kB) | jboss-metadata-common-11.0.0.Final.jar (356/475 kB) | jboss-metadata-web-11.0.0.Final.jar (315/468 kB) | qute-core-1.13.7.Final.jar (69/208 kB)Progress (5): quarkus-http-core-3.1.1.Final.jar (425/932 kB) | quarkus-http-servlet-3.1.1.Final.jar (442/498 kB) | jboss-metadata-common-11.0.0.Final.jar (360/475 kB) | jboss-metadata-web-11.0.0.Final.jar (315/468 kB) | qute-core-1.13.7.Final.jar (69/208 kB)Progress (5): quarkus-http-core-3.1.1.Final.jar (425/932 kB) | quarkus-http-servlet-3.1.1.Final.jar (442/498 kB) | jboss-metadata-common-11.0.0.Final.jar (360/475 kB) | jboss-metadata-web-11.0.0.Final.jar (319/468 kB) | qute-core-1.13.7.Final.jar (69/208 kB)Progress (5): quarkus-http-core-3.1.1.Final.jar (425/932 kB) | quarkus-http-servlet-3.1.1.Final.jar (446/498 kB) | jboss-metadata-common-11.0.0.Final.jar (360/475 kB) | jboss-metadata-web-11.0.0.Final.jar (319/468 kB) | qute-core-1.13.7.Final.jar (69/208 kB)Progress (5): quarkus-http-core-3.1.1.Final.jar (425/932 kB) | quarkus-http-servlet-3.1.1.Final.jar (446/498 kB) | jboss-metadata-common-11.0.0.Final.jar (360/475 kB) | jboss-metadata-web-11.0.0.Final.jar (319/468 kB) | qute-core-1.13.7.Final.jar (73/208 kB)Progress (5): quarkus-http-core-3.1.1.Final.jar (425/932 kB) | quarkus-http-servlet-3.1.1.Final.jar (446/498 kB) | jboss-metadata-common-11.0.0.Final.jar (360/475 kB) | jboss-metadata-web-11.0.0.Final.jar (323/468 kB) | qute-core-1.13.7.Final.jar (73/208 kB)Progress (5): quarkus-http-core-3.1.1.Final.jar (434/932 kB) | quarkus-http-servlet-3.1.1.Final.jar (446/498 kB) | jboss-metadata-common-11.0.0.Final.jar (360/475 kB) | jboss-metadata-web-11.0.0.Final.jar (323/468 kB) | qute-core-1.13.7.Final.jar (73/208 kB)Progress (5): quarkus-http-core-3.1.1.Final.jar (434/932 kB) | quarkus-http-servlet-3.1.1.Final.jar (446/498 kB) | jboss-metadata-common-11.0.0.Final.jar (364/475 kB) | jboss-metadata-web-11.0.0.Final.jar (323/468 kB) | qute-core-1.13.7.Final.jar (73/208 kB)Progress (5): quarkus-http-core-3.1.1.Final.jar (434/932 kB) | quarkus-http-servlet-3.1.1.Final.jar (450/498 kB) | jboss-metadata-common-11.0.0.Final.jar (364/475 kB) | jboss-metadata-web-11.0.0.Final.jar (323/468 kB) | qute-core-1.13.7.Final.jar (73/208 kB)Progress (5): quarkus-http-core-3.1.1.Final.jar (434/932 kB) | quarkus-http-servlet-3.1.1.Final.jar (450/498 kB) | jboss-metadata-common-11.0.0.Final.jar (364/475 kB) | jboss-metadata-web-11.0.0.Final.jar (327/468 kB) | qute-core-1.13.7.Final.jar (73/208 kB)Progress (5): quarkus-http-core-3.1.1.Final.jar (434/932 kB) | quarkus-http-servlet-3.1.1.Final.jar (450/498 kB) | jboss-metadata-common-11.0.0.Final.jar (364/475 kB) | jboss-metadata-web-11.0.0.Final.jar (327/468 kB) | qute-core-1.13.7.Final.jar (77/208 kB)Progress (5): quarkus-http-core-3.1.1.Final.jar (434/932 kB) | quarkus-http-servlet-3.1.1.Final.jar (450/498 kB) | jboss-metadata-common-11.0.0.Final.jar (368/475 kB) | jboss-metadata-web-11.0.0.Final.jar (327/468 kB) | qute-core-1.13.7.Final.jar (77/208 kB)Progress (5): quarkus-http-core-3.1.1.Final.jar (434/932 kB) | quarkus-http-servlet-3.1.1.Final.jar (454/498 kB) | jboss-metadata-common-11.0.0.Final.jar (368/475 kB) | jboss-metadata-web-11.0.0.Final.jar (327/468 kB) | qute-core-1.13.7.Final.jar (77/208 kB)Progress (5): quarkus-http-core-3.1.1.Final.jar (434/932 kB) | quarkus-http-servlet-3.1.1.Final.jar (454/498 kB) | jboss-metadata-common-11.0.0.Final.jar (368/475 kB) | jboss-metadata-web-11.0.0.Final.jar (331/468 kB) | qute-core-1.13.7.Final.jar (77/208 kB)Progress (5): quarkus-http-core-3.1.1.Final.jar (434/932 kB) | quarkus-http-servlet-3.1.1.Final.jar (454/498 kB) | jboss-metadata-common-11.0.0.Final.jar (372/475 kB) | jboss-metadata-web-11.0.0.Final.jar (331/468 kB) | qute-core-1.13.7.Final.jar (77/208 kB)Progress (5): quarkus-http-core-3.1.1.Final.jar (434/932 kB) | quarkus-http-servlet-3.1.1.Final.jar (454/498 kB) | jboss-metadata-common-11.0.0.Final.jar (372/475 kB) | jboss-metadata-web-11.0.0.Final.jar (331/468 kB) | qute-core-1.13.7.Final.jar (81/208 kB)Progress (5): quarkus-http-core-3.1.1.Final.jar (434/932 kB) | quarkus-http-servlet-3.1.1.Final.jar (458/498 kB) | jboss-metadata-common-11.0.0.Final.jar (372/475 kB) | jboss-metadata-web-11.0.0.Final.jar (331/468 kB) | qute-core-1.13.7.Final.jar (81/208 kB)Progress (5): quarkus-http-core-3.1.1.Final.jar (442/932 kB) | quarkus-http-servlet-3.1.1.Final.jar (458/498 kB) | jboss-metadata-common-11.0.0.Final.jar (372/475 kB) | jboss-metadata-web-11.0.0.Final.jar (331/468 kB) | qute-core-1.13.7.Final.jar (81/208 kB)Progress (5): quarkus-http-core-3.1.1.Final.jar (442/932 kB) | quarkus-http-servlet-3.1.1.Final.jar (458/498 kB) | jboss-metadata-common-11.0.0.Final.jar (376/475 kB) | jboss-metadata-web-11.0.0.Final.jar (331/468 kB) | qute-core-1.13.7.Final.jar (81/208 kB)Progress (5): quarkus-http-core-3.1.1.Final.jar (442/932 kB) | quarkus-http-servlet-3.1.1.Final.jar (458/498 kB) | jboss-metadata-common-11.0.0.Final.jar (376/475 kB) | jboss-metadata-web-11.0.0.Final.jar (335/468 kB) | qute-core-1.13.7.Final.jar (81/208 kB)Progress (5): quarkus-http-core-3.1.1.Final.jar (442/932 kB) | quarkus-http-servlet-3.1.1.Final.jar (462/498 kB) | jboss-metadata-common-11.0.0.Final.jar (376/475 kB) | jboss-metadata-web-11.0.0.Final.jar (335/468 kB) | qute-core-1.13.7.Final.jar (81/208 kB)Progress (5): quarkus-http-core-3.1.1.Final.jar (442/932 kB) | quarkus-http-servlet-3.1.1.Final.jar (462/498 kB) | jboss-metadata-common-11.0.0.Final.jar (376/475 kB) | jboss-metadata-web-11.0.0.Final.jar (335/468 kB) | qute-core-1.13.7.Final.jar (86/208 kB)Progress (5): quarkus-http-core-3.1.1.Final.jar (442/932 kB) | quarkus-http-servlet-3.1.1.Final.jar (462/498 kB) | jboss-metadata-common-11.0.0.Final.jar (376/475 kB) | jboss-metadata-web-11.0.0.Final.jar (339/468 kB) | qute-core-1.13.7.Final.jar (86/208 kB)Progress (5): quarkus-http-core-3.1.1.Final.jar (442/932 kB) | quarkus-http-servlet-3.1.1.Final.jar (462/498 kB) | jboss-metadata-common-11.0.0.Final.jar (380/475 kB) | jboss-metadata-web-11.0.0.Final.jar (339/468 kB) | qute-core-1.13.7.Final.jar (86/208 kB)Progress (5): quarkus-http-core-3.1.1.Final.jar (442/932 kB) | quarkus-http-servlet-3.1.1.Final.jar (462/498 kB) | jboss-metadata-common-11.0.0.Final.jar (384/475 kB) | jboss-metadata-web-11.0.0.Final.jar (339/468 kB) | qute-core-1.13.7.Final.jar (86/208 kB)Progress (5): quarkus-http-core-3.1.1.Final.jar (442/932 kB) | quarkus-http-servlet-3.1.1.Final.jar (466/498 kB) | jboss-metadata-common-11.0.0.Final.jar (384/475 kB) | jboss-metadata-web-11.0.0.Final.jar (339/468 kB) | qute-core-1.13.7.Final.jar (86/208 kB)Progress (5): quarkus-http-core-3.1.1.Final.jar (450/932 kB) | quarkus-http-servlet-3.1.1.Final.jar (466/498 kB) | jboss-metadata-common-11.0.0.Final.jar (384/475 kB) | jboss-metadata-web-11.0.0.Final.jar (339/468 kB) | qute-core-1.13.7.Final.jar (86/208 kB)Progress (5): quarkus-http-core-3.1.1.Final.jar (450/932 kB) | quarkus-http-servlet-3.1.1.Final.jar (466/498 kB) | jboss-metadata-common-11.0.0.Final.jar (384/475 kB) | jboss-metadata-web-11.0.0.Final.jar (344/468 kB) | qute-core-1.13.7.Final.jar (86/208 kB)Progress (5): quarkus-http-core-3.1.1.Final.jar (450/932 kB) | quarkus-http-servlet-3.1.1.Final.jar (466/498 kB) | jboss-metadata-common-11.0.0.Final.jar (384/475 kB) | jboss-metadata-web-11.0.0.Final.jar (344/468 kB) | qute-core-1.13.7.Final.jar (90/208 kB)Progress (5): quarkus-http-core-3.1.1.Final.jar (450/932 kB) | quarkus-http-servlet-3.1.1.Final.jar (470/498 kB) | jboss-metadata-common-11.0.0.Final.jar (384/475 kB) | jboss-metadata-web-11.0.0.Final.jar (344/468 kB) | qute-core-1.13.7.Final.jar (90/208 kB)Progress (5): quarkus-http-core-3.1.1.Final.jar (450/932 kB) | quarkus-http-servlet-3.1.1.Final.jar (470/498 kB) | jboss-metadata-common-11.0.0.Final.jar (384/475 kB) | jboss-metadata-web-11.0.0.Final.jar (348/468 kB) | qute-core-1.13.7.Final.jar (90/208 kB)Progress (5): quarkus-http-core-3.1.1.Final.jar (450/932 kB) | quarkus-http-servlet-3.1.1.Final.jar (470/498 kB) | jboss-metadata-common-11.0.0.Final.jar (389/475 kB) | jboss-metadata-web-11.0.0.Final.jar (348/468 kB) | qute-core-1.13.7.Final.jar (90/208 kB)Progress (5): quarkus-http-core-3.1.1.Final.jar (450/932 kB) | quarkus-http-servlet-3.1.1.Final.jar (475/498 kB) | jboss-metadata-common-11.0.0.Final.jar (389/475 kB) | jboss-metadata-web-11.0.0.Final.jar (348/468 kB) | qute-core-1.13.7.Final.jar (90/208 kB)Progress (5): quarkus-http-core-3.1.1.Final.jar (458/932 kB) | quarkus-http-servlet-3.1.1.Final.jar (475/498 kB) | jboss-metadata-common-11.0.0.Final.jar (389/475 kB) | jboss-metadata-web-11.0.0.Final.jar (348/468 kB) | qute-core-1.13.7.Final.jar (90/208 kB)Progress (5): quarkus-http-core-3.1.1.Final.jar (458/932 kB) | quarkus-http-servlet-3.1.1.Final.jar (475/498 kB) | jboss-metadata-common-11.0.0.Final.jar (389/475 kB) | jboss-metadata-web-11.0.0.Final.jar (348/468 kB) | qute-core-1.13.7.Final.jar (94/208 kB)Progress (5): quarkus-http-core-3.1.1.Final.jar (458/932 kB) | quarkus-http-servlet-3.1.1.Final.jar (479/498 kB) | jboss-metadata-common-11.0.0.Final.jar (389/475 kB) | jboss-metadata-web-11.0.0.Final.jar (348/468 kB) | qute-core-1.13.7.Final.jar (94/208 kB)Progress (5): quarkus-http-core-3.1.1.Final.jar (458/932 kB) | quarkus-http-servlet-3.1.1.Final.jar (479/498 kB) | jboss-metadata-common-11.0.0.Final.jar (389/475 kB) | jboss-metadata-web-11.0.0.Final.jar (352/468 kB) | qute-core-1.13.7.Final.jar (94/208 kB)Progress (5): quarkus-http-core-3.1.1.Final.jar (458/932 kB) | quarkus-http-servlet-3.1.1.Final.jar (479/498 kB) | jboss-metadata-common-11.0.0.Final.jar (393/475 kB) | jboss-metadata-web-11.0.0.Final.jar (352/468 kB) | qute-core-1.13.7.Final.jar (94/208 kB)Progress (5): quarkus-http-core-3.1.1.Final.jar (458/932 kB) | quarkus-http-servlet-3.1.1.Final.jar (483/498 kB) | jboss-metadata-common-11.0.0.Final.jar (393/475 kB) | jboss-metadata-web-11.0.0.Final.jar (352/468 kB) | qute-core-1.13.7.Final.jar (94/208 kB)Progress (5): quarkus-http-core-3.1.1.Final.jar (458/932 kB) | quarkus-http-servlet-3.1.1.Final.jar (483/498 kB) | jboss-metadata-common-11.0.0.Final.jar (393/475 kB) | jboss-metadata-web-11.0.0.Final.jar (356/468 kB) | qute-core-1.13.7.Final.jar (94/208 kB)Progress (5): quarkus-http-core-3.1.1.Final.jar (458/932 kB) | quarkus-http-servlet-3.1.1.Final.jar (483/498 kB) | jboss-metadata-common-11.0.0.Final.jar (393/475 kB) | jboss-metadata-web-11.0.0.Final.jar (356/468 kB) | qute-core-1.13.7.Final.jar (98/208 kB)Progress (5): quarkus-http-core-3.1.1.Final.jar (458/932 kB) | quarkus-http-servlet-3.1.1.Final.jar (487/498 kB) | jboss-metadata-common-11.0.0.Final.jar (393/475 kB) | jboss-metadata-web-11.0.0.Final.jar (356/468 kB) | qute-core-1.13.7.Final.jar (98/208 kB)Progress (5): quarkus-http-core-3.1.1.Final.jar (458/932 kB) | quarkus-http-servlet-3.1.1.Final.jar (487/498 kB) | jboss-metadata-common-11.0.0.Final.jar (397/475 kB) | jboss-metadata-web-11.0.0.Final.jar (356/468 kB) | qute-core-1.13.7.Final.jar (98/208 kB)Progress (5): quarkus-http-core-3.1.1.Final.jar (466/932 kB) | quarkus-http-servlet-3.1.1.Final.jar (487/498 kB) | jboss-metadata-common-11.0.0.Final.jar (397/475 kB) | jboss-metadata-web-11.0.0.Final.jar (356/468 kB) | qute-core-1.13.7.Final.jar (98/208 kB)Progress (5): quarkus-http-core-3.1.1.Final.jar (466/932 kB) | quarkus-http-servlet-3.1.1.Final.jar (487/498 kB) | jboss-metadata-common-11.0.0.Final.jar (397/475 kB) | jboss-metadata-web-11.0.0.Final.jar (360/468 kB) | qute-core-1.13.7.Final.jar (98/208 kB)Progress (5): quarkus-http-core-3.1.1.Final.jar (466/932 kB) | quarkus-http-servlet-3.1.1.Final.jar (491/498 kB) | jboss-metadata-common-11.0.0.Final.jar (397/475 kB) | jboss-metadata-web-11.0.0.Final.jar (360/468 kB) | qute-core-1.13.7.Final.jar (98/208 kB)Progress (5): quarkus-http-core-3.1.1.Final.jar (475/932 kB) | quarkus-http-servlet-3.1.1.Final.jar (491/498 kB) | jboss-metadata-common-11.0.0.Final.jar (397/475 kB) | jboss-metadata-web-11.0.0.Final.jar (360/468 kB) | qute-core-1.13.7.Final.jar (98/208 kB)Progress (5): quarkus-http-core-3.1.1.Final.jar (475/932 kB) | quarkus-http-servlet-3.1.1.Final.jar (491/498 kB) | jboss-metadata-common-11.0.0.Final.jar (401/475 kB) | jboss-metadata-web-11.0.0.Final.jar (360/468 kB) | qute-core-1.13.7.Final.jar (98/208 kB)Progress (5): quarkus-http-core-3.1.1.Final.jar (475/932 kB) | quarkus-http-servlet-3.1.1.Final.jar (495/498 kB) | jboss-metadata-common-11.0.0.Final.jar (401/475 kB) | jboss-metadata-web-11.0.0.Final.jar (360/468 kB) | qute-core-1.13.7.Final.jar (98/208 kB)Progress (5): quarkus-http-core-3.1.1.Final.jar (475/932 kB) | quarkus-http-servlet-3.1.1.Final.jar (495/498 kB) | jboss-metadata-common-11.0.0.Final.jar (401/475 kB) | jboss-metadata-web-11.0.0.Final.jar (360/468 kB) | qute-core-1.13.7.Final.jar (102/208 kB)Progress (5): quarkus-http-core-3.1.1.Final.jar (475/932 kB) | quarkus-http-servlet-3.1.1.Final.jar (495/498 kB) | jboss-metadata-common-11.0.0.Final.jar (401/475 kB) | jboss-metadata-web-11.0.0.Final.jar (364/468 kB) | qute-core-1.13.7.Final.jar (102/208 kB)Progress (5): quarkus-http-core-3.1.1.Final.jar (475/932 kB) | quarkus-http-servlet-3.1.1.Final.jar (498 kB) | jboss-metadata-common-11.0.0.Final.jar (401/475 kB) | jboss-metadata-web-11.0.0.Final.jar (364/468 kB) | qute-core-1.13.7.Final.jar (102/208 kB)    Progress (5): quarkus-http-core-3.1.1.Final.jar (475/932 kB) | quarkus-http-servlet-3.1.1.Final.jar (498 kB) | jboss-metadata-common-11.0.0.Final.jar (405/475 kB) | jboss-metadata-web-11.0.0.Final.jar (364/468 kB) | qute-core-1.13.7.Final.jar (102/208 kB)Progress (5): quarkus-http-core-3.1.1.Final.jar (483/932 kB) | quarkus-http-servlet-3.1.1.Final.jar (498 kB) | jboss-metadata-common-11.0.0.Final.jar (405/475 kB) | jboss-metadata-web-11.0.0.Final.jar (364/468 kB) | qute-core-1.13.7.Final.jar (102/208 kB)Progress (5): quarkus-http-core-3.1.1.Final.jar (483/932 kB) | quarkus-http-servlet-3.1.1.Final.jar (498 kB) | jboss-metadata-common-11.0.0.Final.jar (405/475 kB) | jboss-metadata-web-11.0.0.Final.jar (364/468 kB) | qute-core-1.13.7.Final.jar (106/208 kB)Progress (5): quarkus-http-core-3.1.1.Final.jar (483/932 kB) | quarkus-http-servlet-3.1.1.Final.jar (498 kB) | jboss-metadata-common-11.0.0.Final.jar (405/475 kB) | jboss-metadata-web-11.0.0.Final.jar (368/468 kB) | qute-core-1.13.7.Final.jar (106/208 kB)Progress (5): quarkus-http-core-3.1.1.Final.jar (483/932 kB) | quarkus-http-servlet-3.1.1.Final.jar (498 kB) | jboss-metadata-common-11.0.0.Final.jar (409/475 kB) | jboss-metadata-web-11.0.0.Final.jar (368/468 kB) | qute-core-1.13.7.Final.jar (106/208 kB)Progress (5): quarkus-http-core-3.1.1.Final.jar (483/932 kB) | quarkus-http-servlet-3.1.1.Final.jar (498 kB) | jboss-metadata-common-11.0.0.Final.jar (413/475 kB) | jboss-metadata-web-11.0.0.Final.jar (368/468 kB) | qute-core-1.13.7.Final.jar (106/208 kB)Progress (5): quarkus-http-core-3.1.1.Final.jar (491/932 kB) | quarkus-http-servlet-3.1.1.Final.jar (498 kB) | jboss-metadata-common-11.0.0.Final.jar (413/475 kB) | jboss-metadata-web-11.0.0.Final.jar (368/468 kB) | qute-core-1.13.7.Final.jar (106/208 kB)Progress (5): quarkus-http-core-3.1.1.Final.jar (491/932 kB) | quarkus-http-servlet-3.1.1.Final.jar (498 kB) | jboss-metadata-common-11.0.0.Final.jar (413/475 kB) | jboss-metadata-web-11.0.0.Final.jar (372/468 kB) | qute-core-1.13.7.Final.jar (106/208 kB)Progress (5): quarkus-http-core-3.1.1.Final.jar (491/932 kB) | quarkus-http-servlet-3.1.1.Final.jar (498 kB) | jboss-metadata-common-11.0.0.Final.jar (413/475 kB) | jboss-metadata-web-11.0.0.Final.jar (372/468 kB) | qute-core-1.13.7.Final.jar (110/208 kB)Progress (5): quarkus-http-core-3.1.1.Final.jar (491/932 kB) | quarkus-http-servlet-3.1.1.Final.jar (498 kB) | jboss-metadata-common-11.0.0.Final.jar (413/475 kB) | jboss-metadata-web-11.0.0.Final.jar (372/468 kB) | qute-core-1.13.7.Final.jar (114/208 kB)Progress (5): quarkus-http-core-3.1.1.Final.jar (491/932 kB) | quarkus-http-servlet-3.1.1.Final.jar (498 kB) | jboss-metadata-common-11.0.0.Final.jar (417/475 kB) | jboss-metadata-web-11.0.0.Final.jar (372/468 kB) | qute-core-1.13.7.Final.jar (114/208 kB)Progress (5): quarkus-http-core-3.1.1.Final.jar (491/932 kB) | quarkus-http-servlet-3.1.1.Final.jar (498 kB) | jboss-metadata-common-11.0.0.Final.jar (417/475 kB) | jboss-metadata-web-11.0.0.Final.jar (376/468 kB) | qute-core-1.13.7.Final.jar (114/208 kB)Progress (5): quarkus-http-core-3.1.1.Final.jar (491/932 kB) | quarkus-http-servlet-3.1.1.Final.jar (498 kB) | jboss-metadata-common-11.0.0.Final.jar (421/475 kB) | jboss-metadata-web-11.0.0.Final.jar (376/468 kB) | qute-core-1.13.7.Final.jar (114/208 kB)                                                                                                                                                                                                                                                               Downloaded from central: https://repo.maven.apache.org/maven2/io/quarkus/http/quarkus-http-servlet/3.1.1.Final/quarkus-http-servlet-3.1.1.Final.jar (498 kB at 690 kB/s)
Downloading from central: https://repo.maven.apache.org/maven2/org/yaml/snakeyaml/1.28/snakeyaml-1.28.jar
Progress (4): quarkus-http-core-3.1.1.Final.jar (491/932 kB) | jboss-metadata-common-11.0.0.Final.jar (421/475 kB) | jboss-metadata-web-11.0.0.Final.jar (376/468 kB) | qute-core-1.13.7.Final.jar (118/208 kB)Progress (4): quarkus-http-core-3.1.1.Final.jar (491/932 kB) | jboss-metadata-common-11.0.0.Final.jar (421/475 kB) | jboss-metadata-web-11.0.0.Final.jar (380/468 kB) | qute-core-1.13.7.Final.jar (118/208 kB)Progress (4): quarkus-http-core-3.1.1.Final.jar (499/932 kB) | jboss-metadata-common-11.0.0.Final.jar (421/475 kB) | jboss-metadata-web-11.0.0.Final.jar (380/468 kB) | qute-core-1.13.7.Final.jar (118/208 kB)Progress (4): quarkus-http-core-3.1.1.Final.jar (499/932 kB) | jboss-metadata-common-11.0.0.Final.jar (425/475 kB) | jboss-metadata-web-11.0.0.Final.jar (380/468 kB) | qute-core-1.13.7.Final.jar (118/208 kB)Progress (4): quarkus-http-core-3.1.1.Final.jar (499/932 kB) | jboss-metadata-common-11.0.0.Final.jar (425/475 kB) | jboss-metadata-web-11.0.0.Final.jar (384/468 kB) | qute-core-1.13.7.Final.jar (118/208 kB)Progress (4): quarkus-http-core-3.1.1.Final.jar (499/932 kB) | jboss-metadata-common-11.0.0.Final.jar (430/475 kB) | jboss-metadata-web-11.0.0.Final.jar (384/468 kB) | qute-core-1.13.7.Final.jar (118/208 kB)Progress (4): quarkus-http-core-3.1.1.Final.jar (499/932 kB) | jboss-metadata-common-11.0.0.Final.jar (430/475 kB) | jboss-metadata-web-11.0.0.Final.jar (384/468 kB) | qute-core-1.13.7.Final.jar (122/208 kB)Progress (4): quarkus-http-core-3.1.1.Final.jar (507/932 kB) | jboss-metadata-common-11.0.0.Final.jar (430/475 kB) | jboss-metadata-web-11.0.0.Final.jar (384/468 kB) | qute-core-1.13.7.Final.jar (122/208 kB)Progress (4): quarkus-http-core-3.1.1.Final.jar (507/932 kB) | jboss-metadata-common-11.0.0.Final.jar (430/475 kB) | jboss-metadata-web-11.0.0.Final.jar (389/468 kB) | qute-core-1.13.7.Final.jar (122/208 kB)Progress (4): quarkus-http-core-3.1.1.Final.jar (507/932 kB) | jboss-metadata-common-11.0.0.Final.jar (434/475 kB) | jboss-metadata-web-11.0.0.Final.jar (389/468 kB) | qute-core-1.13.7.Final.jar (122/208 kB)Progress (4): quarkus-http-core-3.1.1.Final.jar (507/932 kB) | jboss-metadata-common-11.0.0.Final.jar (434/475 kB) | jboss-metadata-web-11.0.0.Final.jar (389/468 kB) | qute-core-1.13.7.Final.jar (126/208 kB)Progress (4): quarkus-http-core-3.1.1.Final.jar (516/932 kB) | jboss-metadata-common-11.0.0.Final.jar (434/475 kB) | jboss-metadata-web-11.0.0.Final.jar (389/468 kB) | qute-core-1.13.7.Final.jar (126/208 kB)Progress (4): quarkus-http-core-3.1.1.Final.jar (516/932 kB) | jboss-metadata-common-11.0.0.Final.jar (434/475 kB) | jboss-metadata-web-11.0.0.Final.jar (393/468 kB) | qute-core-1.13.7.Final.jar (126/208 kB)Progress (4): quarkus-http-core-3.1.1.Final.jar (516/932 kB) | jboss-metadata-common-11.0.0.Final.jar (438/475 kB) | jboss-metadata-web-11.0.0.Final.jar (393/468 kB) | qute-core-1.13.7.Final.jar (126/208 kB)Progress (4): quarkus-http-core-3.1.1.Final.jar (516/932 kB) | jboss-metadata-common-11.0.0.Final.jar (442/475 kB) | jboss-metadata-web-11.0.0.Final.jar (393/468 kB) | qute-core-1.13.7.Final.jar (126/208 kB)Progress (4): quarkus-http-core-3.1.1.Final.jar (516/932 kB) | jboss-metadata-common-11.0.0.Final.jar (442/475 kB) | jboss-metadata-web-11.0.0.Final.jar (393/468 kB) | qute-core-1.13.7.Final.jar (131/208 kB)Progress (4): quarkus-http-core-3.1.1.Final.jar (516/932 kB) | jboss-metadata-common-11.0.0.Final.jar (442/475 kB) | jboss-metadata-web-11.0.0.Final.jar (397/468 kB) | qute-core-1.13.7.Final.jar (131/208 kB)Progress (4): quarkus-http-core-3.1.1.Final.jar (516/932 kB) | jboss-metadata-common-11.0.0.Final.jar (446/475 kB) | jboss-metadata-web-11.0.0.Final.jar (397/468 kB) | qute-core-1.13.7.Final.jar (131/208 kB)Progress (4): quarkus-http-core-3.1.1.Final.jar (516/932 kB) | jboss-metadata-common-11.0.0.Final.jar (446/475 kB) | jboss-metadata-web-11.0.0.Final.jar (397/468 kB) | qute-core-1.13.7.Final.jar (135/208 kB)Progress (4): quarkus-http-core-3.1.1.Final.jar (524/932 kB) | jboss-metadata-common-11.0.0.Final.jar (446/475 kB) | jboss-metadata-web-11.0.0.Final.jar (397/468 kB) | qute-core-1.13.7.Final.jar (135/208 kB)Progress (4): quarkus-http-core-3.1.1.Final.jar (524/932 kB) | jboss-metadata-common-11.0.0.Final.jar (450/475 kB) | jboss-metadata-web-11.0.0.Final.jar (397/468 kB) | qute-core-1.13.7.Final.jar (135/208 kB)Progress (4): quarkus-http-core-3.1.1.Final.jar (524/932 kB) | jboss-metadata-common-11.0.0.Final.jar (450/475 kB) | jboss-metadata-web-11.0.0.Final.jar (401/468 kB) | qute-core-1.13.7.Final.jar (135/208 kB)Progress (5): quarkus-http-core-3.1.1.Final.jar (524/932 kB) | jboss-metadata-common-11.0.0.Final.jar (450/475 kB) | jboss-metadata-web-11.0.0.Final.jar (401/468 kB) | qute-core-1.13.7.Final.jar (135/208 kB) | snakeyaml-1.28.jar (4.1/327 kB)Progress (5): quarkus-http-core-3.1.1.Final.jar (524/932 kB) | jboss-metadata-common-11.0.0.Final.jar (454/475 kB) | jboss-metadata-web-11.0.0.Final.jar (401/468 kB) | qute-core-1.13.7.Final.jar (135/208 kB) | snakeyaml-1.28.jar (4.1/327 kB)Progress (5): quarkus-http-core-3.1.1.Final.jar (524/932 kB) | jboss-metadata-common-11.0.0.Final.jar (454/475 kB) | jboss-metadata-web-11.0.0.Final.jar (405/468 kB) | qute-core-1.13.7.Final.jar (135/208 kB) | snakeyaml-1.28.jar (4.1/327 kB)Progress (5): quarkus-http-core-3.1.1.Final.jar (524/932 kB) | jboss-metadata-common-11.0.0.Final.jar (454/475 kB) | jboss-metadata-web-11.0.0.Final.jar (409/468 kB) | qute-core-1.13.7.Final.jar (135/208 kB) | snakeyaml-1.28.jar (4.1/327 kB)Progress (5): quarkus-http-core-3.1.1.Final.jar (524/932 kB) | jboss-metadata-common-11.0.0.Final.jar (454/475 kB) | jboss-metadata-web-11.0.0.Final.jar (409/468 kB) | qute-core-1.13.7.Final.jar (139/208 kB) | snakeyaml-1.28.jar (4.1/327 kB)Progress (5): quarkus-http-core-3.1.1.Final.jar (524/932 kB) | jboss-metadata-common-11.0.0.Final.jar (458/475 kB) | jboss-metadata-web-11.0.0.Final.jar (409/468 kB) | qute-core-1.13.7.Final.jar (139/208 kB) | snakeyaml-1.28.jar (4.1/327 kB)Progress (5): quarkus-http-core-3.1.1.Final.jar (524/932 kB) | jboss-metadata-common-11.0.0.Final.jar (458/475 kB) | jboss-metadata-web-11.0.0.Final.jar (409/468 kB) | qute-core-1.13.7.Final.jar (139/208 kB) | snakeyaml-1.28.jar (8.2/327 kB)Progress (5): quarkus-http-core-3.1.1.Final.jar (524/932 kB) | jboss-metadata-common-11.0.0.Final.jar (458/475 kB) | jboss-metadata-web-11.0.0.Final.jar (413/468 kB) | qute-core-1.13.7.Final.jar (139/208 kB) | snakeyaml-1.28.jar (8.2/327 kB)Progress (5): quarkus-http-core-3.1.1.Final.jar (524/932 kB) | jboss-metadata-common-11.0.0.Final.jar (462/475 kB) | jboss-metadata-web-11.0.0.Final.jar (413/468 kB) | qute-core-1.13.7.Final.jar (139/208 kB) | snakeyaml-1.28.jar (8.2/327 kB)Progress (5): quarkus-http-core-3.1.1.Final.jar (524/932 kB) | jboss-metadata-common-11.0.0.Final.jar (462/475 kB) | jboss-metadata-web-11.0.0.Final.jar (413/468 kB) | qute-core-1.13.7.Final.jar (143/208 kB) | snakeyaml-1.28.jar (8.2/327 kB)Progress (5): quarkus-http-core-3.1.1.Final.jar (532/932 kB) | jboss-metadata-common-11.0.0.Final.jar (462/475 kB) | jboss-metadata-web-11.0.0.Final.jar (413/468 kB) | qute-core-1.13.7.Final.jar (143/208 kB) | snakeyaml-1.28.jar (8.2/327 kB)Progress (5): quarkus-http-core-3.1.1.Final.jar (532/932 kB) | jboss-metadata-common-11.0.0.Final.jar (466/475 kB) | jboss-metadata-web-11.0.0.Final.jar (413/468 kB) | qute-core-1.13.7.Final.jar (143/208 kB) | snakeyaml-1.28.jar (8.2/327 kB)Progress (5): quarkus-http-core-3.1.1.Final.jar (532/932 kB) | jboss-metadata-common-11.0.0.Final.jar (466/475 kB) | jboss-metadata-web-11.0.0.Final.jar (413/468 kB) | qute-core-1.13.7.Final.jar (143/208 kB) | snakeyaml-1.28.jar (12/327 kB) Progress (5): quarkus-http-core-3.1.1.Final.jar (532/932 kB) | jboss-metadata-common-11.0.0.Final.jar (466/475 kB) | jboss-metadata-web-11.0.0.Final.jar (417/468 kB) | qute-core-1.13.7.Final.jar (143/208 kB) | snakeyaml-1.28.jar (12/327 kB)Progress (5): quarkus-http-core-3.1.1.Final.jar (540/932 kB) | jboss-metadata-common-11.0.0.Final.jar (466/475 kB) | jboss-metadata-web-11.0.0.Final.jar (417/468 kB) | qute-core-1.13.7.Final.jar (143/208 kB) | snakeyaml-1.28.jar (12/327 kB)Progress (5): quarkus-http-core-3.1.1.Final.jar (540/932 kB) | jboss-metadata-common-11.0.0.Final.jar (470/475 kB) | jboss-metadata-web-11.0.0.Final.jar (417/468 kB) | qute-core-1.13.7.Final.jar (143/208 kB) | snakeyaml-1.28.jar (12/327 kB)Progress (5): quarkus-http-core-3.1.1.Final.jar (540/932 kB) | jboss-metadata-common-11.0.0.Final.jar (470/475 kB) | jboss-metadata-web-11.0.0.Final.jar (417/468 kB) | qute-core-1.13.7.Final.jar (147/208 kB) | snakeyaml-1.28.jar (12/327 kB)Progress (5): quarkus-http-core-3.1.1.Final.jar (540/932 kB) | jboss-metadata-common-11.0.0.Final.jar (470/475 kB) | jboss-metadata-web-11.0.0.Final.jar (421/468 kB) | qute-core-1.13.7.Final.jar (147/208 kB) | snakeyaml-1.28.jar (12/327 kB)Progress (5): quarkus-http-core-3.1.1.Final.jar (540/932 kB) | jboss-metadata-common-11.0.0.Final.jar (470/475 kB) | jboss-metadata-web-11.0.0.Final.jar (421/468 kB) | qute-core-1.13.7.Final.jar (147/208 kB) | snakeyaml-1.28.jar (16/327 kB)Progress (5): quarkus-http-core-3.1.1.Final.jar (540/932 kB) | jboss-metadata-common-11.0.0.Final.jar (475/475 kB) | jboss-metadata-web-11.0.0.Final.jar (421/468 kB) | qute-core-1.13.7.Final.jar (147/208 kB) | snakeyaml-1.28.jar (16/327 kB)Progress (5): quarkus-http-core-3.1.1.Final.jar (540/932 kB) | jboss-metadata-common-11.0.0.Final.jar (475 kB) | jboss-metadata-web-11.0.0.Final.jar (421/468 kB) | qute-core-1.13.7.Final.jar (147/208 kB) | snakeyaml-1.28.jar (16/327 kB)    Progress (5): quarkus-http-core-3.1.1.Final.jar (548/932 kB) | jboss-metadata-common-11.0.0.Final.jar (475 kB) | jboss-metadata-web-11.0.0.Final.jar (421/468 kB) | qute-core-1.13.7.Final.jar (147/208 kB) | snakeyaml-1.28.jar (16/327 kB)Progress (5): quarkus-http-core-3.1.1.Final.jar (548/932 kB) | jboss-metadata-common-11.0.0.Final.jar (475 kB) | jboss-metadata-web-11.0.0.Final.jar (425/468 kB) | qute-core-1.13.7.Final.jar (147/208 kB) | snakeyaml-1.28.jar (16/327 kB)Progress (5): quarkus-http-core-3.1.1.Final.jar (548/932 kB) | jboss-metadata-common-11.0.0.Final.jar (475 kB) | jboss-metadata-web-11.0.0.Final.jar (425/468 kB) | qute-core-1.13.7.Final.jar (151/208 kB) | snakeyaml-1.28.jar (16/327 kB)Progress (5): quarkus-http-core-3.1.1.Final.jar (557/932 kB) | jboss-metadata-common-11.0.0.Final.jar (475 kB) | jboss-metadata-web-11.0.0.Final.jar (425/468 kB) | qute-core-1.13.7.Final.jar (151/208 kB) | snakeyaml-1.28.jar (16/327 kB)Progress (5): quarkus-http-core-3.1.1.Final.jar (557/932 kB) | jboss-metadata-common-11.0.0.Final.jar (475 kB) | jboss-metadata-web-11.0.0.Final.jar (425/468 kB) | qute-core-1.13.7.Final.jar (151/208 kB) | snakeyaml-1.28.jar (20/327 kB)Progress (5): quarkus-http-core-3.1.1.Final.jar (557/932 kB) | jboss-metadata-common-11.0.0.Final.jar (475 kB) | jboss-metadata-web-11.0.0.Final.jar (425/468 kB) | qute-core-1.13.7.Final.jar (151/208 kB) | snakeyaml-1.28.jar (24/327 kB)Progress (5): quarkus-http-core-3.1.1.Final.jar (557/932 kB) | jboss-metadata-common-11.0.0.Final.jar (475 kB) | jboss-metadata-web-11.0.0.Final.jar (430/468 kB) | qute-core-1.13.7.Final.jar (151/208 kB) | snakeyaml-1.28.jar (24/327 kB)Progress (5): quarkus-http-core-3.1.1.Final.jar (557/932 kB) | jboss-metadata-common-11.0.0.Final.jar (475 kB) | jboss-metadata-web-11.0.0.Final.jar (434/468 kB) | qute-core-1.13.7.Final.jar (151/208 kB) | snakeyaml-1.28.jar (24/327 kB)Progress (5): quarkus-http-core-3.1.1.Final.jar (557/932 kB) | jboss-metadata-common-11.0.0.Final.jar (475 kB) | jboss-metadata-web-11.0.0.Final.jar (434/468 kB) | qute-core-1.13.7.Final.jar (155/208 kB) | snakeyaml-1.28.jar (24/327 kB)Progress (5): quarkus-http-core-3.1.1.Final.jar (557/932 kB) | jboss-metadata-common-11.0.0.Final.jar (475 kB) | jboss-metadata-web-11.0.0.Final.jar (434/468 kB) | qute-core-1.13.7.Final.jar (155/208 kB) | snakeyaml-1.28.jar (28/327 kB)Progress (5): quarkus-http-core-3.1.1.Final.jar (557/932 kB) | jboss-metadata-common-11.0.0.Final.jar (475 kB) | jboss-metadata-web-11.0.0.Final.jar (438/468 kB) | qute-core-1.13.7.Final.jar (155/208 kB) | snakeyaml-1.28.jar (28/327 kB)Progress (5): quarkus-http-core-3.1.1.Final.jar (565/932 kB) | jboss-metadata-common-11.0.0.Final.jar (475 kB) | jboss-metadata-web-11.0.0.Final.jar (438/468 kB) | qute-core-1.13.7.Final.jar (155/208 kB) | snakeyaml-1.28.jar (28/327 kB)Progress (5): quarkus-http-core-3.1.1.Final.jar (565/932 kB) | jboss-metadata-common-11.0.0.Final.jar (475 kB) | jboss-metadata-web-11.0.0.Final.jar (438/468 kB) | qute-core-1.13.7.Final.jar (159/208 kB) | snakeyaml-1.28.jar (28/327 kB)Progress (5): quarkus-http-core-3.1.1.Final.jar (565/932 kB) | jboss-metadata-common-11.0.0.Final.jar (475 kB) | jboss-metadata-web-11.0.0.Final.jar (438/468 kB) | qute-core-1.13.7.Final.jar (159/208 kB) | snakeyaml-1.28.jar (32/327 kB)Progress (5): quarkus-http-core-3.1.1.Final.jar (565/932 kB) | jboss-metadata-common-11.0.0.Final.jar (475 kB) | jboss-metadata-web-11.0.0.Final.jar (442/468 kB) | qute-core-1.13.7.Final.jar (159/208 kB) | snakeyaml-1.28.jar (32/327 kB)                                                                                                                                                                                                                                            Downloaded from central: https://repo.maven.apache.org/maven2/org/jboss/metadata/jboss-metadata-common/11.0.0.Final/jboss-metadata-common-11.0.0.Final.jar (475 kB at 613 kB/s)
Downloading from central: https://repo.maven.apache.org/maven2/io/quarkus/quarkus-vertx-http-deployment/1.13.7.Final/quarkus-vertx-http-deployment-1.13.7.Final.jar
Progress (4): quarkus-http-core-3.1.1.Final.jar (573/932 kB) | jboss-metadata-web-11.0.0.Final.jar (442/468 kB) | qute-core-1.13.7.Final.jar (159/208 kB) | snakeyaml-1.28.jar (32/327 kB)Progress (4): quarkus-http-core-3.1.1.Final.jar (573/932 kB) | jboss-metadata-web-11.0.0.Final.jar (442/468 kB) | qute-core-1.13.7.Final.jar (163/208 kB) | snakeyaml-1.28.jar (32/327 kB)Progress (4): quarkus-http-core-3.1.1.Final.jar (573/932 kB) | jboss-metadata-web-11.0.0.Final.jar (442/468 kB) | qute-core-1.13.7.Final.jar (163/208 kB) | snakeyaml-1.28.jar (36/327 kB)Progress (4): quarkus-http-core-3.1.1.Final.jar (573/932 kB) | jboss-metadata-web-11.0.0.Final.jar (446/468 kB) | qute-core-1.13.7.Final.jar (163/208 kB) | snakeyaml-1.28.jar (36/327 kB)Progress (4): quarkus-http-core-3.1.1.Final.jar (581/932 kB) | jboss-metadata-web-11.0.0.Final.jar (446/468 kB) | qute-core-1.13.7.Final.jar (163/208 kB) | snakeyaml-1.28.jar (36/327 kB)Progress (4): quarkus-http-core-3.1.1.Final.jar (581/932 kB) | jboss-metadata-web-11.0.0.Final.jar (450/468 kB) | qute-core-1.13.7.Final.jar (163/208 kB) | snakeyaml-1.28.jar (36/327 kB)Progress (4): quarkus-http-core-3.1.1.Final.jar (581/932 kB) | jboss-metadata-web-11.0.0.Final.jar (450/468 kB) | qute-core-1.13.7.Final.jar (163/208 kB) | snakeyaml-1.28.jar (40/327 kB)Progress (4): quarkus-http-core-3.1.1.Final.jar (581/932 kB) | jboss-metadata-web-11.0.0.Final.jar (450/468 kB) | qute-core-1.13.7.Final.jar (167/208 kB) | snakeyaml-1.28.jar (40/327 kB)Progress (4): quarkus-http-core-3.1.1.Final.jar (581/932 kB) | jboss-metadata-web-11.0.0.Final.jar (454/468 kB) | qute-core-1.13.7.Final.jar (167/208 kB) | snakeyaml-1.28.jar (40/327 kB)Progress (4): quarkus-http-core-3.1.1.Final.jar (581/932 kB) | jboss-metadata-web-11.0.0.Final.jar (454/468 kB) | qute-core-1.13.7.Final.jar (172/208 kB) | snakeyaml-1.28.jar (40/327 kB)Progress (4): quarkus-http-core-3.1.1.Final.jar (581/932 kB) | jboss-metadata-web-11.0.0.Final.jar (454/468 kB) | qute-core-1.13.7.Final.jar (172/208 kB) | snakeyaml-1.28.jar (45/327 kB)Progress (4): quarkus-http-core-3.1.1.Final.jar (581/932 kB) | jboss-metadata-web-11.0.0.Final.jar (458/468 kB) | qute-core-1.13.7.Final.jar (172/208 kB) | snakeyaml-1.28.jar (45/327 kB)Progress (4): quarkus-http-core-3.1.1.Final.jar (589/932 kB) | jboss-metadata-web-11.0.0.Final.jar (458/468 kB) | qute-core-1.13.7.Final.jar (172/208 kB) | snakeyaml-1.28.jar (45/327 kB)Progress (4): quarkus-http-core-3.1.1.Final.jar (589/932 kB) | jboss-metadata-web-11.0.0.Final.jar (458/468 kB) | qute-core-1.13.7.Final.jar (176/208 kB) | snakeyaml-1.28.jar (45/327 kB)Progress (4): quarkus-http-core-3.1.1.Final.jar (589/932 kB) | jboss-metadata-web-11.0.0.Final.jar (462/468 kB) | qute-core-1.13.7.Final.jar (176/208 kB) | snakeyaml-1.28.jar (45/327 kB)Progress (4): quarkus-http-core-3.1.1.Final.jar (589/932 kB) | jboss-metadata-web-11.0.0.Final.jar (462/468 kB) | qute-core-1.13.7.Final.jar (176/208 kB) | snakeyaml-1.28.jar (49/327 kB)Progress (4): quarkus-http-core-3.1.1.Final.jar (589/932 kB) | jboss-metadata-web-11.0.0.Final.jar (466/468 kB) | qute-core-1.13.7.Final.jar (176/208 kB) | snakeyaml-1.28.jar (49/327 kB)Progress (4): quarkus-http-core-3.1.1.Final.jar (589/932 kB) | jboss-metadata-web-11.0.0.Final.jar (468 kB) | qute-core-1.13.7.Final.jar (176/208 kB) | snakeyaml-1.28.jar (49/327 kB)    Progress (4): quarkus-http-core-3.1.1.Final.jar (589/932 kB) | jboss-metadata-web-11.0.0.Final.jar (468 kB) | qute-core-1.13.7.Final.jar (176/208 kB) | snakeyaml-1.28.jar (53/327 kB)Progress (4): quarkus-http-core-3.1.1.Final.jar (589/932 kB) | jboss-metadata-web-11.0.0.Final.jar (468 kB) | qute-core-1.13.7.Final.jar (180/208 kB) | snakeyaml-1.28.jar (53/327 kB)Progress (4): quarkus-http-core-3.1.1.Final.jar (597/932 kB) | jboss-metadata-web-11.0.0.Final.jar (468 kB) | qute-core-1.13.7.Final.jar (180/208 kB) | snakeyaml-1.28.jar (53/327 kB)Progress (4): quarkus-http-core-3.1.1.Final.jar (597/932 kB) | jboss-metadata-web-11.0.0.Final.jar (468 kB) | qute-core-1.13.7.Final.jar (180/208 kB) | snakeyaml-1.28.jar (57/327 kB)Progress (4): quarkus-http-core-3.1.1.Final.jar (597/932 kB) | jboss-metadata-web-11.0.0.Final.jar (468 kB) | qute-core-1.13.7.Final.jar (184/208 kB) | snakeyaml-1.28.jar (57/327 kB)Progress (4): quarkus-http-core-3.1.1.Final.jar (597/932 kB) | jboss-metadata-web-11.0.0.Final.jar (468 kB) | qute-core-1.13.7.Final.jar (184/208 kB) | snakeyaml-1.28.jar (61/327 kB)Progress (4): quarkus-http-core-3.1.1.Final.jar (597/932 kB) | jboss-metadata-web-11.0.0.Final.jar (468 kB) | qute-core-1.13.7.Final.jar (188/208 kB) | snakeyaml-1.28.jar (61/327 kB)Progress (4): quarkus-http-core-3.1.1.Final.jar (606/932 kB) | jboss-metadata-web-11.0.0.Final.jar (468 kB) | qute-core-1.13.7.Final.jar (188/208 kB) | snakeyaml-1.28.jar (61/327 kB)Progress (4): quarkus-http-core-3.1.1.Final.jar (606/932 kB) | jboss-metadata-web-11.0.0.Final.jar (468 kB) | qute-core-1.13.7.Final.jar (188/208 kB) | snakeyaml-1.28.jar (65/327 kB)Progress (5): quarkus-http-core-3.1.1.Final.jar (606/932 kB) | jboss-metadata-web-11.0.0.Final.jar (468 kB) | qute-core-1.13.7.Final.jar (188/208 kB) | snakeyaml-1.28.jar (65/327 kB) | quarkus-vertx-http-deployment-1.13.7.Final.jar (0/1.8 MB)Progress (5): quarkus-http-core-3.1.1.Final.jar (606/932 kB) | jboss-metadata-web-11.0.0.Final.jar (468 kB) | qute-core-1.13.7.Final.jar (192/208 kB) | snakeyaml-1.28.jar (65/327 kB) | quarkus-vertx-http-deployment-1.13.7.Final.jar (0/1.8 MB)Progress (5): quarkus-http-core-3.1.1.Final.jar (606/932 kB) | jboss-metadata-web-11.0.0.Final.jar (468 kB) | qute-core-1.13.7.Final.jar (192/208 kB) | snakeyaml-1.28.jar (69/327 kB) | quarkus-vertx-http-deployment-1.13.7.Final.jar (0/1.8 MB)                                                                                                                                                                                                                                                  Downloaded from central: https://repo.maven.apache.org/maven2/org/jboss/metadata/jboss-metadata-web/11.0.0.Final/jboss-metadata-web-11.0.0.Final.jar (468 kB at 577 kB/s)
Downloading from central: https://repo.maven.apache.org/maven2/io/quarkus/quarkus-security-spi/1.13.7.Final/quarkus-security-spi-1.13.7.Final.jar
Progress (4): quarkus-http-core-3.1.1.Final.jar (606/932 kB) | qute-core-1.13.7.Final.jar (196/208 kB) | snakeyaml-1.28.jar (69/327 kB) | quarkus-vertx-http-deployment-1.13.7.Final.jar (0/1.8 MB)Progress (4): quarkus-http-core-3.1.1.Final.jar (614/932 kB) | qute-core-1.13.7.Final.jar (196/208 kB) | snakeyaml-1.28.jar (69/327 kB) | quarkus-vertx-http-deployment-1.13.7.Final.jar (0/1.8 MB)Progress (4): quarkus-http-core-3.1.1.Final.jar (614/932 kB) | qute-core-1.13.7.Final.jar (196/208 kB) | snakeyaml-1.28.jar (73/327 kB) | quarkus-vertx-http-deployment-1.13.7.Final.jar (0/1.8 MB)Progress (4): quarkus-http-core-3.1.1.Final.jar (622/932 kB) | qute-core-1.13.7.Final.jar (196/208 kB) | snakeyaml-1.28.jar (73/327 kB) | quarkus-vertx-http-deployment-1.13.7.Final.jar (0/1.8 MB)Progress (4): quarkus-http-core-3.1.1.Final.jar (622/932 kB) | qute-core-1.13.7.Final.jar (200/208 kB) | snakeyaml-1.28.jar (73/327 kB) | quarkus-vertx-http-deployment-1.13.7.Final.jar (0/1.8 MB)Progress (4): quarkus-http-core-3.1.1.Final.jar (622/932 kB) | qute-core-1.13.7.Final.jar (200/208 kB) | snakeyaml-1.28.jar (77/327 kB) | quarkus-vertx-http-deployment-1.13.7.Final.jar (0/1.8 MB)Progress (4): quarkus-http-core-3.1.1.Final.jar (622/932 kB) | qute-core-1.13.7.Final.jar (204/208 kB) | snakeyaml-1.28.jar (77/327 kB) | quarkus-vertx-http-deployment-1.13.7.Final.jar (0/1.8 MB)Progress (4): quarkus-http-core-3.1.1.Final.jar (622/932 kB) | qute-core-1.13.7.Final.jar (204/208 kB) | snakeyaml-1.28.jar (77/327 kB) | quarkus-vertx-http-deployment-1.13.7.Final.jar (0/1.8 MB)Progress (4): quarkus-http-core-3.1.1.Final.jar (622/932 kB) | qute-core-1.13.7.Final.jar (208 kB) | snakeyaml-1.28.jar (77/327 kB) | quarkus-vertx-http-deployment-1.13.7.Final.jar (0/1.8 MB)    Progress (4): quarkus-http-core-3.1.1.Final.jar (622/932 kB) | qute-core-1.13.7.Final.jar (208 kB) | snakeyaml-1.28.jar (81/327 kB) | quarkus-vertx-http-deployment-1.13.7.Final.jar (0/1.8 MB)Progress (4): quarkus-http-core-3.1.1.Final.jar (630/932 kB) | qute-core-1.13.7.Final.jar (208 kB) | snakeyaml-1.28.jar (81/327 kB) | quarkus-vertx-http-deployment-1.13.7.Final.jar (0/1.8 MB)Progress (4): quarkus-http-core-3.1.1.Final.jar (638/932 kB) | qute-core-1.13.7.Final.jar (208 kB) | snakeyaml-1.28.jar (81/327 kB) | quarkus-vertx-http-deployment-1.13.7.Final.jar (0/1.8 MB)Progress (5): quarkus-http-core-3.1.1.Final.jar (638/932 kB) | qute-core-1.13.7.Final.jar (208 kB) | snakeyaml-1.28.jar (81/327 kB) | quarkus-vertx-http-deployment-1.13.7.Final.jar (0/1.8 MB) | quarkus-security-spi-1.13.7.Final.jar (4.1/4.5 kB)Progress (5): quarkus-http-core-3.1.1.Final.jar (638/932 kB) | qute-core-1.13.7.Final.jar (208 kB) | snakeyaml-1.28.jar (86/327 kB) | quarkus-vertx-http-deployment-1.13.7.Final.jar (0/1.8 MB) | quarkus-security-spi-1.13.7.Final.jar (4.1/4.5 kB)Progress (5): quarkus-http-core-3.1.1.Final.jar (638/932 kB) | qute-core-1.13.7.Final.jar (208 kB) | snakeyaml-1.28.jar (86/327 kB) | quarkus-vertx-http-deployment-1.13.7.Final.jar (0/1.8 MB) | quarkus-security-spi-1.13.7.Final.jar (4.5 kB)    Progress (5): quarkus-http-core-3.1.1.Final.jar (638/932 kB) | qute-core-1.13.7.Final.jar (208 kB) | snakeyaml-1.28.jar (86/327 kB) | quarkus-vertx-http-deployment-1.13.7.Final.jar (0/1.8 MB) | quarkus-security-spi-1.13.7.Final.jar (4.5 kB)Progress (5): quarkus-http-core-3.1.1.Final.jar (647/932 kB) | qute-core-1.13.7.Final.jar (208 kB) | snakeyaml-1.28.jar (86/327 kB) | quarkus-vertx-http-deployment-1.13.7.Final.jar (0/1.8 MB) | quarkus-security-spi-1.13.7.Final.jar (4.5 kB)Progress (5): quarkus-http-core-3.1.1.Final.jar (647/932 kB) | qute-core-1.13.7.Final.jar (208 kB) | snakeyaml-1.28.jar (90/327 kB) | quarkus-vertx-http-deployment-1.13.7.Final.jar (0/1.8 MB) | quarkus-security-spi-1.13.7.Final.jar (4.5 kB)Progress (5): quarkus-http-core-3.1.1.Final.jar (647/932 kB) | qute-core-1.13.7.Final.jar (208 kB) | snakeyaml-1.28.jar (94/327 kB) | quarkus-vertx-http-deployment-1.13.7.Final.jar (0/1.8 MB) | quarkus-security-spi-1.13.7.Final.jar (4.5 kB)Progress (5): quarkus-http-core-3.1.1.Final.jar (655/932 kB) | qute-core-1.13.7.Final.jar (208 kB) | snakeyaml-1.28.jar (94/327 kB) | quarkus-vertx-http-deployment-1.13.7.Final.jar (0/1.8 MB) | quarkus-security-spi-1.13.7.Final.jar (4.5 kB)Progress (5): quarkus-http-core-3.1.1.Final.jar (655/932 kB) | qute-core-1.13.7.Final.jar (208 kB) | snakeyaml-1.28.jar (98/327 kB) | quarkus-vertx-http-deployment-1.13.7.Final.jar (0/1.8 MB) | quarkus-security-spi-1.13.7.Final.jar (4.5 kB)Progress (5): quarkus-http-core-3.1.1.Final.jar (655/932 kB) | qute-core-1.13.7.Final.jar (208 kB) | snakeyaml-1.28.jar (102/327 kB) | quarkus-vertx-http-deployment-1.13.7.Final.jar (0/1.8 MB) | quarkus-security-spi-1.13.7.Final.jar (4.5 kB)                                                                                                                                                                                                                                                 Downloaded from central: https://repo.maven.apache.org/maven2/io/quarkus/qute/qute-core/1.13.7.Final/qute-core-1.13.7.Final.jar (208 kB at 249 kB/s)
Downloading from central: https://repo.maven.apache.org/maven2/io/quarkus/quarkus-resteasy-deployment/1.13.7.Final/quarkus-resteasy-deployment-1.13.7.Final.jar
Progress (4): quarkus-http-core-3.1.1.Final.jar (655/932 kB) | snakeyaml-1.28.jar (102/327 kB) | quarkus-vertx-http-deployment-1.13.7.Final.jar (0/1.8 MB) | quarkus-security-spi-1.13.7.Final.jar (4.5 kB)Progress (4): quarkus-http-core-3.1.1.Final.jar (663/932 kB) | snakeyaml-1.28.jar (102/327 kB) | quarkus-vertx-http-deployment-1.13.7.Final.jar (0/1.8 MB) | quarkus-security-spi-1.13.7.Final.jar (4.5 kB)Progress (4): quarkus-http-core-3.1.1.Final.jar (663/932 kB) | snakeyaml-1.28.jar (106/327 kB) | quarkus-vertx-http-deployment-1.13.7.Final.jar (0/1.8 MB) | quarkus-security-spi-1.13.7.Final.jar (4.5 kB)Progress (4): quarkus-http-core-3.1.1.Final.jar (663/932 kB) | snakeyaml-1.28.jar (110/327 kB) | quarkus-vertx-http-deployment-1.13.7.Final.jar (0/1.8 MB) | quarkus-security-spi-1.13.7.Final.jar (4.5 kB)                                                                                                                                                                                                           Downloaded from central: https://repo.maven.apache.org/maven2/io/quarkus/quarkus-security-spi/1.13.7.Final/quarkus-security-spi-1.13.7.Final.jar (4.5 kB at 5.4 kB/s)
Progress (3): quarkus-http-core-3.1.1.Final.jar (671/932 kB) | snakeyaml-1.28.jar (110/327 kB) | quarkus-vertx-http-deployment-1.13.7.Final.jar (0/1.8 MB)Progress (3): quarkus-http-core-3.1.1.Final.jar (671/932 kB) | snakeyaml-1.28.jar (114/327 kB) | quarkus-vertx-http-deployment-1.13.7.Final.jar (0/1.8 MB)Progress (3): quarkus-http-core-3.1.1.Final.jar (671/932 kB) | snakeyaml-1.28.jar (114/327 kB) | quarkus-vertx-http-deployment-1.13.7.Final.jar (0/1.8 MB)Progress (3): quarkus-http-core-3.1.1.Final.jar (671/932 kB) | snakeyaml-1.28.jar (118/327 kB) | quarkus-vertx-http-deployment-1.13.7.Final.jar (0/1.8 MB)Progress (3): quarkus-http-core-3.1.1.Final.jar (679/932 kB) | snakeyaml-1.28.jar (118/327 kB) | quarkus-vertx-http-deployment-1.13.7.Final.jar (0/1.8 MB)Progress (3): quarkus-http-core-3.1.1.Final.jar (688/932 kB) | snakeyaml-1.28.jar (118/327 kB) | quarkus-vertx-http-deployment-1.13.7.Final.jar (0/1.8 MB)Progress (3): quarkus-http-core-3.1.1.Final.jar (688/932 kB) | snakeyaml-1.28.jar (122/327 kB) | quarkus-vertx-http-deployment-1.13.7.Final.jar (0/1.8 MB)Progress (3): quarkus-http-core-3.1.1.Final.jar (688/932 kB) | snakeyaml-1.28.jar (126/327 kB) | quarkus-vertx-http-deployment-1.13.7.Final.jar (0/1.8 MB)Progress (3): quarkus-http-core-3.1.1.Final.jar (696/932 kB) | snakeyaml-1.28.jar (126/327 kB) | quarkus-vertx-http-deployment-1.13.7.Final.jar (0/1.8 MB)Progress (3): quarkus-http-core-3.1.1.Final.jar (704/932 kB) | snakeyaml-1.28.jar (126/327 kB) | quarkus-vertx-http-deployment-1.13.7.Final.jar (0/1.8 MB)Progress (4): quarkus-http-core-3.1.1.Final.jar (704/932 kB) | snakeyaml-1.28.jar (126/327 kB) | quarkus-vertx-http-deployment-1.13.7.Final.jar (0/1.8 MB) | quarkus-resteasy-deployment-1.13.7.Final.jar (4.1/17 kB)Progress (4): quarkus-http-core-3.1.1.Final.jar (704/932 kB) | snakeyaml-1.28.jar (131/327 kB) | quarkus-vertx-http-deployment-1.13.7.Final.jar (0/1.8 MB) | quarkus-resteasy-deployment-1.13.7.Final.jar (4.1/17 kB)Progress (4): quarkus-http-core-3.1.1.Final.jar (704/932 kB) | snakeyaml-1.28.jar (131/327 kB) | quarkus-vertx-http-deployment-1.13.7.Final.jar (0.1/1.8 MB) | quarkus-resteasy-deployment-1.13.7.Final.jar (4.1/17 kB)Progress (4): quarkus-http-core-3.1.1.Final.jar (712/932 kB) | snakeyaml-1.28.jar (131/327 kB) | quarkus-vertx-http-deployment-1.13.7.Final.jar (0.1/1.8 MB) | quarkus-resteasy-deployment-1.13.7.Final.jar (4.1/17 kB)Progress (4): quarkus-http-core-3.1.1.Final.jar (712/932 kB) | snakeyaml-1.28.jar (131/327 kB) | quarkus-vertx-http-deployment-1.13.7.Final.jar (0.1/1.8 MB) | quarkus-resteasy-deployment-1.13.7.Final.jar (8.2/17 kB)Progress (4): quarkus-http-core-3.1.1.Final.jar (712/932 kB) | snakeyaml-1.28.jar (131/327 kB) | quarkus-vertx-http-deployment-1.13.7.Final.jar (0.1/1.8 MB) | quarkus-resteasy-deployment-1.13.7.Final.jar (12/17 kB) Progress (4): quarkus-http-core-3.1.1.Final.jar (712/932 kB) | snakeyaml-1.28.jar (135/327 kB) | quarkus-vertx-http-deployment-1.13.7.Final.jar (0.1/1.8 MB) | quarkus-resteasy-deployment-1.13.7.Final.jar (12/17 kB)Progress (4): quarkus-http-core-3.1.1.Final.jar (720/932 kB) | snakeyaml-1.28.jar (135/327 kB) | quarkus-vertx-http-deployment-1.13.7.Final.jar (0.1/1.8 MB) | quarkus-resteasy-deployment-1.13.7.Final.jar (12/17 kB)Progress (4): quarkus-http-core-3.1.1.Final.jar (720/932 kB) | snakeyaml-1.28.jar (135/327 kB) | quarkus-vertx-http-deployment-1.13.7.Final.jar (0.1/1.8 MB) | quarkus-resteasy-deployment-1.13.7.Final.jar (16/17 kB)Progress (4): quarkus-http-core-3.1.1.Final.jar (720/932 kB) | snakeyaml-1.28.jar (139/327 kB) | quarkus-vertx-http-deployment-1.13.7.Final.jar (0.1/1.8 MB) | quarkus-resteasy-deployment-1.13.7.Final.jar (16/17 kB)Progress (4): quarkus-http-core-3.1.1.Final.jar (720/932 kB) | snakeyaml-1.28.jar (139/327 kB) | quarkus-vertx-http-deployment-1.13.7.Final.jar (0.1/1.8 MB) | quarkus-resteasy-deployment-1.13.7.Final.jar (16/17 kB)Progress (4): quarkus-http-core-3.1.1.Final.jar (720/932 kB) | snakeyaml-1.28.jar (139/327 kB) | quarkus-vertx-http-deployment-1.13.7.Final.jar (0.1/1.8 MB) | quarkus-resteasy-deployment-1.13.7.Final.jar (17 kB)   Progress (4): quarkus-http-core-3.1.1.Final.jar (720/932 kB) | snakeyaml-1.28.jar (139/327 kB) | quarkus-vertx-http-deployment-1.13.7.Final.jar (0.1/1.8 MB) | quarkus-resteasy-deployment-1.13.7.Final.jar (17 kB)Progress (4): quarkus-http-core-3.1.1.Final.jar (720/932 kB) | snakeyaml-1.28.jar (143/327 kB) | quarkus-vertx-http-deployment-1.13.7.Final.jar (0.1/1.8 MB) | quarkus-resteasy-deployment-1.13.7.Final.jar (17 kB)Progress (4): quarkus-http-core-3.1.1.Final.jar (729/932 kB) | snakeyaml-1.28.jar (143/327 kB) | quarkus-vertx-http-deployment-1.13.7.Final.jar (0.1/1.8 MB) | quarkus-resteasy-deployment-1.13.7.Final.jar (17 kB)Progress (4): quarkus-http-core-3.1.1.Final.jar (737/932 kB) | snakeyaml-1.28.jar (143/327 kB) | quarkus-vertx-http-deployment-1.13.7.Final.jar (0.1/1.8 MB) | quarkus-resteasy-deployment-1.13.7.Final.jar (17 kB)Progress (4): quarkus-http-core-3.1.1.Final.jar (737/932 kB) | snakeyaml-1.28.jar (147/327 kB) | quarkus-vertx-http-deployment-1.13.7.Final.jar (0.1/1.8 MB) | quarkus-resteasy-deployment-1.13.7.Final.jar (17 kB)Progress (4): quarkus-http-core-3.1.1.Final.jar (737/932 kB) | snakeyaml-1.28.jar (147/327 kB) | quarkus-vertx-http-deployment-1.13.7.Final.jar (0.1/1.8 MB) | quarkus-resteasy-deployment-1.13.7.Final.jar (17 kB)Progress (4): quarkus-http-core-3.1.1.Final.jar (745/932 kB) | snakeyaml-1.28.jar (147/327 kB) | quarkus-vertx-http-deployment-1.13.7.Final.jar (0.1/1.8 MB) | quarkus-resteasy-deployment-1.13.7.Final.jar (17 kB)Progress (4): quarkus-http-core-3.1.1.Final.jar (745/932 kB) | snakeyaml-1.28.jar (147/327 kB) | quarkus-vertx-http-deployment-1.13.7.Final.jar (0.1/1.8 MB) | quarkus-resteasy-deployment-1.13.7.Final.jar (17 kB)Progress (4): quarkus-http-core-3.1.1.Final.jar (753/932 kB) | snakeyaml-1.28.jar (147/327 kB) | quarkus-vertx-http-deployment-1.13.7.Final.jar (0.1/1.8 MB) | quarkus-resteasy-deployment-1.13.7.Final.jar (17 kB)Progress (4): quarkus-http-core-3.1.1.Final.jar (753/932 kB) | snakeyaml-1.28.jar (151/327 kB) | quarkus-vertx-http-deployment-1.13.7.Final.jar (0.1/1.8 MB) | quarkus-resteasy-deployment-1.13.7.Final.jar (17 kB)Progress (4): quarkus-http-core-3.1.1.Final.jar (761/932 kB) | snakeyaml-1.28.jar (151/327 kB) | quarkus-vertx-http-deployment-1.13.7.Final.jar (0.1/1.8 MB) | quarkus-resteasy-deployment-1.13.7.Final.jar (17 kB)Progress (4): quarkus-http-core-3.1.1.Final.jar (761/932 kB) | snakeyaml-1.28.jar (155/327 kB) | quarkus-vertx-http-deployment-1.13.7.Final.jar (0.1/1.8 MB) | quarkus-resteasy-deployment-1.13.7.Final.jar (17 kB)Progress (4): quarkus-http-core-3.1.1.Final.jar (761/932 kB) | snakeyaml-1.28.jar (155/327 kB) | quarkus-vertx-http-deployment-1.13.7.Final.jar (0.1/1.8 MB) | quarkus-resteasy-deployment-1.13.7.Final.jar (17 kB)Progress (4): quarkus-http-core-3.1.1.Final.jar (761/932 kB) | snakeyaml-1.28.jar (159/327 kB) | quarkus-vertx-http-deployment-1.13.7.Final.jar (0.1/1.8 MB) | quarkus-resteasy-deployment-1.13.7.Final.jar (17 kB)Progress (4): quarkus-http-core-3.1.1.Final.jar (770/932 kB) | snakeyaml-1.28.jar (159/327 kB) | quarkus-vertx-http-deployment-1.13.7.Final.jar (0.1/1.8 MB) | quarkus-resteasy-deployment-1.13.7.Final.jar (17 kB)Progress (4): quarkus-http-core-3.1.1.Final.jar (770/932 kB) | snakeyaml-1.28.jar (159/327 kB) | quarkus-vertx-http-deployment-1.13.7.Final.jar (0.1/1.8 MB) | quarkus-resteasy-deployment-1.13.7.Final.jar (17 kB)Progress (4): quarkus-http-core-3.1.1.Final.jar (770/932 kB) | snakeyaml-1.28.jar (163/327 kB) | quarkus-vertx-http-deployment-1.13.7.Final.jar (0.1/1.8 MB) | quarkus-resteasy-deployment-1.13.7.Final.jar (17 kB)Progress (4): quarkus-http-core-3.1.1.Final.jar (770/932 kB) | snakeyaml-1.28.jar (163/327 kB) | quarkus-vertx-http-deployment-1.13.7.Final.jar (0.1/1.8 MB) | quarkus-resteasy-deployment-1.13.7.Final.jar (17 kB)Progress (4): quarkus-http-core-3.1.1.Final.jar (770/932 kB) | snakeyaml-1.28.jar (163/327 kB) | quarkus-vertx-http-deployment-1.13.7.Final.jar (0.1/1.8 MB) | quarkus-resteasy-deployment-1.13.7.Final.jar (17 kB)Progress (4): quarkus-http-core-3.1.1.Final.jar (778/932 kB) | snakeyaml-1.28.jar (163/327 kB) | quarkus-vertx-http-deployment-1.13.7.Final.jar (0.1/1.8 MB) | quarkus-resteasy-deployment-1.13.7.Final.jar (17 kB)Progress (4): quarkus-http-core-3.1.1.Final.jar (778/932 kB) | snakeyaml-1.28.jar (167/327 kB) | quarkus-vertx-http-deployment-1.13.7.Final.jar (0.1/1.8 MB) | quarkus-resteasy-deployment-1.13.7.Final.jar (17 kB)Progress (4): quarkus-http-core-3.1.1.Final.jar (786/932 kB) | snakeyaml-1.28.jar (167/327 kB) | quarkus-vertx-http-deployment-1.13.7.Final.jar (0.1/1.8 MB) | quarkus-resteasy-deployment-1.13.7.Final.jar (17 kB)                                                                                                                                                                                                                   Downloaded from central: https://repo.maven.apache.org/maven2/io/quarkus/quarkus-resteasy-deployment/1.13.7.Final/quarkus-resteasy-deployment-1.13.7.Final.jar (17 kB at 20 kB/s)
Progress (3): quarkus-http-core-3.1.1.Final.jar (786/932 kB) | snakeyaml-1.28.jar (167/327 kB) | quarkus-vertx-http-deployment-1.13.7.Final.jar (0.1/1.8 MB)Progress (3): quarkus-http-core-3.1.1.Final.jar (786/932 kB) | snakeyaml-1.28.jar (172/327 kB) | quarkus-vertx-http-deployment-1.13.7.Final.jar (0.1/1.8 MB)Progress (3): quarkus-http-core-3.1.1.Final.jar (794/932 kB) | snakeyaml-1.28.jar (172/327 kB) | quarkus-vertx-http-deployment-1.13.7.Final.jar (0.1/1.8 MB)Progress (3): quarkus-http-core-3.1.1.Final.jar (794/932 kB) | snakeyaml-1.28.jar (172/327 kB) | quarkus-vertx-http-deployment-1.13.7.Final.jar (0.1/1.8 MB)Progress (3): quarkus-http-core-3.1.1.Final.jar (794/932 kB) | snakeyaml-1.28.jar (176/327 kB) | quarkus-vertx-http-deployment-1.13.7.Final.jar (0.1/1.8 MB)Progress (3): quarkus-http-core-3.1.1.Final.jar (802/932 kB) | snakeyaml-1.28.jar (176/327 kB) | quarkus-vertx-http-deployment-1.13.7.Final.jar (0.1/1.8 MB)Progress (3): quarkus-http-core-3.1.1.Final.jar (802/932 kB) | snakeyaml-1.28.jar (180/327 kB) | quarkus-vertx-http-deployment-1.13.7.Final.jar (0.1/1.8 MB)Progress (3): quarkus-http-core-3.1.1.Final.jar (802/932 kB) | snakeyaml-1.28.jar (180/327 kB) | quarkus-vertx-http-deployment-1.13.7.Final.jar (0.1/1.8 MB)Progress (3): quarkus-http-core-3.1.1.Final.jar (802/932 kB) | snakeyaml-1.28.jar (184/327 kB) | quarkus-vertx-http-deployment-1.13.7.Final.jar (0.1/1.8 MB)Progress (3): quarkus-http-core-3.1.1.Final.jar (810/932 kB) | snakeyaml-1.28.jar (184/327 kB) | quarkus-vertx-http-deployment-1.13.7.Final.jar (0.1/1.8 MB)Progress (3): quarkus-http-core-3.1.1.Final.jar (810/932 kB) | snakeyaml-1.28.jar (184/327 kB) | quarkus-vertx-http-deployment-1.13.7.Final.jar (0.2/1.8 MB)Progress (3): quarkus-http-core-3.1.1.Final.jar (810/932 kB) | snakeyaml-1.28.jar (188/327 kB) | quarkus-vertx-http-deployment-1.13.7.Final.jar (0.2/1.8 MB)Progress (3): quarkus-http-core-3.1.1.Final.jar (810/932 kB) | snakeyaml-1.28.jar (192/327 kB) | quarkus-vertx-http-deployment-1.13.7.Final.jar (0.2/1.8 MB)Progress (3): quarkus-http-core-3.1.1.Final.jar (810/932 kB) | snakeyaml-1.28.jar (192/327 kB) | quarkus-vertx-http-deployment-1.13.7.Final.jar (0.2/1.8 MB)Progress (3): quarkus-http-core-3.1.1.Final.jar (810/932 kB) | snakeyaml-1.28.jar (196/327 kB) | quarkus-vertx-http-deployment-1.13.7.Final.jar (0.2/1.8 MB)Progress (3): quarkus-http-core-3.1.1.Final.jar (819/932 kB) | snakeyaml-1.28.jar (196/327 kB) | quarkus-vertx-http-deployment-1.13.7.Final.jar (0.2/1.8 MB)Progress (3): quarkus-http-core-3.1.1.Final.jar (819/932 kB) | snakeyaml-1.28.jar (196/327 kB) | quarkus-vertx-http-deployment-1.13.7.Final.jar (0.2/1.8 MB)Progress (3): quarkus-http-core-3.1.1.Final.jar (819/932 kB) | snakeyaml-1.28.jar (200/327 kB) | quarkus-vertx-http-deployment-1.13.7.Final.jar (0.2/1.8 MB)Progress (3): quarkus-http-core-3.1.1.Final.jar (819/932 kB) | snakeyaml-1.28.jar (204/327 kB) | quarkus-vertx-http-deployment-1.13.7.Final.jar (0.2/1.8 MB)Progress (3): quarkus-http-core-3.1.1.Final.jar (819/932 kB) | snakeyaml-1.28.jar (204/327 kB) | quarkus-vertx-http-deployment-1.13.7.Final.jar (0.2/1.8 MB)Progress (3): quarkus-http-core-3.1.1.Final.jar (827/932 kB) | snakeyaml-1.28.jar (204/327 kB) | quarkus-vertx-http-deployment-1.13.7.Final.jar (0.2/1.8 MB)Progress (3): quarkus-http-core-3.1.1.Final.jar (827/932 kB) | snakeyaml-1.28.jar (208/327 kB) | quarkus-vertx-http-deployment-1.13.7.Final.jar (0.2/1.8 MB)Progress (3): quarkus-http-core-3.1.1.Final.jar (835/932 kB) | snakeyaml-1.28.jar (208/327 kB) | quarkus-vertx-http-deployment-1.13.7.Final.jar (0.2/1.8 MB)Progress (3): quarkus-http-core-3.1.1.Final.jar (835/932 kB) | snakeyaml-1.28.jar (212/327 kB) | quarkus-vertx-http-deployment-1.13.7.Final.jar (0.2/1.8 MB)Progress (3): quarkus-http-core-3.1.1.Final.jar (835/932 kB) | snakeyaml-1.28.jar (212/327 kB) | quarkus-vertx-http-deployment-1.13.7.Final.jar (0.2/1.8 MB)Progress (3): quarkus-http-core-3.1.1.Final.jar (835/932 kB) | snakeyaml-1.28.jar (217/327 kB) | quarkus-vertx-http-deployment-1.13.7.Final.jar (0.2/1.8 MB)Progress (3): quarkus-http-core-3.1.1.Final.jar (843/932 kB) | snakeyaml-1.28.jar (217/327 kB) | quarkus-vertx-http-deployment-1.13.7.Final.jar (0.2/1.8 MB)Progress (3): quarkus-http-core-3.1.1.Final.jar (843/932 kB) | snakeyaml-1.28.jar (217/327 kB) | quarkus-vertx-http-deployment-1.13.7.Final.jar (0.2/1.8 MB)Progress (3): quarkus-http-core-3.1.1.Final.jar (843/932 kB) | snakeyaml-1.28.jar (221/327 kB) | quarkus-vertx-http-deployment-1.13.7.Final.jar (0.2/1.8 MB)Progress (3): quarkus-http-core-3.1.1.Final.jar (851/932 kB) | snakeyaml-1.28.jar (221/327 kB) | quarkus-vertx-http-deployment-1.13.7.Final.jar (0.2/1.8 MB)Progress (3): quarkus-http-core-3.1.1.Final.jar (851/932 kB) | snakeyaml-1.28.jar (225/327 kB) | quarkus-vertx-http-deployment-1.13.7.Final.jar (0.2/1.8 MB)Progress (3): quarkus-http-core-3.1.1.Final.jar (851/932 kB) | snakeyaml-1.28.jar (229/327 kB) | quarkus-vertx-http-deployment-1.13.7.Final.jar (0.2/1.8 MB)Progress (3): quarkus-http-core-3.1.1.Final.jar (851/932 kB) | snakeyaml-1.28.jar (229/327 kB) | quarkus-vertx-http-deployment-1.13.7.Final.jar (0.2/1.8 MB)Progress (3): quarkus-http-core-3.1.1.Final.jar (860/932 kB) | snakeyaml-1.28.jar (229/327 kB) | quarkus-vertx-http-deployment-1.13.7.Final.jar (0.2/1.8 MB)Progress (3): quarkus-http-core-3.1.1.Final.jar (860/932 kB) | snakeyaml-1.28.jar (233/327 kB) | quarkus-vertx-http-deployment-1.13.7.Final.jar (0.2/1.8 MB)Progress (3): quarkus-http-core-3.1.1.Final.jar (860/932 kB) | snakeyaml-1.28.jar (233/327 kB) | quarkus-vertx-http-deployment-1.13.7.Final.jar (0.2/1.8 MB)Progress (3): quarkus-http-core-3.1.1.Final.jar (868/932 kB) | snakeyaml-1.28.jar (233/327 kB) | quarkus-vertx-http-deployment-1.13.7.Final.jar (0.2/1.8 MB)Progress (3): quarkus-http-core-3.1.1.Final.jar (868/932 kB) | snakeyaml-1.28.jar (237/327 kB) | quarkus-vertx-http-deployment-1.13.7.Final.jar (0.2/1.8 MB)Progress (3): quarkus-http-core-3.1.1.Final.jar (868/932 kB) | snakeyaml-1.28.jar (241/327 kB) | quarkus-vertx-http-deployment-1.13.7.Final.jar (0.2/1.8 MB)Progress (3): quarkus-http-core-3.1.1.Final.jar (868/932 kB) | snakeyaml-1.28.jar (245/327 kB) | quarkus-vertx-http-deployment-1.13.7.Final.jar (0.2/1.8 MB)Progress (3): quarkus-http-core-3.1.1.Final.jar (868/932 kB) | snakeyaml-1.28.jar (245/327 kB) | quarkus-vertx-http-deployment-1.13.7.Final.jar (0.2/1.8 MB)Progress (3): quarkus-http-core-3.1.1.Final.jar (876/932 kB) | snakeyaml-1.28.jar (245/327 kB) | quarkus-vertx-http-deployment-1.13.7.Final.jar (0.2/1.8 MB)Progress (3): quarkus-http-core-3.1.1.Final.jar (876/932 kB) | snakeyaml-1.28.jar (249/327 kB) | quarkus-vertx-http-deployment-1.13.7.Final.jar (0.2/1.8 MB)Progress (3): quarkus-http-core-3.1.1.Final.jar (884/932 kB) | snakeyaml-1.28.jar (249/327 kB) | quarkus-vertx-http-deployment-1.13.7.Final.jar (0.2/1.8 MB)Progress (3): quarkus-http-core-3.1.1.Final.jar (884/932 kB) | snakeyaml-1.28.jar (249/327 kB) | quarkus-vertx-http-deployment-1.13.7.Final.jar (0.2/1.8 MB)Progress (3): quarkus-http-core-3.1.1.Final.jar (892/932 kB) | snakeyaml-1.28.jar (249/327 kB) | quarkus-vertx-http-deployment-1.13.7.Final.jar (0.2/1.8 MB)Progress (3): quarkus-http-core-3.1.1.Final.jar (892/932 kB) | snakeyaml-1.28.jar (253/327 kB) | quarkus-vertx-http-deployment-1.13.7.Final.jar (0.2/1.8 MB)Progress (3): quarkus-http-core-3.1.1.Final.jar (892/932 kB) | snakeyaml-1.28.jar (258/327 kB) | quarkus-vertx-http-deployment-1.13.7.Final.jar (0.2/1.8 MB)Progress (3): quarkus-http-core-3.1.1.Final.jar (892/932 kB) | snakeyaml-1.28.jar (258/327 kB) | quarkus-vertx-http-deployment-1.13.7.Final.jar (0.2/1.8 MB)Progress (3): quarkus-http-core-3.1.1.Final.jar (901/932 kB) | snakeyaml-1.28.jar (258/327 kB) | quarkus-vertx-http-deployment-1.13.7.Final.jar (0.2/1.8 MB)Progress (3): quarkus-http-core-3.1.1.Final.jar (901/932 kB) | snakeyaml-1.28.jar (262/327 kB) | quarkus-vertx-http-deployment-1.13.7.Final.jar (0.2/1.8 MB)Progress (3): quarkus-http-core-3.1.1.Final.jar (901/932 kB) | snakeyaml-1.28.jar (266/327 kB) | quarkus-vertx-http-deployment-1.13.7.Final.jar (0.2/1.8 MB)Progress (3): quarkus-http-core-3.1.1.Final.jar (901/932 kB) | snakeyaml-1.28.jar (266/327 kB) | quarkus-vertx-http-deployment-1.13.7.Final.jar (0.2/1.8 MB)Progress (3): quarkus-http-core-3.1.1.Final.jar (909/932 kB) | snakeyaml-1.28.jar (266/327 kB) | quarkus-vertx-http-deployment-1.13.7.Final.jar (0.2/1.8 MB)Progress (3): quarkus-http-core-3.1.1.Final.jar (909/932 kB) | snakeyaml-1.28.jar (270/327 kB) | quarkus-vertx-http-deployment-1.13.7.Final.jar (0.2/1.8 MB)Progress (3): quarkus-http-core-3.1.1.Final.jar (917/932 kB) | snakeyaml-1.28.jar (270/327 kB) | quarkus-vertx-http-deployment-1.13.7.Final.jar (0.2/1.8 MB)Progress (3): quarkus-http-core-3.1.1.Final.jar (917/932 kB) | snakeyaml-1.28.jar (270/327 kB) | quarkus-vertx-http-deployment-1.13.7.Final.jar (0.3/1.8 MB)Progress (3): quarkus-http-core-3.1.1.Final.jar (917/932 kB) | snakeyaml-1.28.jar (274/327 kB) | quarkus-vertx-http-deployment-1.13.7.Final.jar (0.3/1.8 MB)Progress (3): quarkus-http-core-3.1.1.Final.jar (925/932 kB) | snakeyaml-1.28.jar (274/327 kB) | quarkus-vertx-http-deployment-1.13.7.Final.jar (0.3/1.8 MB)Progress (3): quarkus-http-core-3.1.1.Final.jar (925/932 kB) | snakeyaml-1.28.jar (274/327 kB) | quarkus-vertx-http-deployment-1.13.7.Final.jar (0.3/1.8 MB)Progress (3): quarkus-http-core-3.1.1.Final.jar (932 kB) | snakeyaml-1.28.jar (274/327 kB) | quarkus-vertx-http-deployment-1.13.7.Final.jar (0.3/1.8 MB)    Progress (3): quarkus-http-core-3.1.1.Final.jar (932 kB) | snakeyaml-1.28.jar (278/327 kB) | quarkus-vertx-http-deployment-1.13.7.Final.jar (0.3/1.8 MB)Progress (3): quarkus-http-core-3.1.1.Final.jar (932 kB) | snakeyaml-1.28.jar (278/327 kB) | quarkus-vertx-http-deployment-1.13.7.Final.jar (0.3/1.8 MB)Progress (3): quarkus-http-core-3.1.1.Final.jar (932 kB) | snakeyaml-1.28.jar (282/327 kB) | quarkus-vertx-http-deployment-1.13.7.Final.jar (0.3/1.8 MB)Progress (3): quarkus-http-core-3.1.1.Final.jar (932 kB) | snakeyaml-1.28.jar (286/327 kB) | quarkus-vertx-http-deployment-1.13.7.Final.jar (0.3/1.8 MB)Progress (3): quarkus-http-core-3.1.1.Final.jar (932 kB) | snakeyaml-1.28.jar (286/327 kB) | quarkus-vertx-http-deployment-1.13.7.Final.jar (0.3/1.8 MB)Progress (3): quarkus-http-core-3.1.1.Final.jar (932 kB) | snakeyaml-1.28.jar (290/327 kB) | quarkus-vertx-http-deployment-1.13.7.Final.jar (0.3/1.8 MB)Progress (3): quarkus-http-core-3.1.1.Final.jar (932 kB) | snakeyaml-1.28.jar (294/327 kB) | quarkus-vertx-http-deployment-1.13.7.Final.jar (0.3/1.8 MB)Progress (3): quarkus-http-core-3.1.1.Final.jar (932 kB) | snakeyaml-1.28.jar (294/327 kB) | quarkus-vertx-http-deployment-1.13.7.Final.jar (0.3/1.8 MB)Progress (3): quarkus-http-core-3.1.1.Final.jar (932 kB) | snakeyaml-1.28.jar (299/327 kB) | quarkus-vertx-http-deployment-1.13.7.Final.jar (0.3/1.8 MB)Progress (3): quarkus-http-core-3.1.1.Final.jar (932 kB) | snakeyaml-1.28.jar (303/327 kB) | quarkus-vertx-http-deployment-1.13.7.Final.jar (0.3/1.8 MB)Progress (3): quarkus-http-core-3.1.1.Final.jar (932 kB) | snakeyaml-1.28.jar (303/327 kB) | quarkus-vertx-http-deployment-1.13.7.Final.jar (0.3/1.8 MB)Progress (3): quarkus-http-core-3.1.1.Final.jar (932 kB) | snakeyaml-1.28.jar (307/327 kB) | quarkus-vertx-http-deployment-1.13.7.Final.jar (0.3/1.8 MB)Progress (3): quarkus-http-core-3.1.1.Final.jar (932 kB) | snakeyaml-1.28.jar (311/327 kB) | quarkus-vertx-http-deployment-1.13.7.Final.jar (0.3/1.8 MB)Progress (3): quarkus-http-core-3.1.1.Final.jar (932 kB) | snakeyaml-1.28.jar (315/327 kB) | quarkus-vertx-http-deployment-1.13.7.Final.jar (0.3/1.8 MB)Progress (3): quarkus-http-core-3.1.1.Final.jar (932 kB) | snakeyaml-1.28.jar (315/327 kB) | quarkus-vertx-http-deployment-1.13.7.Final.jar (0.3/1.8 MB)Progress (3): quarkus-http-core-3.1.1.Final.jar (932 kB) | snakeyaml-1.28.jar (319/327 kB) | quarkus-vertx-http-deployment-1.13.7.Final.jar (0.3/1.8 MB)Progress (3): quarkus-http-core-3.1.1.Final.jar (932 kB) | snakeyaml-1.28.jar (323/327 kB) | quarkus-vertx-http-deployment-1.13.7.Final.jar (0.3/1.8 MB)Progress (3): quarkus-http-core-3.1.1.Final.jar (932 kB) | snakeyaml-1.28.jar (323/327 kB) | quarkus-vertx-http-deployment-1.13.7.Final.jar (0.3/1.8 MB)Progress (3): quarkus-http-core-3.1.1.Final.jar (932 kB) | snakeyaml-1.28.jar (327 kB) | quarkus-vertx-http-deployment-1.13.7.Final.jar (0.3/1.8 MB)    Progress (3): quarkus-http-core-3.1.1.Final.jar (932 kB) | snakeyaml-1.28.jar (327 kB) | quarkus-vertx-http-deployment-1.13.7.Final.jar (0.3/1.8 MB)Progress (3): quarkus-http-core-3.1.1.Final.jar (932 kB) | snakeyaml-1.28.jar (327 kB) | quarkus-vertx-http-deployment-1.13.7.Final.jar (0.3/1.8 MB)Progress (3): quarkus-http-core-3.1.1.Final.jar (932 kB) | snakeyaml-1.28.jar (327 kB) | quarkus-vertx-http-deployment-1.13.7.Final.jar (0.3/1.8 MB)Progress (3): quarkus-http-core-3.1.1.Final.jar (932 kB) | snakeyaml-1.28.jar (327 kB) | quarkus-vertx-http-deployment-1.13.7.Final.jar (0.3/1.8 MB)Progress (3): quarkus-http-core-3.1.1.Final.jar (932 kB) | snakeyaml-1.28.jar (327 kB) | quarkus-vertx-http-deployment-1.13.7.Final.jar (0.4/1.8 MB)Progress (3): quarkus-http-core-3.1.1.Final.jar (932 kB) | snakeyaml-1.28.jar (327 kB) | quarkus-vertx-http-deployment-1.13.7.Final.jar (0.4/1.8 MB)Progress (3): quarkus-http-core-3.1.1.Final.jar (932 kB) | snakeyaml-1.28.jar (327 kB) | quarkus-vertx-http-deployment-1.13.7.Final.jar (0.4/1.8 MB)Progress (3): quarkus-http-core-3.1.1.Final.jar (932 kB) | snakeyaml-1.28.jar (327 kB) | quarkus-vertx-http-deployment-1.13.7.Final.jar (0.4/1.8 MB)                                                                                                                                                    Downloaded from central: https://repo.maven.apache.org/maven2/org/yaml/snakeyaml/1.28/snakeyaml-1.28.jar (327 kB at 340 kB/s)
Downloaded from central: https://repo.maven.apache.org/maven2/io/quarkus/http/quarkus-http-core/3.1.1.Final/quarkus-http-core-3.1.1.Final.jar (932 kB at 964 kB/s)
Progress (1): quarkus-vertx-http-deployment-1.13.7.Final.jar (0.4/1.8 MB)Progress (1): quarkus-vertx-http-deployment-1.13.7.Final.jar (0.4/1.8 MB)Progress (1): quarkus-vertx-http-deployment-1.13.7.Final.jar (0.4/1.8 MB)Progress (1): quarkus-vertx-http-deployment-1.13.7.Final.jar (0.4/1.8 MB)Progress (1): quarkus-vertx-http-deployment-1.13.7.Final.jar (0.4/1.8 MB)Progress (1): quarkus-vertx-http-deployment-1.13.7.Final.jar (0.4/1.8 MB)Progress (1): quarkus-vertx-http-deployment-1.13.7.Final.jar (0.4/1.8 MB)Progress (1): quarkus-vertx-http-deployment-1.13.7.Final.jar (0.4/1.8 MB)Progress (1): quarkus-vertx-http-deployment-1.13.7.Final.jar (0.5/1.8 MB)Progress (1): quarkus-vertx-http-deployment-1.13.7.Final.jar (0.5/1.8 MB)Progress (1): quarkus-vertx-http-deployment-1.13.7.Final.jar (0.5/1.8 MB)Progress (1): quarkus-vertx-http-deployment-1.13.7.Final.jar (0.5/1.8 MB)Progress (1): quarkus-vertx-http-deployment-1.13.7.Final.jar (0.5/1.8 MB)Progress (1): quarkus-vertx-http-deployment-1.13.7.Final.jar (0.5/1.8 MB)Progress (1): quarkus-vertx-http-deployment-1.13.7.Final.jar (0.5/1.8 MB)Progress (1): quarkus-vertx-http-deployment-1.13.7.Final.jar (0.5/1.8 MB)Progress (1): quarkus-vertx-http-deployment-1.13.7.Final.jar (0.5/1.8 MB)Progress (1): quarkus-vertx-http-deployment-1.13.7.Final.jar (0.5/1.8 MB)Progress (1): quarkus-vertx-http-deployment-1.13.7.Final.jar (0.5/1.8 MB)Progress (1): quarkus-vertx-http-deployment-1.13.7.Final.jar (0.5/1.8 MB)Progress (1): quarkus-vertx-http-deployment-1.13.7.Final.jar (0.5/1.8 MB)Progress (1): quarkus-vertx-http-deployment-1.13.7.Final.jar (0.6/1.8 MB)Progress (1): quarkus-vertx-http-deployment-1.13.7.Final.jar (0.6/1.8 MB)Progress (1): quarkus-vertx-http-deployment-1.13.7.Final.jar (0.6/1.8 MB)Progress (1): quarkus-vertx-http-deployment-1.13.7.Final.jar (0.6/1.8 MB)Progress (1): quarkus-vertx-http-deployment-1.13.7.Final.jar (0.6/1.8 MB)Progress (1): quarkus-vertx-http-deployment-1.13.7.Final.jar (0.6/1.8 MB)Progress (1): quarkus-vertx-http-deployment-1.13.7.Final.jar (0.6/1.8 MB)Progress (1): quarkus-vertx-http-deployment-1.13.7.Final.jar (0.6/1.8 MB)Progress (1): quarkus-vertx-http-deployment-1.13.7.Final.jar (0.6/1.8 MB)Progress (1): quarkus-vertx-http-deployment-1.13.7.Final.jar (0.6/1.8 MB)Progress (1): quarkus-vertx-http-deployment-1.13.7.Final.jar (0.6/1.8 MB)Progress (1): quarkus-vertx-http-deployment-1.13.7.Final.jar (0.6/1.8 MB)Progress (1): quarkus-vertx-http-deployment-1.13.7.Final.jar (0.7/1.8 MB)Progress (1): quarkus-vertx-http-deployment-1.13.7.Final.jar (0.7/1.8 MB)Progress (1): quarkus-vertx-http-deployment-1.13.7.Final.jar (0.7/1.8 MB)Progress (1): quarkus-vertx-http-deployment-1.13.7.Final.jar (0.7/1.8 MB)Progress (1): quarkus-vertx-http-deployment-1.13.7.Final.jar (0.7/1.8 MB)Progress (1): quarkus-vertx-http-deployment-1.13.7.Final.jar (0.7/1.8 MB)Progress (1): quarkus-vertx-http-deployment-1.13.7.Final.jar (0.7/1.8 MB)Progress (1): quarkus-vertx-http-deployment-1.13.7.Final.jar (0.7/1.8 MB)Progress (1): quarkus-vertx-http-deployment-1.13.7.Final.jar (0.7/1.8 MB)Progress (1): quarkus-vertx-http-deployment-1.13.7.Final.jar (0.7/1.8 MB)Progress (1): quarkus-vertx-http-deployment-1.13.7.Final.jar (0.7/1.8 MB)Progress (1): quarkus-vertx-http-deployment-1.13.7.Final.jar (0.8/1.8 MB)Progress (1): quarkus-vertx-http-deployment-1.13.7.Final.jar (0.8/1.8 MB)Progress (1): quarkus-vertx-http-deployment-1.13.7.Final.jar (0.8/1.8 MB)Progress (1): quarkus-vertx-http-deployment-1.13.7.Final.jar (0.8/1.8 MB)Progress (1): quarkus-vertx-http-deployment-1.13.7.Final.jar (0.8/1.8 MB)Progress (1): quarkus-vertx-http-deployment-1.13.7.Final.jar (0.8/1.8 MB)Progress (1): quarkus-vertx-http-deployment-1.13.7.Final.jar (0.8/1.8 MB)Progress (1): quarkus-vertx-http-deployment-1.13.7.Final.jar (0.8/1.8 MB)Progress (1): quarkus-vertx-http-deployment-1.13.7.Final.jar (0.8/1.8 MB)Progress (1): quarkus-vertx-http-deployment-1.13.7.Final.jar (0.8/1.8 MB)Progress (1): quarkus-vertx-http-deployment-1.13.7.Final.jar (0.8/1.8 MB)Progress (1): quarkus-vertx-http-deployment-1.13.7.Final.jar (0.8/1.8 MB)Progress (1): quarkus-vertx-http-deployment-1.13.7.Final.jar (0.9/1.8 MB)Progress (1): quarkus-vertx-http-deployment-1.13.7.Final.jar (0.9/1.8 MB)Progress (1): quarkus-vertx-http-deployment-1.13.7.Final.jar (0.9/1.8 MB)Progress (1): quarkus-vertx-http-deployment-1.13.7.Final.jar (0.9/1.8 MB)Progress (1): quarkus-vertx-http-deployment-1.13.7.Final.jar (0.9/1.8 MB)Progress (1): quarkus-vertx-http-deployment-1.13.7.Final.jar (0.9/1.8 MB)Progress (1): quarkus-vertx-http-deployment-1.13.7.Final.jar (0.9/1.8 MB)Progress (1): quarkus-vertx-http-deployment-1.13.7.Final.jar (0.9/1.8 MB)Progress (1): quarkus-vertx-http-deployment-1.13.7.Final.jar (0.9/1.8 MB)Progress (1): quarkus-vertx-http-deployment-1.13.7.Final.jar (0.9/1.8 MB)Progress (1): quarkus-vertx-http-deployment-1.13.7.Final.jar (0.9/1.8 MB)Progress (1): quarkus-vertx-http-deployment-1.13.7.Final.jar (0.9/1.8 MB)Progress (1): quarkus-vertx-http-deployment-1.13.7.Final.jar (0.9/1.8 MB)Progress (1): quarkus-vertx-http-deployment-1.13.7.Final.jar (1.0/1.8 MB)Progress (1): quarkus-vertx-http-deployment-1.13.7.Final.jar (1.0/1.8 MB)Progress (1): quarkus-vertx-http-deployment-1.13.7.Final.jar (1.0/1.8 MB)Progress (1): quarkus-vertx-http-deployment-1.13.7.Final.jar (1.0/1.8 MB)Progress (1): quarkus-vertx-http-deployment-1.13.7.Final.jar (1.0/1.8 MB)Progress (1): quarkus-vertx-http-deployment-1.13.7.Final.jar (1.0/1.8 MB)Progress (1): quarkus-vertx-http-deployment-1.13.7.Final.jar (1.0/1.8 MB)Progress (1): quarkus-vertx-http-deployment-1.13.7.Final.jar (1.0/1.8 MB)Progress (1): quarkus-vertx-http-deployment-1.13.7.Final.jar (1.0/1.8 MB)Progress (1): quarkus-vertx-http-deployment-1.13.7.Final.jar (1.0/1.8 MB)Progress (1): quarkus-vertx-http-deployment-1.13.7.Final.jar (1.0/1.8 MB)Progress (1): quarkus-vertx-http-deployment-1.13.7.Final.jar (1.0/1.8 MB)Progress (1): quarkus-vertx-http-deployment-1.13.7.Final.jar (1.1/1.8 MB)Progress (1): quarkus-vertx-http-deployment-1.13.7.Final.jar (1.1/1.8 MB)Progress (1): quarkus-vertx-http-deployment-1.13.7.Final.jar (1.1/1.8 MB)Progress (1): quarkus-vertx-http-deployment-1.13.7.Final.jar (1.1/1.8 MB)Progress (1): quarkus-vertx-http-deployment-1.13.7.Final.jar (1.1/1.8 MB)Progress (1): quarkus-vertx-http-deployment-1.13.7.Final.jar (1.1/1.8 MB)Progress (1): quarkus-vertx-http-deployment-1.13.7.Final.jar (1.1/1.8 MB)Progress (1): quarkus-vertx-http-deployment-1.13.7.Final.jar (1.1/1.8 MB)Progress (1): quarkus-vertx-http-deployment-1.13.7.Final.jar (1.1/1.8 MB)Progress (1): quarkus-vertx-http-deployment-1.13.7.Final.jar (1.1/1.8 MB)Progress (1): quarkus-vertx-http-deployment-1.13.7.Final.jar (1.1/1.8 MB)Progress (1): quarkus-vertx-http-deployment-1.13.7.Final.jar (1.1/1.8 MB)Progress (1): quarkus-vertx-http-deployment-1.13.7.Final.jar (1.2/1.8 MB)Progress (1): quarkus-vertx-http-deployment-1.13.7.Final.jar (1.2/1.8 MB)Progress (1): quarkus-vertx-http-deployment-1.13.7.Final.jar (1.2/1.8 MB)Progress (1): quarkus-vertx-http-deployment-1.13.7.Final.jar (1.2/1.8 MB)Progress (1): quarkus-vertx-http-deployment-1.13.7.Final.jar (1.2/1.8 MB)Progress (1): quarkus-vertx-http-deployment-1.13.7.Final.jar (1.2/1.8 MB)Progress (1): quarkus-vertx-http-deployment-1.13.7.Final.jar (1.2/1.8 MB)Progress (1): quarkus-vertx-http-deployment-1.13.7.Final.jar (1.2/1.8 MB)Progress (1): quarkus-vertx-http-deployment-1.13.7.Final.jar (1.2/1.8 MB)Progress (1): quarkus-vertx-http-deployment-1.13.7.Final.jar (1.2/1.8 MB)Progress (1): quarkus-vertx-http-deployment-1.13.7.Final.jar (1.2/1.8 MB)Progress (1): quarkus-vertx-http-deployment-1.13.7.Final.jar (1.2/1.8 MB)Progress (1): quarkus-vertx-http-deployment-1.13.7.Final.jar (1.3/1.8 MB)Progress (1): quarkus-vertx-http-deployment-1.13.7.Final.jar (1.3/1.8 MB)Progress (1): quarkus-vertx-http-deployment-1.13.7.Final.jar (1.3/1.8 MB)Progress (1): quarkus-vertx-http-deployment-1.13.7.Final.jar (1.3/1.8 MB)Progress (1): quarkus-vertx-http-deployment-1.13.7.Final.jar (1.3/1.8 MB)Progress (1): quarkus-vertx-http-deployment-1.13.7.Final.jar (1.3/1.8 MB)Progress (1): quarkus-vertx-http-deployment-1.13.7.Final.jar (1.3/1.8 MB)Progress (1): quarkus-vertx-http-deployment-1.13.7.Final.jar (1.3/1.8 MB)Progress (1): quarkus-vertx-http-deployment-1.13.7.Final.jar (1.3/1.8 MB)Progress (1): quarkus-vertx-http-deployment-1.13.7.Final.jar (1.3/1.8 MB)Progress (1): quarkus-vertx-http-deployment-1.13.7.Final.jar (1.3/1.8 MB)Progress (1): quarkus-vertx-http-deployment-1.13.7.Final.jar (1.3/1.8 MB)Progress (1): quarkus-vertx-http-deployment-1.13.7.Final.jar (1.4/1.8 MB)Progress (1): quarkus-vertx-http-deployment-1.13.7.Final.jar (1.4/1.8 MB)Progress (1): quarkus-vertx-http-deployment-1.13.7.Final.jar (1.4/1.8 MB)Progress (1): quarkus-vertx-http-deployment-1.13.7.Final.jar (1.4/1.8 MB)Progress (1): quarkus-vertx-http-deployment-1.13.7.Final.jar (1.4/1.8 MB)Progress (1): quarkus-vertx-http-deployment-1.13.7.Final.jar (1.4/1.8 MB)Progress (1): quarkus-vertx-http-deployment-1.13.7.Final.jar (1.4/1.8 MB)Progress (1): quarkus-vertx-http-deployment-1.13.7.Final.jar (1.4/1.8 MB)Progress (1): quarkus-vertx-http-deployment-1.13.7.Final.jar (1.4/1.8 MB)Progress (1): quarkus-vertx-http-deployment-1.13.7.Final.jar (1.4/1.8 MB)Progress (1): quarkus-vertx-http-deployment-1.13.7.Final.jar (1.4/1.8 MB)Progress (1): quarkus-vertx-http-deployment-1.13.7.Final.jar (1.4/1.8 MB)Progress (1): quarkus-vertx-http-deployment-1.13.7.Final.jar (1.4/1.8 MB)Progress (1): quarkus-vertx-http-deployment-1.13.7.Final.jar (1.5/1.8 MB)Progress (1): quarkus-vertx-http-deployment-1.13.7.Final.jar (1.5/1.8 MB)Progress (1): quarkus-vertx-http-deployment-1.13.7.Final.jar (1.5/1.8 MB)Progress (1): quarkus-vertx-http-deployment-1.13.7.Final.jar (1.5/1.8 MB)Progress (1): quarkus-vertx-http-deployment-1.13.7.Final.jar (1.5/1.8 MB)Progress (1): quarkus-vertx-http-deployment-1.13.7.Final.jar (1.5/1.8 MB)Progress (1): quarkus-vertx-http-deployment-1.13.7.Final.jar (1.5/1.8 MB)Progress (1): quarkus-vertx-http-deployment-1.13.7.Final.jar (1.5/1.8 MB)Progress (1): quarkus-vertx-http-deployment-1.13.7.Final.jar (1.5/1.8 MB)Progress (1): quarkus-vertx-http-deployment-1.13.7.Final.jar (1.5/1.8 MB)Progress (1): quarkus-vertx-http-deployment-1.13.7.Final.jar (1.5/1.8 MB)Progress (1): quarkus-vertx-http-deployment-1.13.7.Final.jar (1.5/1.8 MB)Progress (1): quarkus-vertx-http-deployment-1.13.7.Final.jar (1.6/1.8 MB)Progress (1): quarkus-vertx-http-deployment-1.13.7.Final.jar (1.6/1.8 MB)Progress (1): quarkus-vertx-http-deployment-1.13.7.Final.jar (1.6/1.8 MB)Progress (1): quarkus-vertx-http-deployment-1.13.7.Final.jar (1.6/1.8 MB)Progress (1): quarkus-vertx-http-deployment-1.13.7.Final.jar (1.6/1.8 MB)Progress (1): quarkus-vertx-http-deployment-1.13.7.Final.jar (1.6/1.8 MB)Progress (1): quarkus-vertx-http-deployment-1.13.7.Final.jar (1.6/1.8 MB)Progress (1): quarkus-vertx-http-deployment-1.13.7.Final.jar (1.6/1.8 MB)Progress (1): quarkus-vertx-http-deployment-1.13.7.Final.jar (1.6/1.8 MB)Progress (1): quarkus-vertx-http-deployment-1.13.7.Final.jar (1.6/1.8 MB)Progress (1): quarkus-vertx-http-deployment-1.13.7.Final.jar (1.6/1.8 MB)Progress (1): quarkus-vertx-http-deployment-1.13.7.Final.jar (1.6/1.8 MB)Progress (1): quarkus-vertx-http-deployment-1.13.7.Final.jar (1.7/1.8 MB)Progress (1): quarkus-vertx-http-deployment-1.13.7.Final.jar (1.7/1.8 MB)Progress (1): quarkus-vertx-http-deployment-1.13.7.Final.jar (1.7/1.8 MB)Progress (1): quarkus-vertx-http-deployment-1.13.7.Final.jar (1.7/1.8 MB)Progress (1): quarkus-vertx-http-deployment-1.13.7.Final.jar (1.7/1.8 MB)Progress (1): quarkus-vertx-http-deployment-1.13.7.Final.jar (1.7/1.8 MB)Progress (1): quarkus-vertx-http-deployment-1.13.7.Final.jar (1.7/1.8 MB)Progress (1): quarkus-vertx-http-deployment-1.13.7.Final.jar (1.7/1.8 MB)Progress (1): quarkus-vertx-http-deployment-1.13.7.Final.jar (1.7/1.8 MB)Progress (1): quarkus-vertx-http-deployment-1.13.7.Final.jar (1.7/1.8 MB)Progress (1): quarkus-vertx-http-deployment-1.13.7.Final.jar (1.7/1.8 MB)Progress (1): quarkus-vertx-http-deployment-1.13.7.Final.jar (1.7/1.8 MB)Progress (1): quarkus-vertx-http-deployment-1.13.7.Final.jar (1.8/1.8 MB)Progress (1): quarkus-vertx-http-deployment-1.13.7.Final.jar (1.8/1.8 MB)Progress (1): quarkus-vertx-http-deployment-1.13.7.Final.jar (1.8/1.8 MB)Progress (1): quarkus-vertx-http-deployment-1.13.7.Final.jar (1.8 MB)                                                                         Downloaded from central: https://repo.maven.apache.org/maven2/io/quarkus/quarkus-vertx-http-deployment/1.13.7.Final/quarkus-vertx-http-deployment-1.13.7.Final.jar (1.8 MB at 1.5 MB/s)
Downloading from central: https://repo.maven.apache.org/maven2/io/quarkus/quarkus-bom-quarkus-platform-properties/1.13.7.Final/quarkus-bom-quarkus-platform-properties-1.13.7.Final.properties
Progress (1): quarkus-bom-quarkus-platform-properties-1.13.7.Final.properties (90 B)                                                                                    Downloaded from central: https://repo.maven.apache.org/maven2/io/quarkus/quarkus-bom-quarkus-platform-properties/1.13.7.Final/quarkus-bom-quarkus-platform-properties-1.13.7.Final.properties (90 B at 2.2 kB/s)
2022-03-23 15:39:28,467 INFO  [io.quarkus] (main) Quarkus 1.13.7.Final on JVM started in 1.717s. Listening on: http://localhost:8081
2022-03-23 15:39:28,469 INFO  [io.quarkus] (main) Profile test activated. 
2022-03-23 15:39:28,469 INFO  [io.quarkus] (main) Installed features: [cdi, resteasy]
]]></system-out>
    <system-err><![CDATA[LogManager error of type WRITE_FAILURE: The delayed handler's queue was overrun and log record(s) were lost. Did you forget to configure logging?
]]></system-err>
  </testcase>
  <testcase name="testGreetingEndpoint" classname="org.acme.getting.started.GreetingResourceTest" time="0.029"/>
</testsuite>